<?xml version="1.0" encoding="UTF-8"?>
<coverage generated="1596457184468" clover="3.2.0">
  <project timestamp="1596457184468" name="All files">
    <metrics statements="336" coveredstatements="300" conditionals="159" coveredconditionals="103" methods="109" coveredmethods="101" elements="604" coveredelements="504" complexity="0" loc="336" ncloc="336" packages="10" files="10" classes="10"/>
    <package name="Controller">
      <metrics statements="33" coveredstatements="28" conditionals="16" coveredconditionals="11" methods="15" coveredmethods="14"/>
      <file name="Controller.ts" path="H:\Slider\src\plugin\components\Controller\Controller.ts">
        <metrics statements="33" coveredstatements="28" conditionals="16" coveredconditionals="11" methods="15" coveredmethods="14"/>
        <line num="15" count="1" type="stmt"/>
        <line num="16" count="1" type="stmt"/>
        <line num="20" count="1" type="stmt"/>
        <line num="21" count="27" type="cond" truecount="2" falsecount="0"/>
        <line num="23" count="9" type="stmt"/>
        <line num="24" count="9" type="stmt"/>
        <line num="26" count="18" type="stmt"/>
        <line num="32" count="2" type="stmt"/>
        <line num="36" count="2" type="stmt"/>
        <line num="40" count="2" type="stmt"/>
        <line num="44" count="2" type="stmt"/>
        <line num="48" count="3" type="stmt"/>
        <line num="52" count="2" type="stmt"/>
        <line num="56" count="1" type="stmt"/>
        <line num="60" count="1" type="stmt"/>
        <line num="64" count="1" type="stmt"/>
        <line num="65" count="0" type="cond" truecount="0" falsecount="4"/>
        <line num="69" count="0" type="stmt"/>
        <line num="70" count="0" type="stmt"/>
        <line num="72" count="0" type="stmt"/>
        <line num="78" count="1" type="stmt"/>
        <line num="79" count="27" type="cond" truecount="9" falsecount="1"/>
        <line num="82" count="16" type="stmt"/>
        <line num="83" count="16" type="stmt"/>
        <line num="84" count="16" type="stmt"/>
        <line num="90" count="7" type="stmt"/>
        <line num="91" count="7" type="stmt"/>
        <line num="92" count="7" type="stmt"/>
        <line num="94" count="2" type="stmt"/>
        <line num="95" count="2" type="stmt"/>
        <line num="97" count="2" type="stmt"/>
        <line num="98" count="2" type="stmt"/>
        <line num="100" count="0" type="stmt"/>
      </file>
    </package>
    <package name="Model">
      <metrics statements="87" coveredstatements="79" conditionals="42" coveredconditionals="30" methods="19" coveredmethods="19"/>
      <file name="Model.ts" path="H:\Slider\src\plugin\components\Model\Model.ts">
        <metrics statements="87" coveredstatements="79" conditionals="42" coveredconditionals="30" methods="19" coveredmethods="19"/>
        <line num="34" count="15" type="stmt"/>
        <line num="35" count="15" type="stmt"/>
        <line num="39" count="18" type="cond" truecount="3" falsecount="1"/>
        <line num="40" count="18" type="stmt"/>
        <line num="42" count="18" type="stmt"/>
        <line num="44" count="0" type="stmt"/>
        <line num="49" count="19" type="cond" truecount="4" falsecount="0"/>
        <line num="50" count="18" type="stmt"/>
        <line num="52" count="18" type="stmt"/>
        <line num="54" count="1" type="stmt"/>
        <line num="59" count="3" type="stmt"/>
        <line num="61" count="3" type="stmt"/>
        <line num="65" count="3" type="stmt"/>
        <line num="67" count="3" type="stmt"/>
        <line num="71" count="233" type="stmt"/>
        <line num="84" count="233" type="stmt"/>
        <line num="88" count="1" type="stmt"/>
        <line num="92" count="76" type="stmt"/>
        <line num="93" count="76" type="stmt"/>
        <line num="95" count="76" type="stmt"/>
        <line num="96" count="6524" type="stmt"/>
        <line num="97" count="6524" type="stmt"/>
        <line num="100" count="76" type="cond" truecount="1" falsecount="1"/>
        <line num="101" count="76" type="stmt"/>
        <line num="102" count="76" type="stmt"/>
        <line num="105" count="76" type="stmt"/>
        <line num="107" count="76" type="stmt"/>
        <line num="111" count="7" type="stmt"/>
        <line num="112" count="7" type="stmt"/>
        <line num="115" count="7" type="stmt"/>
        <line num="122" count="7" type="stmt"/>
        <line num="126" count="10" type="stmt"/>
        <line num="127" count="10" type="stmt"/>
        <line num="129" count="10" type="cond" truecount="2" falsecount="0"/>
        <line num="131" count="10" type="cond" truecount="1" falsecount="1"/>
        <line num="132" count="10" type="stmt"/>
        <line num="144" count="20" type="stmt"/>
        <line num="145" count="20" type="stmt"/>
        <line num="147" count="20" type="cond" truecount="4" falsecount="0"/>
        <line num="148" count="18" type="stmt"/>
        <line num="150" count="18" type="stmt"/>
        <line num="152" count="18" type="stmt"/>
        <line num="154" count="2" type="stmt"/>
        <line num="159" count="18" type="cond" truecount="2" falsecount="0"/>
        <line num="160" count="17" type="stmt"/>
        <line num="161" count="17" type="stmt"/>
        <line num="163" count="17" type="stmt"/>
        <line num="165" count="1" type="stmt"/>
        <line num="170" count="18" type="cond" truecount="1" falsecount="1"/>
        <line num="171" count="18" type="stmt"/>
        <line num="173" count="18" type="stmt"/>
        <line num="175" count="18" type="stmt"/>
        <line num="177" count="0" type="stmt"/>
        <line num="182" count="15" type="stmt"/>
        <line num="183" count="15" type="stmt"/>
        <line num="184" count="15" type="stmt"/>
        <line num="185" count="15" type="stmt"/>
        <line num="186" count="15" type="stmt"/>
        <line num="190" count="15" type="stmt"/>
        <line num="191" count="15" type="stmt"/>
        <line num="192" count="15" type="stmt"/>
        <line num="193" count="15" type="stmt"/>
        <line num="194" count="15" type="stmt"/>
        <line num="195" count="15" type="stmt"/>
        <line num="196" count="15" type="stmt"/>
        <line num="197" count="15" type="stmt"/>
        <line num="198" count="15" type="stmt"/>
        <line num="199" count="15" type="stmt"/>
        <line num="206" count="2" type="stmt"/>
        <line num="208" count="2" type="stmt"/>
        <line num="210" count="2" type="cond" truecount="3" falsecount="1"/>
        <line num="211" count="0" type="stmt"/>
        <line num="212" count="0" type="cond" truecount="0" falsecount="2"/>
        <line num="217" count="2" type="cond" truecount="2" falsecount="2"/>
        <line num="218" count="0" type="stmt"/>
        <line num="220" count="0" type="cond" truecount="0" falsecount="2"/>
        <line num="223" count="0" type="stmt"/>
        <line num="226" count="2" type="cond" truecount="1" falsecount="1"/>
        <line num="227" count="0" type="stmt"/>
        <line num="230" count="2" type="stmt"/>
        <line num="234" count="10" type="stmt"/>
        <line num="236" count="10" type="stmt"/>
        <line num="237" count="635" type="stmt"/>
        <line num="238" count="635" type="stmt"/>
        <line num="240" count="635" type="cond" truecount="2" falsecount="0"/>
        <line num="241" count="635" type="stmt"/>
        <line num="244" count="10" type="stmt"/>
      </file>
    </package>
    <package name="Observer">
      <metrics statements="3" coveredstatements="3" conditionals="0" coveredconditionals="0" methods="4" coveredmethods="4"/>
      <file name="Observer.ts" path="H:\Slider\src\plugin\components\Observer\Observer.ts">
        <metrics statements="3" coveredstatements="3" conditionals="0" coveredconditionals="0" methods="4" coveredmethods="4"/>
        <line num="5" count="101" type="stmt"/>
        <line num="9" count="77" type="stmt"/>
        <line num="13" count="120" type="stmt"/>
      </file>
    </package>
    <package name="View">
      <metrics statements="71" coveredstatements="58" conditionals="21" coveredconditionals="14" methods="25" coveredmethods="20"/>
      <file name="MainView.ts" path="H:\Slider\src\plugin\components\View\MainView.ts">
        <metrics statements="71" coveredstatements="58" conditionals="21" coveredconditionals="14" methods="25" coveredmethods="20"/>
        <line num="30" count="14" type="stmt"/>
        <line num="31" count="14" type="stmt"/>
        <line num="33" count="14" type="stmt"/>
        <line num="37" count="8" type="stmt"/>
        <line num="38" count="8" type="stmt"/>
        <line num="42" count="5" type="stmt"/>
        <line num="43" count="5" type="stmt"/>
        <line num="51" count="5" type="stmt"/>
        <line num="55" count="4" type="stmt"/>
        <line num="56" count="8" type="cond" truecount="2" falsecount="0"/>
        <line num="57" count="4" type="stmt"/>
        <line num="58" count="4" type="stmt"/>
        <line num="59" count="4" type="stmt"/>
        <line num="65" count="23" type="stmt"/>
        <line num="66" count="46" type="stmt"/>
        <line num="68" count="27" type="stmt"/>
        <line num="70" count="25" type="cond" truecount="2" falsecount="0"/>
        <line num="71" count="23" type="stmt"/>
        <line num="73" count="23" type="stmt"/>
        <line num="81" count="23" type="stmt"/>
        <line num="83" count="23" type="cond" truecount="1" falsecount="1"/>
        <line num="84" count="0" type="stmt"/>
        <line num="89" count="23" type="stmt"/>
        <line num="93" count="23" type="stmt"/>
        <line num="100" count="1" type="stmt"/>
        <line num="102" count="1" type="stmt"/>
        <line num="109" count="1" type="stmt"/>
        <line num="111" count="1" type="stmt"/>
        <line num="115" count="22" type="stmt"/>
        <line num="116" count="22" type="stmt"/>
        <line num="117" count="22" type="stmt"/>
        <line num="122" count="22" type="stmt"/>
        <line num="124" count="22" type="stmt"/>
        <line num="126" count="22" type="cond" truecount="2" falsecount="0"/>
        <line num="127" count="1" type="stmt"/>
        <line num="132" count="1" type="stmt"/>
        <line num="133" count="21" type="stmt"/>
        <line num="135" count="22" type="cond" truecount="1" falsecount="1"/>
        <line num="136" count="0" type="stmt"/>
        <line num="137" count="0" type="stmt"/>
        <line num="141" count="22" type="stmt"/>
        <line num="142" count="0" type="stmt"/>
        <line num="145" count="22" type="stmt"/>
        <line num="149" count="22" type="stmt"/>
        <line num="150" count="2" type="cond" truecount="1" falsecount="3"/>
        <line num="152" count="2" type="stmt"/>
        <line num="153" count="2" type="stmt"/>
        <line num="157" count="2" type="stmt"/>
        <line num="160" count="0" type="stmt"/>
        <line num="161" count="0" type="stmt"/>
        <line num="163" count="0" type="stmt"/>
        <line num="169" count="0" type="stmt"/>
        <line num="170" count="0" type="stmt"/>
        <line num="172" count="0" type="stmt"/>
        <line num="173" count="0" type="cond" truecount="0" falsecount="2"/>
        <line num="174" count="0" type="stmt"/>
        <line num="181" count="0" type="stmt"/>
        <line num="187" count="14" type="stmt"/>
        <line num="191" count="14" type="stmt"/>
        <line num="195" count="22" type="stmt"/>
        <line num="197" count="22" type="stmt"/>
        <line num="201" count="23" type="stmt"/>
        <line num="203" count="23" type="stmt"/>
        <line num="205" count="23" type="cond" truecount="2" falsecount="0"/>
        <line num="206" count="1" type="stmt"/>
        <line num="209" count="23" type="stmt"/>
        <line num="213" count="23" type="stmt"/>
        <line num="214" count="2" type="cond" truecount="3" falsecount="0"/>
        <line num="217" count="1" type="stmt"/>
        <line num="221" count="1" type="stmt"/>
        <line num="223" count="1" type="stmt"/>
      </file>
    </package>
    <package name="View.BreakpointsView">
      <metrics statements="33" coveredstatements="30" conditionals="8" coveredconditionals="6" methods="10" coveredmethods="9"/>
      <file name="BreakpointsView.ts" path="H:\Slider\src\plugin\components\View\BreakpointsView\BreakpointsView.ts">
        <metrics statements="33" coveredstatements="30" conditionals="8" coveredconditionals="6" methods="10" coveredmethods="9"/>
        <line num="13" count="24" type="stmt"/>
        <line num="14" count="24" type="stmt"/>
        <line num="16" count="24" type="stmt"/>
        <line num="20" count="2" type="stmt"/>
        <line num="22" count="2" type="stmt"/>
        <line num="24" count="2" type="cond" truecount="2" falsecount="0"/>
        <line num="25" count="2" type="stmt"/>
        <line num="26" count="2" type="stmt"/>
        <line num="27" count="2" type="stmt"/>
        <line num="29" count="2" type="stmt"/>
        <line num="30" count="24" type="stmt"/>
        <line num="32" count="24" type="cond" truecount="1" falsecount="1"/>
        <line num="36" count="24" type="stmt"/>
        <line num="39" count="2" type="stmt"/>
        <line num="40" count="26" type="stmt"/>
        <line num="41" count="25" type="stmt"/>
        <line num="43" count="25" type="stmt"/>
        <line num="52" count="2" type="cond" truecount="2" falsecount="0"/>
        <line num="53" count="1" type="stmt"/>
        <line num="54" count="11" type="stmt"/>
        <line num="55" count="11" type="stmt"/>
        <line num="56" count="11" type="stmt"/>
        <line num="62" count="6" type="stmt"/>
        <line num="63" count="25" type="stmt"/>
        <line num="74" count="2" type="stmt"/>
        <line num="75" count="2" type="cond" truecount="1" falsecount="1"/>
        <line num="76" count="2" type="stmt"/>
        <line num="78" count="2" type="stmt"/>
        <line num="79" count="114" type="stmt"/>
        <line num="81" count="114" type="stmt"/>
        <line num="89" count="0" type="stmt"/>
        <line num="91" count="0" type="stmt"/>
        <line num="93" count="0" type="stmt"/>
      </file>
    </package>
    <package name="View.HandlerView">
      <metrics statements="34" coveredstatements="33" conditionals="24" coveredconditionals="14" methods="12" coveredmethods="12"/>
      <file name="HandlerView.ts" path="H:\Slider\src\plugin\components\View\HandlerView\HandlerView.ts">
        <metrics statements="34" coveredstatements="33" conditionals="24" coveredconditionals="14" methods="12" coveredmethods="12"/>
        <line num="20" count="24" type="stmt"/>
        <line num="21" count="24" type="stmt"/>
        <line num="22" count="24" type="stmt"/>
        <line num="23" count="24" type="stmt"/>
        <line num="25" count="24" type="stmt"/>
        <line num="26" count="24" type="stmt"/>
        <line num="30" count="29" type="stmt"/>
        <line num="31" count="29" type="cond" truecount="2" falsecount="0"/>
        <line num="33" count="29" type="stmt"/>
        <line num="37" count="12" type="stmt"/>
        <line num="41" count="5" type="cond" truecount="1" falsecount="1"/>
        <line num="45" count="6" type="cond" truecount="2" falsecount="0"/>
        <line num="51" count="39" type="stmt"/>
        <line num="60" count="29" type="stmt"/>
        <line num="61" count="29" type="stmt"/>
        <line num="65" count="24" type="stmt"/>
        <line num="71" count="24" type="stmt"/>
        <line num="75" count="24" type="stmt"/>
        <line num="79" count="1" type="stmt"/>
        <line num="80" count="1" type="cond" truecount="1" falsecount="1"/>
        <line num="84" count="1" type="stmt"/>
        <line num="85" count="1" type="stmt"/>
        <line num="86" count="1" type="stmt"/>
        <line num="90" count="1" type="cond" truecount="1" falsecount="1"/>
        <line num="92" count="1" type="cond" truecount="3" falsecount="1"/>
        <line num="93" count="0" type="cond" truecount="0" falsecount="2"/>
        <line num="96" count="1" type="cond" truecount="1" falsecount="1"/>
        <line num="97" count="1" type="stmt"/>
        <line num="98" count="1" type="stmt"/>
        <line num="99" count="1" type="stmt"/>
        <line num="100" count="1" type="stmt"/>
        <line num="101" count="1" type="stmt"/>
        <line num="103" count="1" type="stmt"/>
        <line num="107" count="1" type="stmt"/>
      </file>
    </package>
    <package name="View.RangeView">
      <metrics statements="18" coveredstatements="18" conditionals="26" coveredconditionals="13" methods="4" coveredmethods="4"/>
      <file name="RangeView.ts" path="H:\Slider\src\plugin\components\View\RangeView\RangeView.ts">
        <metrics statements="18" coveredstatements="18" conditionals="26" coveredconditionals="13" methods="4" coveredmethods="4"/>
        <line num="19" count="2" type="stmt"/>
        <line num="20" count="2" type="stmt"/>
        <line num="21" count="2" type="stmt"/>
        <line num="22" count="2" type="stmt"/>
        <line num="23" count="2" type="stmt"/>
        <line num="25" count="2" type="stmt"/>
        <line num="29" count="3" type="stmt"/>
        <line num="30" count="3" type="cond" truecount="1" falsecount="1"/>
        <line num="34" count="3" type="stmt"/>
        <line num="39" count="3" type="stmt"/>
        <line num="43" count="2" type="stmt"/>
        <line num="45" count="2" type="stmt"/>
        <line num="46" count="2" type="cond" truecount="1" falsecount="1"/>
        <line num="48" count="2" type="cond" truecount="1" falsecount="1"/>
        <line num="51" count="2" type="cond" truecount="1" falsecount="1"/>
        <line num="55" count="2" type="stmt"/>
        <line num="69" count="2" type="stmt"/>
        <line num="73" count="2" type="stmt"/>
      </file>
    </package>
    <package name="View.SliderBodyView">
      <metrics statements="47" coveredstatements="43" conditionals="16" coveredconditionals="12" methods="16" coveredmethods="15"/>
      <file name="SliderBodyView.ts" path="H:\Slider\src\plugin\components\View\SliderBodyView\SliderBodyView.ts">
        <metrics statements="47" coveredstatements="43" conditionals="16" coveredconditionals="12" methods="16" coveredmethods="15"/>
        <line num="23" count="24" type="stmt"/>
        <line num="24" count="24" type="stmt"/>
        <line num="25" count="24" type="stmt"/>
        <line num="26" count="24" type="stmt"/>
        <line num="28" count="24" type="stmt"/>
        <line num="30" count="24" type="stmt"/>
        <line num="31" count="24" type="stmt"/>
        <line num="35" count="40" type="cond" truecount="2" falsecount="0"/>
        <line num="36" count="1" type="stmt"/>
        <line num="41" count="2" type="stmt"/>
        <line num="50" count="2" type="stmt"/>
        <line num="54" count="8" type="stmt"/>
        <line num="58" count="31" type="cond" truecount="2" falsecount="0"/>
        <line num="64" count="8" type="stmt"/>
        <line num="68" count="8" type="stmt"/>
        <line num="69" count="31" type="stmt"/>
        <line num="71" count="31" type="cond" truecount="2" falsecount="0"/>
        <line num="72" count="12" type="stmt"/>
        <line num="73" count="12" type="stmt"/>
        <line num="76" count="31" type="stmt"/>
        <line num="79" count="8" type="stmt"/>
        <line num="83" count="6" type="cond" truecount="2" falsecount="0"/>
        <line num="84" count="2" type="stmt"/>
        <line num="86" count="4" type="stmt"/>
        <line num="91" count="24" type="stmt"/>
        <line num="92" count="0" type="cond" truecount="0" falsecount="2"/>
        <line num="94" count="0" type="stmt"/>
        <line num="95" count="0" type="stmt"/>
        <line num="97" count="0" type="stmt"/>
        <line num="103" count="24" type="stmt"/>
        <line num="109" count="24" type="stmt"/>
        <line num="118" count="24" type="stmt"/>
        <line num="122" count="4" type="stmt"/>
        <line num="126" count="4" type="stmt"/>
        <line num="135" count="3" type="stmt"/>
        <line num="136" count="3" type="stmt"/>
        <line num="137" count="3" type="stmt"/>
        <line num="138" count="3" type="stmt"/>
        <line num="140" count="3" type="stmt"/>
        <line num="144" count="3" type="cond" truecount="1" falsecount="1"/>
        <line num="148" count="3" type="stmt"/>
        <line num="149" count="3" type="stmt"/>
        <line num="150" count="3" type="stmt"/>
        <line num="152" count="3" type="stmt"/>
        <line num="154" count="3" type="stmt"/>
        <line num="158" count="24" type="stmt"/>
        <line num="159" count="24" type="stmt"/>
      </file>
    </package>
    <package name="View.TooltipView">
      <metrics statements="10" coveredstatements="8" conditionals="6" coveredconditionals="3" methods="4" coveredmethods="4"/>
      <file name="TooltipView.ts" path="H:\Slider\src\plugin\components\View\TooltipView\TooltipView.ts">
        <metrics statements="10" coveredstatements="8" conditionals="6" coveredconditionals="3" methods="4" coveredmethods="4"/>
        <line num="9" count="14" type="stmt"/>
        <line num="13" count="19" type="stmt"/>
        <line num="15" count="19" type="cond" truecount="1" falsecount="1"/>
        <line num="16" count="19" type="cond" truecount="1" falsecount="1"/>
        <line num="17" count="0" type="stmt"/>
        <line num="18" count="0" type="stmt"/>
        <line num="20" count="19" type="stmt"/>
        <line num="26" count="7" type="stmt"/>
        <line num="32" count="7" type="stmt"/>
        <line num="36" count="5" type="stmt"/>
      </file>
    </package>
    <package name="types">
      <metrics statements="0" coveredstatements="0" conditionals="0" coveredconditionals="0" methods="0" coveredmethods="0"/>
      <file name="types.ts" path="H:\Slider\src\plugin\components\types\types.ts">
        <metrics statements="0" coveredstatements="0" conditionals="0" coveredconditionals="0" methods="0" coveredmethods="0"/>
      </file>
    </package>
  </project>
</coverage>
