<?xml version="1.0" encoding="UTF-8"?>
<coverage generated="1595232086273" clover="3.2.0">
  <project timestamp="1595232086273" name="All files">
    <metrics statements="295" coveredstatements="264" conditionals="116" coveredconditionals="83" methods="100" coveredmethods="91" elements="511" coveredelements="438" complexity="0" loc="295" ncloc="295" packages="9" files="9" classes="9"/>
    <package name="Controller">
      <metrics statements="31" coveredstatements="26" conditionals="15" coveredconditionals="10" methods="15" coveredmethods="12"/>
      <file name="Controller.ts" path="H:\Slider\src\plugin\components\Controller\Controller.ts">
        <metrics statements="31" coveredstatements="26" conditionals="15" coveredconditionals="10" methods="15" coveredmethods="12"/>
        <line num="15" count="1" type="stmt"/>
        <line num="16" count="1" type="stmt"/>
        <line num="20" count="1" type="stmt"/>
        <line num="21" count="9" type="cond" truecount="2" falsecount="0"/>
        <line num="23" count="5" type="stmt"/>
        <line num="24" count="5" type="stmt"/>
        <line num="26" count="4" type="stmt"/>
        <line num="32" count="1" type="stmt"/>
        <line num="36" count="1" type="stmt"/>
        <line num="40" count="1" type="stmt"/>
        <line num="44" count="1" type="stmt"/>
        <line num="48" count="1" type="stmt"/>
        <line num="52" count="0" type="stmt"/>
        <line num="56" count="0" type="stmt"/>
        <line num="60" count="0" type="stmt"/>
        <line num="64" count="1" type="stmt"/>
        <line num="65" count="4" type="cond" truecount="3" falsecount="1"/>
        <line num="69" count="4" type="stmt"/>
        <line num="70" count="4" type="stmt"/>
        <line num="72" count="0" type="stmt"/>
        <line num="78" count="1" type="stmt"/>
        <line num="79" count="9" type="cond" truecount="5" falsecount="4"/>
        <line num="81" count="5" type="stmt"/>
        <line num="82" count="5" type="stmt"/>
        <line num="88" count="2" type="stmt"/>
        <line num="89" count="2" type="stmt"/>
        <line num="91" count="1" type="stmt"/>
        <line num="92" count="1" type="stmt"/>
        <line num="94" count="1" type="stmt"/>
        <line num="95" count="1" type="stmt"/>
        <line num="97" count="0" type="stmt"/>
      </file>
    </package>
    <package name="Model">
      <metrics statements="79" coveredstatements="71" conditionals="34" coveredconditionals="27" methods="18" coveredmethods="18"/>
      <file name="Model.ts" path="H:\Slider\src\plugin\components\Model\Model.ts">
        <metrics statements="79" coveredstatements="71" conditionals="34" coveredconditionals="27" methods="18" coveredmethods="18"/>
        <line num="33" count="15" type="stmt"/>
        <line num="34" count="15" type="stmt"/>
        <line num="38" count="17" type="cond" truecount="3" falsecount="1"/>
        <line num="39" count="17" type="stmt"/>
        <line num="40" count="17" type="stmt"/>
        <line num="42" count="0" type="stmt"/>
        <line num="47" count="17" type="cond" truecount="3" falsecount="1"/>
        <line num="48" count="17" type="stmt"/>
        <line num="50" count="17" type="stmt"/>
        <line num="52" count="0" type="stmt"/>
        <line num="57" count="2" type="stmt"/>
        <line num="59" count="2" type="stmt"/>
        <line num="63" count="2" type="stmt"/>
        <line num="65" count="2" type="stmt"/>
        <line num="69" count="181" type="stmt"/>
        <line num="71" count="181" type="stmt"/>
        <line num="75" count="1" type="stmt"/>
        <line num="79" count="66" type="stmt"/>
        <line num="80" count="66" type="stmt"/>
        <line num="82" count="66" type="stmt"/>
        <line num="83" count="6056" type="stmt"/>
        <line num="84" count="6056" type="stmt"/>
        <line num="87" count="66" type="stmt"/>
        <line num="89" count="66" type="stmt"/>
        <line num="93" count="6" type="stmt"/>
        <line num="95" count="6" type="stmt"/>
        <line num="97" count="6" type="cond" truecount="1" falsecount="1"/>
        <line num="98" count="6" type="stmt"/>
        <line num="110" count="18" type="stmt"/>
        <line num="111" count="18" type="stmt"/>
        <line num="113" count="18" type="cond" truecount="4" falsecount="0"/>
        <line num="114" count="17" type="stmt"/>
        <line num="116" count="17" type="stmt"/>
        <line num="118" count="17" type="stmt"/>
        <line num="120" count="1" type="stmt"/>
        <line num="125" count="17" type="cond" truecount="2" falsecount="0"/>
        <line num="126" count="16" type="stmt"/>
        <line num="127" count="16" type="stmt"/>
        <line num="129" count="16" type="stmt"/>
        <line num="131" count="1" type="stmt"/>
        <line num="136" count="17" type="cond" truecount="1" falsecount="1"/>
        <line num="137" count="17" type="stmt"/>
        <line num="139" count="17" type="stmt"/>
        <line num="141" count="17" type="stmt"/>
        <line num="143" count="0" type="stmt"/>
        <line num="148" count="181" type="stmt"/>
        <line num="163" count="15" type="stmt"/>
        <line num="164" count="15" type="stmt"/>
        <line num="165" count="15" type="stmt"/>
        <line num="166" count="15" type="stmt"/>
        <line num="167" count="15" type="stmt"/>
        <line num="171" count="15" type="stmt"/>
        <line num="172" count="15" type="stmt"/>
        <line num="173" count="15" type="stmt"/>
        <line num="174" count="15" type="stmt"/>
        <line num="175" count="15" type="stmt"/>
        <line num="176" count="15" type="stmt"/>
        <line num="177" count="15" type="stmt"/>
        <line num="178" count="15" type="stmt"/>
        <line num="179" count="15" type="stmt"/>
        <line num="180" count="15" type="stmt"/>
        <line num="187" count="6" type="stmt"/>
        <line num="189" count="6" type="stmt"/>
        <line num="191" count="6" type="cond" truecount="3" falsecount="1"/>
        <line num="192" count="0" type="stmt"/>
        <line num="193" count="0" type="stmt"/>
        <line num="196" count="6" type="cond" truecount="3" falsecount="1"/>
        <line num="197" count="0" type="stmt"/>
        <line num="198" count="0" type="stmt"/>
        <line num="201" count="6" type="cond" truecount="1" falsecount="1"/>
        <line num="202" count="0" type="stmt"/>
        <line num="205" count="6" type="stmt"/>
        <line num="209" count="6" type="stmt"/>
        <line num="211" count="6" type="stmt"/>
        <line num="212" count="501" type="stmt"/>
        <line num="213" count="501" type="stmt"/>
        <line num="215" count="501" type="cond" truecount="2" falsecount="0"/>
        <line num="216" count="501" type="stmt"/>
        <line num="219" count="6" type="stmt"/>
      </file>
    </package>
    <package name="Observer">
      <metrics statements="3" coveredstatements="3" conditionals="0" coveredconditionals="0" methods="4" coveredmethods="4"/>
      <file name="Observer.ts" path="H:\Slider\src\plugin\components\Observer\Observer.ts">
        <metrics statements="3" coveredstatements="3" conditionals="0" coveredconditionals="0" methods="4" coveredmethods="4"/>
        <line num="5" count="87" type="stmt"/>
        <line num="9" count="63" type="stmt"/>
        <line num="13" count="119" type="stmt"/>
      </file>
    </package>
    <package name="View">
      <metrics statements="72" coveredstatements="62" conditionals="21" coveredconditionals="16" methods="25" coveredmethods="21"/>
      <file name="MainView.ts" path="H:\Slider\src\plugin\components\View\MainView.ts">
        <metrics statements="72" coveredstatements="62" conditionals="21" coveredconditionals="16" methods="25" coveredmethods="21"/>
        <line num="30" count="14" type="stmt"/>
        <line num="31" count="14" type="stmt"/>
        <line num="33" count="14" type="stmt"/>
        <line num="37" count="3" type="stmt"/>
        <line num="38" count="3" type="stmt"/>
        <line num="42" count="4" type="stmt"/>
        <line num="43" count="4" type="stmt"/>
        <line num="51" count="4" type="stmt"/>
        <line num="55" count="3" type="stmt"/>
        <line num="56" count="6" type="cond" truecount="2" falsecount="0"/>
        <line num="57" count="4" type="stmt"/>
        <line num="58" count="4" type="stmt"/>
        <line num="59" count="4" type="stmt"/>
        <line num="65" count="12" type="stmt"/>
        <line num="66" count="24" type="stmt"/>
        <line num="68" count="17" type="stmt"/>
        <line num="70" count="15" type="cond" truecount="2" falsecount="0"/>
        <line num="71" count="12" type="stmt"/>
        <line num="73" count="12" type="stmt"/>
        <line num="81" count="12" type="stmt"/>
        <line num="83" count="12" type="cond" truecount="2" falsecount="0"/>
        <line num="84" count="2" type="stmt"/>
        <line num="91" count="19" type="stmt"/>
        <line num="93" count="19" type="stmt"/>
        <line num="101" count="19" type="stmt"/>
        <line num="105" count="12" type="stmt"/>
        <line num="112" count="1" type="stmt"/>
        <line num="114" count="1" type="stmt"/>
        <line num="121" count="1" type="stmt"/>
        <line num="123" count="1" type="stmt"/>
        <line num="127" count="17" type="stmt"/>
        <line num="128" count="17" type="stmt"/>
        <line num="129" count="17" type="stmt"/>
        <line num="134" count="17" type="stmt"/>
        <line num="136" count="17" type="stmt"/>
        <line num="137" count="17" type="stmt"/>
        <line num="139" count="17" type="cond" truecount="2" falsecount="0"/>
        <line num="140" count="2" type="stmt"/>
        <line num="145" count="2" type="stmt"/>
        <line num="146" count="2" type="stmt"/>
        <line num="149" count="17" type="cond" truecount="2" falsecount="0"/>
        <line num="150" count="1" type="stmt"/>
        <line num="151" count="0" type="stmt"/>
        <line num="155" count="17" type="stmt"/>
        <line num="159" count="17" type="stmt"/>
        <line num="160" count="2" type="cond" truecount="1" falsecount="3"/>
        <line num="162" count="2" type="stmt"/>
        <line num="163" count="2" type="stmt"/>
        <line num="167" count="2" type="stmt"/>
        <line num="170" count="0" type="stmt"/>
        <line num="171" count="0" type="stmt"/>
        <line num="173" count="0" type="stmt"/>
        <line num="179" count="0" type="stmt"/>
        <line num="180" count="0" type="stmt"/>
        <line num="182" count="0" type="stmt"/>
        <line num="183" count="0" type="cond" truecount="0" falsecount="2"/>
        <line num="184" count="0" type="stmt"/>
        <line num="191" count="0" type="stmt"/>
        <line num="197" count="14" type="stmt"/>
        <line num="201" count="14" type="stmt"/>
        <line num="205" count="17" type="stmt"/>
        <line num="207" count="17" type="stmt"/>
        <line num="211" count="19" type="stmt"/>
        <line num="213" count="19" type="stmt"/>
        <line num="215" count="19" type="cond" truecount="2" falsecount="0"/>
        <line num="216" count="3" type="stmt"/>
        <line num="219" count="19" type="stmt"/>
        <line num="223" count="19" type="stmt"/>
        <line num="224" count="2" type="cond" truecount="3" falsecount="0"/>
        <line num="227" count="1" type="stmt"/>
        <line num="231" count="1" type="stmt"/>
        <line num="233" count="1" type="stmt"/>
      </file>
    </package>
    <package name="View.BreakpointsView">
      <metrics statements="28" coveredstatements="25" conditionals="6" coveredconditionals="4" methods="9" coveredmethods="8"/>
      <file name="BreakpointsView.ts" path="H:\Slider\src\plugin\components\View\BreakpointsView\BreakpointsView.ts">
        <metrics statements="28" coveredstatements="25" conditionals="6" coveredconditionals="4" methods="9" coveredmethods="8"/>
        <line num="13" count="19" type="stmt"/>
        <line num="14" count="19" type="stmt"/>
        <line num="16" count="19" type="stmt"/>
        <line num="20" count="2" type="stmt"/>
        <line num="22" count="2" type="stmt"/>
        <line num="24" count="2" type="cond" truecount="2" falsecount="0"/>
        <line num="25" count="2" type="stmt"/>
        <line num="26" count="2" type="stmt"/>
        <line num="27" count="2" type="stmt"/>
        <line num="29" count="2" type="stmt"/>
        <line num="30" count="24" type="stmt"/>
        <line num="32" count="24" type="cond" truecount="1" falsecount="1"/>
        <line num="36" count="24" type="stmt"/>
        <line num="39" count="2" type="stmt"/>
        <line num="40" count="26" type="stmt"/>
        <line num="41" count="25" type="stmt"/>
        <line num="43" count="25" type="stmt"/>
        <line num="54" count="5" type="stmt"/>
        <line num="55" count="14" type="stmt"/>
        <line num="66" count="2" type="stmt"/>
        <line num="67" count="2" type="cond" truecount="1" falsecount="1"/>
        <line num="68" count="2" type="stmt"/>
        <line num="70" count="2" type="stmt"/>
        <line num="71" count="114" type="stmt"/>
        <line num="73" count="114" type="stmt"/>
        <line num="81" count="0" type="stmt"/>
        <line num="83" count="0" type="stmt"/>
        <line num="85" count="0" type="stmt"/>
      </file>
    </package>
    <package name="View.HandlerView">
      <metrics statements="33" coveredstatements="32" conditionals="22" coveredconditionals="13" methods="11" coveredmethods="11"/>
      <file name="HandlerView.ts" path="H:\Slider\src\plugin\components\View\HandlerView\HandlerView.ts">
        <metrics statements="33" coveredstatements="32" conditionals="22" coveredconditionals="13" methods="11" coveredmethods="11"/>
        <line num="20" count="20" type="stmt"/>
        <line num="21" count="20" type="stmt"/>
        <line num="22" count="20" type="stmt"/>
        <line num="23" count="20" type="stmt"/>
        <line num="25" count="20" type="stmt"/>
        <line num="26" count="20" type="stmt"/>
        <line num="30" count="18" type="stmt"/>
        <line num="31" count="18" type="cond" truecount="2" falsecount="0"/>
        <line num="33" count="18" type="stmt"/>
        <line num="37" count="14" type="stmt"/>
        <line num="41" count="8" type="cond" truecount="2" falsecount="0"/>
        <line num="47" count="24" type="stmt"/>
        <line num="56" count="18" type="stmt"/>
        <line num="57" count="18" type="stmt"/>
        <line num="61" count="20" type="stmt"/>
        <line num="67" count="20" type="stmt"/>
        <line num="71" count="20" type="stmt"/>
        <line num="75" count="1" type="stmt"/>
        <line num="76" count="1" type="cond" truecount="1" falsecount="1"/>
        <line num="80" count="1" type="stmt"/>
        <line num="81" count="1" type="stmt"/>
        <line num="82" count="1" type="stmt"/>
        <line num="86" count="1" type="cond" truecount="1" falsecount="1"/>
        <line num="88" count="1" type="cond" truecount="3" falsecount="1"/>
        <line num="89" count="0" type="cond" truecount="0" falsecount="2"/>
        <line num="92" count="1" type="cond" truecount="1" falsecount="1"/>
        <line num="93" count="1" type="stmt"/>
        <line num="94" count="1" type="stmt"/>
        <line num="95" count="1" type="stmt"/>
        <line num="96" count="1" type="stmt"/>
        <line num="97" count="1" type="stmt"/>
        <line num="99" count="1" type="stmt"/>
        <line num="103" count="1" type="stmt"/>
      </file>
    </package>
    <package name="View.SliderBodyView">
      <metrics statements="44" coveredstatements="40" conditionals="16" coveredconditionals="11" methods="14" coveredmethods="13"/>
      <file name="SliderBodyView.ts" path="H:\Slider\src\plugin\components\View\SliderBodyView\SliderBodyView.ts">
        <metrics statements="44" coveredstatements="40" conditionals="16" coveredconditionals="11" methods="14" coveredmethods="13"/>
        <line num="18" count="19" type="stmt"/>
        <line num="19" count="19" type="stmt"/>
        <line num="20" count="19" type="stmt"/>
        <line num="21" count="19" type="stmt"/>
        <line num="23" count="19" type="stmt"/>
        <line num="25" count="19" type="stmt"/>
        <line num="26" count="19" type="stmt"/>
        <line num="30" count="3" type="stmt"/>
        <line num="34" count="18" type="cond" truecount="2" falsecount="0"/>
        <line num="40" count="6" type="stmt"/>
        <line num="44" count="6" type="stmt"/>
        <line num="45" count="27" type="stmt"/>
        <line num="47" count="27" type="cond" truecount="2" falsecount="0"/>
        <line num="48" count="12" type="stmt"/>
        <line num="49" count="12" type="stmt"/>
        <line num="52" count="27" type="stmt"/>
        <line num="55" count="6" type="stmt"/>
        <line num="59" count="5" type="cond" truecount="2" falsecount="0"/>
        <line num="60" count="2" type="stmt"/>
        <line num="62" count="3" type="stmt"/>
        <line num="67" count="19" type="stmt"/>
        <line num="68" count="0" type="cond" truecount="0" falsecount="2"/>
        <line num="70" count="0" type="stmt"/>
        <line num="71" count="0" type="stmt"/>
        <line num="73" count="0" type="stmt"/>
        <line num="79" count="19" type="stmt"/>
        <line num="85" count="19" type="stmt"/>
        <line num="89" count="4" type="stmt"/>
        <line num="93" count="1" type="stmt"/>
        <line num="102" count="1" type="stmt"/>
        <line num="103" count="1" type="stmt"/>
        <line num="104" count="1" type="stmt"/>
        <line num="105" count="1" type="stmt"/>
        <line num="107" count="1" type="stmt"/>
        <line num="111" count="1" type="stmt"/>
        <line num="112" count="1" type="cond" truecount="1" falsecount="1"/>
        <line num="116" count="1" type="stmt"/>
        <line num="117" count="1" type="stmt"/>
        <line num="118" count="1" type="stmt"/>
        <line num="120" count="1" type="stmt"/>
        <line num="122" count="1" type="cond" truecount="1" falsecount="1"/>
        <line num="123" count="1" type="stmt"/>
        <line num="128" count="19" type="stmt"/>
        <line num="129" count="19" type="stmt"/>
      </file>
    </package>
    <package name="View.TooltipView">
      <metrics statements="5" coveredstatements="5" conditionals="2" coveredconditionals="2" methods="4" coveredmethods="4"/>
      <file name="TooltipView.ts" path="H:\Slider\src\plugin\components\View\TooltipView\TooltipView.ts">
        <metrics statements="5" coveredstatements="5" conditionals="2" coveredconditionals="2" methods="4" coveredmethods="4"/>
        <line num="7" count="10" type="stmt"/>
        <line num="11" count="21" type="stmt"/>
        <line num="15" count="10" type="stmt"/>
        <line num="20" count="10" type="stmt"/>
        <line num="24" count="4" type="stmt"/>
      </file>
    </package>
    <package name="types">
      <metrics statements="0" coveredstatements="0" conditionals="0" coveredconditionals="0" methods="0" coveredmethods="0"/>
      <file name="types.ts" path="H:\Slider\src\plugin\components\types\types.ts">
        <metrics statements="0" coveredstatements="0" conditionals="0" coveredconditionals="0" methods="0" coveredmethods="0"/>
      </file>
    </package>
  </project>
</coverage>
