{"H:\\Slider\\src\\plugin\\components\\Controller\\Controller.ts": {"path":"H:\\Slider\\src\\plugin\\components\\Controller\\Controller.ts","statementMap":{"0":{"start":{"line":15,"column":4},"end":{"line":15,"column":23}},"1":{"start":{"line":16,"column":4},"end":{"line":16,"column":21}},"2":{"start":{"line":17,"column":4},"end":{"line":17,"column":40}},"3":{"start":{"line":19,"column":4},"end":{"line":19,"column":33}},"4":{"start":{"line":20,"column":4},"end":{"line":20,"column":34}},"5":{"start":{"line":24,"column":4},"end":{"line":32,"column":7}},"6":{"start":{"line":25,"column":6},"end":{"line":31,"column":7}},"7":{"start":{"line":27,"column":10},"end":{"line":27,"column":37}},"8":{"start":{"line":28,"column":10},"end":{"line":28,"column":16}},"9":{"start":{"line":30,"column":10},"end":{"line":30,"column":16}},"10":{"start":{"line":36,"column":4},"end":{"line":36,"column":60}},"11":{"start":{"line":40,"column":4},"end":{"line":40,"column":39}},"12":{"start":{"line":44,"column":4},"end":{"line":44,"column":39}},"13":{"start":{"line":48,"column":4},"end":{"line":48,"column":40}},"14":{"start":{"line":52,"column":4},"end":{"line":52,"column":29}},"15":{"start":{"line":56,"column":4},"end":{"line":56,"column":29}},"16":{"start":{"line":60,"column":4},"end":{"line":60,"column":29}},"17":{"start":{"line":64,"column":4},"end":{"line":64,"column":47}},"18":{"start":{"line":68,"column":4},"end":{"line":68,"column":41}},"19":{"start":{"line":72,"column":4},"end":{"line":72,"column":41}},"20":{"start":{"line":76,"column":4},"end":{"line":90,"column":7}},"21":{"start":{"line":77,"column":6},"end":{"line":89,"column":7}},"22":{"start":{"line":79,"column":10},"end":{"line":79,"column":42}},"23":{"start":{"line":80,"column":10},"end":{"line":80,"column":16}},"24":{"start":{"line":82,"column":10},"end":{"line":82,"column":36}},"25":{"start":{"line":83,"column":10},"end":{"line":83,"column":16}},"26":{"start":{"line":85,"column":10},"end":{"line":85,"column":34}},"27":{"start":{"line":86,"column":10},"end":{"line":86,"column":16}},"28":{"start":{"line":88,"column":10},"end":{"line":88,"column":16}},"29":{"start":{"line":94,"column":4},"end":{"line":119,"column":7}},"30":{"start":{"line":95,"column":6},"end":{"line":118,"column":7}},"31":{"start":{"line":97,"column":10},"end":{"line":97,"column":59}},"32":{"start":{"line":98,"column":10},"end":{"line":98,"column":16}},"33":{"start":{"line":100,"column":10},"end":{"line":100,"column":34}},"34":{"start":{"line":101,"column":10},"end":{"line":101,"column":16}},"35":{"start":{"line":105,"column":10},"end":{"line":105,"column":48}},"36":{"start":{"line":106,"column":10},"end":{"line":106,"column":16}},"37":{"start":{"line":108,"column":10},"end":{"line":108,"column":58}},"38":{"start":{"line":109,"column":10},"end":{"line":109,"column":16}},"39":{"start":{"line":111,"column":10},"end":{"line":111,"column":63}},"40":{"start":{"line":112,"column":10},"end":{"line":112,"column":16}},"41":{"start":{"line":114,"column":10},"end":{"line":114,"column":48}},"42":{"start":{"line":115,"column":10},"end":{"line":115,"column":16}},"43":{"start":{"line":117,"column":10},"end":{"line":117,"column":16}}},"fnMap":{"0":{"name":"(anonymous_0)","decl":{"start":{"line":14,"column":2},"end":{"line":14,"column":3}},"loc":{"start":{"line":14,"column":44},"end":{"line":21,"column":3}},"line":14},"1":{"name":"(anonymous_1)","decl":{"start":{"line":23,"column":2},"end":{"line":23,"column":3}},"loc":{"start":{"line":23,"column":48},"end":{"line":33,"column":3}},"line":23},"2":{"name":"(anonymous_2)","decl":{"start":{"line":24,"column":46},"end":{"line":24,"column":47}},"loc":{"start":{"line":24,"column":87},"end":{"line":32,"column":5}},"line":24},"3":{"name":"(anonymous_3)","decl":{"start":{"line":35,"column":2},"end":{"line":35,"column":3}},"loc":{"start":{"line":35,"column":76},"end":{"line":37,"column":3}},"line":35},"4":{"name":"(anonymous_4)","decl":{"start":{"line":39,"column":2},"end":{"line":39,"column":3}},"loc":{"start":{"line":39,"column":47},"end":{"line":41,"column":3}},"line":39},"5":{"name":"(anonymous_5)","decl":{"start":{"line":43,"column":2},"end":{"line":43,"column":3}},"loc":{"start":{"line":43,"column":28},"end":{"line":45,"column":3}},"line":43},"6":{"name":"(anonymous_6)","decl":{"start":{"line":47,"column":2},"end":{"line":47,"column":3}},"loc":{"start":{"line":47,"column":28},"end":{"line":49,"column":3}},"line":47},"7":{"name":"(anonymous_7)","decl":{"start":{"line":51,"column":2},"end":{"line":51,"column":3}},"loc":{"start":{"line":51,"column":29},"end":{"line":53,"column":3}},"line":51},"8":{"name":"(anonymous_8)","decl":{"start":{"line":55,"column":2},"end":{"line":55,"column":3}},"loc":{"start":{"line":55,"column":29},"end":{"line":57,"column":3}},"line":55},"9":{"name":"(anonymous_9)","decl":{"start":{"line":59,"column":2},"end":{"line":59,"column":3}},"loc":{"start":{"line":59,"column":31},"end":{"line":61,"column":3}},"line":59},"10":{"name":"(anonymous_10)","decl":{"start":{"line":63,"column":2},"end":{"line":63,"column":3}},"loc":{"start":{"line":63,"column":50},"end":{"line":65,"column":3}},"line":63},"11":{"name":"(anonymous_11)","decl":{"start":{"line":67,"column":2},"end":{"line":67,"column":3}},"loc":{"start":{"line":67,"column":44},"end":{"line":69,"column":3}},"line":67},"12":{"name":"(anonymous_12)","decl":{"start":{"line":71,"column":2},"end":{"line":71,"column":3}},"loc":{"start":{"line":71,"column":44},"end":{"line":73,"column":3}},"line":71},"13":{"name":"(anonymous_13)","decl":{"start":{"line":75,"column":2},"end":{"line":75,"column":3}},"loc":{"start":{"line":75,"column":40},"end":{"line":91,"column":3}},"line":75},"14":{"name":"(anonymous_14)","decl":{"start":{"line":76,"column":38},"end":{"line":76,"column":39}},"loc":{"start":{"line":76,"column":78},"end":{"line":90,"column":5}},"line":76},"15":{"name":"(anonymous_15)","decl":{"start":{"line":93,"column":2},"end":{"line":93,"column":3}},"loc":{"start":{"line":93,"column":41},"end":{"line":120,"column":3}},"line":93},"16":{"name":"(anonymous_16)","decl":{"start":{"line":94,"column":39},"end":{"line":94,"column":40}},"loc":{"start":{"line":94,"column":80},"end":{"line":119,"column":5}},"line":94}},"branchMap":{"0":{"loc":{"start":{"line":25,"column":6},"end":{"line":31,"column":7}},"type":"switch","locations":[{"start":{"line":26,"column":8},"end":{"line":28,"column":16}},{"start":{"line":29,"column":8},"end":{"line":30,"column":16}}],"line":25},"1":{"loc":{"start":{"line":77,"column":6},"end":{"line":89,"column":7}},"type":"switch","locations":[{"start":{"line":78,"column":8},"end":{"line":80,"column":16}},{"start":{"line":81,"column":8},"end":{"line":83,"column":16}},{"start":{"line":84,"column":8},"end":{"line":86,"column":16}},{"start":{"line":87,"column":8},"end":{"line":88,"column":16}}],"line":77},"2":{"loc":{"start":{"line":95,"column":6},"end":{"line":118,"column":7}},"type":"switch","locations":[{"start":{"line":96,"column":8},"end":{"line":98,"column":16}},{"start":{"line":99,"column":8},"end":{"line":101,"column":16}},{"start":{"line":102,"column":8},"end":{"line":102,"column":38}},{"start":{"line":103,"column":8},"end":{"line":103,"column":38}},{"start":{"line":104,"column":8},"end":{"line":106,"column":16}},{"start":{"line":107,"column":8},"end":{"line":109,"column":16}},{"start":{"line":110,"column":8},"end":{"line":112,"column":16}},{"start":{"line":113,"column":8},"end":{"line":115,"column":16}},{"start":{"line":116,"column":8},"end":{"line":117,"column":16}}],"line":95}},"s":{"0":1,"1":1,"2":1,"3":1,"4":1,"5":1,"6":0,"7":0,"8":0,"9":0,"10":0,"11":0,"12":0,"13":0,"14":0,"15":0,"16":0,"17":0,"18":0,"19":0,"20":1,"21":0,"22":0,"23":0,"24":0,"25":0,"26":0,"27":0,"28":0,"29":1,"30":0,"31":0,"32":0,"33":0,"34":0,"35":0,"36":0,"37":0,"38":0,"39":0,"40":0,"41":0,"42":0,"43":0},"f":{"0":1,"1":1,"2":0,"3":0,"4":0,"5":0,"6":0,"7":0,"8":0,"9":0,"10":0,"11":0,"12":0,"13":1,"14":0,"15":1,"16":0},"b":{"0":[0,0],"1":[0,0,0,0],"2":[0,0,0,0,0,0,0,0,0]},"_coverageSchema":"1a1c01bbd47fc00a2c39e90264f33305004495a9","hash":"fbd11ba4b372c33228300f7303f061a6f26a771f"}
,"H:\\Slider\\src\\plugin\\components\\Model\\Model.ts": {"path":"H:\\Slider\\src\\plugin\\components\\Model\\Model.ts","statementMap":{"0":{"start":{"line":29,"column":4},"end":{"line":29,"column":40}},"1":{"start":{"line":30,"column":4},"end":{"line":30,"column":20}},"2":{"start":{"line":31,"column":4},"end":{"line":31,"column":41}},"3":{"start":{"line":32,"column":4},"end":{"line":32,"column":29}},"4":{"start":{"line":33,"column":4},"end":{"line":33,"column":39}},"5":{"start":{"line":34,"column":4},"end":{"line":34,"column":43}},"6":{"start":{"line":35,"column":4},"end":{"line":35,"column":37}},"7":{"start":{"line":36,"column":4},"end":{"line":36,"column":37}},"8":{"start":{"line":37,"column":4},"end":{"line":37,"column":37}},"9":{"start":{"line":38,"column":4},"end":{"line":38,"column":51}},"10":{"start":{"line":40,"column":4},"end":{"line":40,"column":39}},"11":{"start":{"line":44,"column":4},"end":{"line":44,"column":31}},"12":{"start":{"line":46,"column":4},"end":{"line":46,"column":102}},"13":{"start":{"line":50,"column":4},"end":{"line":50,"column":21}},"14":{"start":{"line":52,"column":4},"end":{"line":52,"column":92}},"15":{"start":{"line":56,"column":4},"end":{"line":56,"column":37}},"16":{"start":{"line":58,"column":4},"end":{"line":58,"column":101}},"17":{"start":{"line":62,"column":4},"end":{"line":62,"column":28}},"18":{"start":{"line":64,"column":4},"end":{"line":64,"column":117}},"19":{"start":{"line":68,"column":4},"end":{"line":68,"column":29}},"20":{"start":{"line":70,"column":4},"end":{"line":70,"column":117}},"21":{"start":{"line":74,"column":41},"end":{"line":74,"column":61}},"22":{"start":{"line":77,"column":4},"end":{"line":77,"column":46}},"23":{"start":{"line":81,"column":4},"end":{"line":81,"column":22}},"24":{"start":{"line":85,"column":4},"end":{"line":97,"column":5}},"25":{"start":{"line":86,"column":6},"end":{"line":86,"column":28}},"26":{"start":{"line":88,"column":6},"end":{"line":88,"column":34}},"27":{"start":{"line":89,"column":6},"end":{"line":89,"column":26}},"28":{"start":{"line":91,"column":6},"end":{"line":91,"column":106}},"29":{"start":{"line":93,"column":6},"end":{"line":96,"column":8}},"30":{"start":{"line":98,"column":4},"end":{"line":101,"column":6}},"31":{"start":{"line":105,"column":4},"end":{"line":117,"column":5}},"32":{"start":{"line":106,"column":6},"end":{"line":106,"column":28}},"33":{"start":{"line":108,"column":6},"end":{"line":108,"column":34}},"34":{"start":{"line":109,"column":6},"end":{"line":109,"column":26}},"35":{"start":{"line":111,"column":6},"end":{"line":111,"column":106}},"36":{"start":{"line":113,"column":6},"end":{"line":116,"column":8}},"37":{"start":{"line":118,"column":4},"end":{"line":121,"column":6}},"38":{"start":{"line":125,"column":42},"end":{"line":125,"column":44}},"39":{"start":{"line":126,"column":29},"end":{"line":126,"column":42}},"40":{"start":{"line":128,"column":4},"end":{"line":131,"column":5}},"41":{"start":{"line":129,"column":6},"end":{"line":129,"column":43}},"42":{"start":{"line":130,"column":6},"end":{"line":130,"column":44}},"43":{"start":{"line":133,"column":4},"end":{"line":133,"column":43}},"44":{"start":{"line":135,"column":4},"end":{"line":135,"column":28}},"45":{"start":{"line":139,"column":4},"end":{"line":144,"column":7}},"46":{"start":{"line":140,"column":6},"end":{"line":142,"column":7}},"47":{"start":{"line":141,"column":8},"end":{"line":141,"column":74}},"48":{"start":{"line":143,"column":6},"end":{"line":143,"column":26}},"49":{"start":{"line":146,"column":4},"end":{"line":146,"column":37}},"50":{"start":{"line":148,"column":4},"end":{"line":148,"column":95}},"51":{"start":{"line":152,"column":24},"end":{"line":152,"column":45}},"52":{"start":{"line":154,"column":4},"end":{"line":156,"column":5}},"53":{"start":{"line":155,"column":6},"end":{"line":155,"column":47}},"54":{"start":{"line":158,"column":4},"end":{"line":158,"column":45}},"55":{"start":{"line":160,"column":4},"end":{"line":166,"column":7}},"56":{"start":{"line":161,"column":6},"end":{"line":163,"column":7}},"57":{"start":{"line":162,"column":8},"end":{"line":162,"column":81}},"58":{"start":{"line":165,"column":6},"end":{"line":165,"column":26}},"59":{"start":{"line":168,"column":4},"end":{"line":168,"column":95}},"60":{"start":{"line":172,"column":4},"end":{"line":172,"column":20}},"61":{"start":{"line":176,"column":4},"end":{"line":179,"column":7}},"62":{"start":{"line":177,"column":6},"end":{"line":177,"column":26}},"63":{"start":{"line":178,"column":6},"end":{"line":178,"column":18}},"64":{"start":{"line":181,"column":4},"end":{"line":181,"column":95}},"65":{"start":{"line":185,"column":33},"end":{"line":185,"column":54}},"66":{"start":{"line":186,"column":30},"end":{"line":186,"column":53}},"67":{"start":{"line":188,"column":4},"end":{"line":200,"column":5}},"68":{"start":{"line":189,"column":6},"end":{"line":189,"column":51}},"69":{"start":{"line":191,"column":6},"end":{"line":191,"column":34}},"70":{"start":{"line":192,"column":6},"end":{"line":192,"column":26}},"71":{"start":{"line":194,"column":6},"end":{"line":194,"column":115}},"72":{"start":{"line":196,"column":6},"end":{"line":199,"column":8}},"73":{"start":{"line":201,"column":4},"end":{"line":204,"column":6}},"74":{"start":{"line":208,"column":23},"end":{"line":217,"column":5}},"75":{"start":{"line":219,"column":4},"end":{"line":219,"column":22}},"76":{"start":{"line":223,"column":22},"end":{"line":223,"column":27}},"77":{"start":{"line":225,"column":4},"end":{"line":230,"column":7}},"78":{"start":{"line":226,"column":6},"end":{"line":228,"column":7}},"79":{"start":{"line":227,"column":8},"end":{"line":227,"column":27}},"80":{"start":{"line":229,"column":6},"end":{"line":229,"column":19}},"81":{"start":{"line":232,"column":4},"end":{"line":232,"column":23}},"82":{"start":{"line":236,"column":4},"end":{"line":236,"column":29}},"83":{"start":{"line":240,"column":32},"end":{"line":240,"column":53}},"84":{"start":{"line":241,"column":29},"end":{"line":241,"column":48}},"85":{"start":{"line":242,"column":29},"end":{"line":242,"column":62}},"86":{"start":{"line":245,"column":4},"end":{"line":249,"column":5}},"87":{"start":{"line":246,"column":6},"end":{"line":248,"column":44}},"88":{"start":{"line":251,"column":4},"end":{"line":255,"column":5}},"89":{"start":{"line":252,"column":6},"end":{"line":254,"column":30}},"90":{"start":{"line":259,"column":21},"end":{"line":259,"column":29}},"91":{"start":{"line":263,"column":4},"end":{"line":272,"column":7}},"92":{"start":{"line":264,"column":6},"end":{"line":264,"column":63}},"93":{"start":{"line":266,"column":6},"end":{"line":269,"column":7}},"94":{"start":{"line":267,"column":8},"end":{"line":267,"column":26}},"95":{"start":{"line":268,"column":8},"end":{"line":268,"column":47}},"96":{"start":{"line":271,"column":6},"end":{"line":271,"column":21}},"97":{"start":{"line":274,"column":4},"end":{"line":274,"column":24}}},"fnMap":{"0":{"name":"(anonymous_0)","decl":{"start":{"line":28,"column":2},"end":{"line":28,"column":3}},"loc":{"start":{"line":28,"column":41},"end":{"line":41,"column":3}},"line":28},"1":{"name":"(anonymous_1)","decl":{"start":{"line":43,"column":2},"end":{"line":43,"column":3}},"loc":{"start":{"line":43,"column":47},"end":{"line":47,"column":3}},"line":43},"2":{"name":"(anonymous_2)","decl":{"start":{"line":49,"column":2},"end":{"line":49,"column":3}},"loc":{"start":{"line":49,"column":31},"end":{"line":53,"column":3}},"line":49},"3":{"name":"(anonymous_3)","decl":{"start":{"line":55,"column":2},"end":{"line":55,"column":3}},"loc":{"start":{"line":55,"column":58},"end":{"line":59,"column":3}},"line":55},"4":{"name":"(anonymous_4)","decl":{"start":{"line":61,"column":2},"end":{"line":61,"column":3}},"loc":{"start":{"line":61,"column":29},"end":{"line":65,"column":3}},"line":61},"5":{"name":"(anonymous_5)","decl":{"start":{"line":67,"column":2},"end":{"line":67,"column":3}},"loc":{"start":{"line":67,"column":29},"end":{"line":71,"column":3}},"line":67},"6":{"name":"(anonymous_6)","decl":{"start":{"line":73,"column":2},"end":{"line":73,"column":3}},"loc":{"start":{"line":73,"column":47},"end":{"line":78,"column":3}},"line":73},"7":{"name":"(anonymous_7)","decl":{"start":{"line":80,"column":2},"end":{"line":80,"column":3}},"loc":{"start":{"line":80,"column":36},"end":{"line":82,"column":3}},"line":80},"8":{"name":"(anonymous_8)","decl":{"start":{"line":84,"column":2},"end":{"line":84,"column":3}},"loc":{"start":{"line":84,"column":51},"end":{"line":102,"column":3}},"line":84},"9":{"name":"(anonymous_9)","decl":{"start":{"line":104,"column":2},"end":{"line":104,"column":3}},"loc":{"start":{"line":104,"column":51},"end":{"line":122,"column":3}},"line":104},"10":{"name":"(anonymous_10)","decl":{"start":{"line":124,"column":2},"end":{"line":124,"column":3}},"loc":{"start":{"line":124,"column":42},"end":{"line":136,"column":3}},"line":124},"11":{"name":"(anonymous_11)","decl":{"start":{"line":138,"column":2},"end":{"line":138,"column":3}},"loc":{"start":{"line":138,"column":76},"end":{"line":149,"column":3}},"line":138},"12":{"name":"(anonymous_12)","decl":{"start":{"line":139,"column":19},"end":{"line":139,"column":20}},"loc":{"start":{"line":139,"column":51},"end":{"line":144,"column":5}},"line":139},"13":{"name":"(anonymous_13)","decl":{"start":{"line":151,"column":2},"end":{"line":151,"column":3}},"loc":{"start":{"line":151,"column":54},"end":{"line":169,"column":3}},"line":151},"14":{"name":"(anonymous_14)","decl":{"start":{"line":160,"column":19},"end":{"line":160,"column":20}},"loc":{"start":{"line":160,"column":51},"end":{"line":166,"column":5}},"line":160},"15":{"name":"(anonymous_15)","decl":{"start":{"line":171,"column":2},"end":{"line":171,"column":3}},"loc":{"start":{"line":171,"column":28},"end":{"line":173,"column":3}},"line":171},"16":{"name":"(anonymous_16)","decl":{"start":{"line":175,"column":2},"end":{"line":175,"column":3}},"loc":{"start":{"line":175,"column":30},"end":{"line":182,"column":3}},"line":175},"17":{"name":"(anonymous_17)","decl":{"start":{"line":176,"column":19},"end":{"line":176,"column":20}},"loc":{"start":{"line":176,"column":29},"end":{"line":179,"column":5}},"line":176},"18":{"name":"(anonymous_18)","decl":{"start":{"line":184,"column":2},"end":{"line":184,"column":3}},"loc":{"start":{"line":184,"column":57},"end":{"line":205,"column":3}},"line":184},"19":{"name":"(anonymous_19)","decl":{"start":{"line":207,"column":2},"end":{"line":207,"column":3}},"loc":{"start":{"line":207,"column":26},"end":{"line":220,"column":3}},"line":207},"20":{"name":"(anonymous_20)","decl":{"start":{"line":222,"column":2},"end":{"line":222,"column":3}},"loc":{"start":{"line":222,"column":79},"end":{"line":233,"column":3}},"line":222},"21":{"name":"(anonymous_21)","decl":{"start":{"line":225,"column":19},"end":{"line":225,"column":20}},"loc":{"start":{"line":225,"column":51},"end":{"line":230,"column":5}},"line":225},"22":{"name":"(anonymous_22)","decl":{"start":{"line":235,"column":2},"end":{"line":235,"column":3}},"loc":{"start":{"line":235,"column":35},"end":{"line":237,"column":3}},"line":235},"23":{"name":"(anonymous_23)","decl":{"start":{"line":239,"column":2},"end":{"line":239,"column":3}},"loc":{"start":{"line":239,"column":47},"end":{"line":256,"column":3}},"line":239},"24":{"name":"(anonymous_24)","decl":{"start":{"line":258,"column":2},"end":{"line":258,"column":3}},"loc":{"start":{"line":258,"column":66},"end":{"line":275,"column":3}},"line":258},"25":{"name":"(anonymous_25)","decl":{"start":{"line":263,"column":25},"end":{"line":263,"column":26}},"loc":{"start":{"line":263,"column":45},"end":{"line":272,"column":5}},"line":263}},"branchMap":{"0":{"loc":{"start":{"line":85,"column":4},"end":{"line":97,"column":5}},"type":"if","locations":[{"start":{"line":85,"column":4},"end":{"line":97,"column":5}},{"start":{"line":85,"column":4},"end":{"line":97,"column":5}}],"line":85},"1":{"loc":{"start":{"line":105,"column":4},"end":{"line":117,"column":5}},"type":"if","locations":[{"start":{"line":105,"column":4},"end":{"line":117,"column":5}},{"start":{"line":105,"column":4},"end":{"line":117,"column":5}}],"line":105},"2":{"loc":{"start":{"line":140,"column":6},"end":{"line":142,"column":7}},"type":"if","locations":[{"start":{"line":140,"column":6},"end":{"line":142,"column":7}},{"start":{"line":140,"column":6},"end":{"line":142,"column":7}}],"line":140},"3":{"loc":{"start":{"line":154,"column":4},"end":{"line":156,"column":5}},"type":"if","locations":[{"start":{"line":154,"column":4},"end":{"line":156,"column":5}},{"start":{"line":154,"column":4},"end":{"line":156,"column":5}}],"line":154},"4":{"loc":{"start":{"line":161,"column":6},"end":{"line":163,"column":7}},"type":"if","locations":[{"start":{"line":161,"column":6},"end":{"line":163,"column":7}},{"start":{"line":161,"column":6},"end":{"line":163,"column":7}}],"line":161},"5":{"loc":{"start":{"line":188,"column":4},"end":{"line":200,"column":5}},"type":"if","locations":[{"start":{"line":188,"column":4},"end":{"line":200,"column":5}},{"start":{"line":188,"column":4},"end":{"line":200,"column":5}}],"line":188},"6":{"loc":{"start":{"line":188,"column":8},"end":{"line":188,"column":77}},"type":"binary-expr","locations":[{"start":{"line":188,"column":8},"end":{"line":188,"column":49}},{"start":{"line":188,"column":53},"end":{"line":188,"column":77}}],"line":188},"7":{"loc":{"start":{"line":226,"column":6},"end":{"line":228,"column":7}},"type":"if","locations":[{"start":{"line":226,"column":6},"end":{"line":228,"column":7}},{"start":{"line":226,"column":6},"end":{"line":228,"column":7}}],"line":226},"8":{"loc":{"start":{"line":245,"column":4},"end":{"line":249,"column":5}},"type":"if","locations":[{"start":{"line":245,"column":4},"end":{"line":249,"column":5}},{"start":{"line":245,"column":4},"end":{"line":249,"column":5}}],"line":245},"9":{"loc":{"start":{"line":246,"column":42},"end":{"line":248,"column":43}},"type":"cond-expr","locations":[{"start":{"line":247,"column":10},"end":{"line":247,"column":29}},{"start":{"line":248,"column":10},"end":{"line":248,"column":43}}],"line":246},"10":{"loc":{"start":{"line":251,"column":4},"end":{"line":255,"column":5}},"type":"if","locations":[{"start":{"line":251,"column":4},"end":{"line":255,"column":5}},{"start":{"line":251,"column":4},"end":{"line":255,"column":5}}],"line":251},"11":{"loc":{"start":{"line":252,"column":28},"end":{"line":254,"column":29}},"type":"cond-expr","locations":[{"start":{"line":253,"column":10},"end":{"line":253,"column":43}},{"start":{"line":254,"column":10},"end":{"line":254,"column":29}}],"line":252},"12":{"loc":{"start":{"line":266,"column":6},"end":{"line":269,"column":7}},"type":"if","locations":[{"start":{"line":266,"column":6},"end":{"line":269,"column":7}},{"start":{"line":266,"column":6},"end":{"line":269,"column":7}}],"line":266}},"s":{"0":3,"1":3,"2":3,"3":3,"4":3,"5":3,"6":3,"7":3,"8":3,"9":3,"10":3,"11":1,"12":1,"13":1,"14":1,"15":1,"16":1,"17":1,"18":1,"19":2,"20":2,"21":32,"22":32,"23":1,"24":2,"25":1,"26":1,"27":1,"28":1,"29":1,"30":1,"31":2,"32":1,"33":1,"34":1,"35":1,"36":1,"37":1,"38":12,"39":12,"40":12,"41":636,"42":636,"43":12,"44":12,"45":1,"46":1,"47":1,"48":1,"49":1,"50":1,"51":5,"52":5,"53":1,"54":5,"55":5,"56":5,"57":5,"58":5,"59":5,"60":1,"61":9,"62":1,"63":1,"64":9,"65":7,"66":7,"67":7,"68":6,"69":6,"70":6,"71":6,"72":6,"73":1,"74":32,"75":32,"76":5,"77":5,"78":4,"79":4,"80":4,"81":5,"82":11,"83":6,"84":6,"85":6,"86":6,"87":6,"88":6,"89":0,"90":6,"91":6,"92":6,"93":6,"94":6,"95":6,"96":6,"97":6},"f":{"0":3,"1":1,"2":1,"3":1,"4":1,"5":2,"6":32,"7":1,"8":2,"9":2,"10":12,"11":1,"12":1,"13":5,"14":5,"15":1,"16":9,"17":1,"18":7,"19":32,"20":5,"21":4,"22":11,"23":6,"24":6,"25":6},"b":{"0":[1,1],"1":[1,1],"2":[1,0],"3":[1,4],"4":[5,0],"5":[6,1],"6":[7,6],"7":[4,0],"8":[6,0],"9":[0,6],"10":[0,6],"11":[0,0],"12":[6,0]},"_coverageSchema":"1a1c01bbd47fc00a2c39e90264f33305004495a9","hash":"8ac0fce0387f803e65ee366fb5d2c7acb105e6c6"}
,"H:\\Slider\\src\\plugin\\components\\Model\\ModelConstants\\ModelConstants.ts": {"path":"H:\\Slider\\src\\plugin\\components\\Model\\ModelConstants\\ModelConstants.ts","statementMap":{},"fnMap":{},"branchMap":{},"s":{},"f":{},"b":{},"_coverageSchema":"1a1c01bbd47fc00a2c39e90264f33305004495a9","hash":"297406e5b133c9aca9aa27b984004195ebf74aa2"}
,"H:\\Slider\\src\\plugin\\components\\Observer\\CustomEvents.ts": {"path":"H:\\Slider\\src\\plugin\\components\\Observer\\CustomEvents.ts","statementMap":{},"fnMap":{},"branchMap":{},"s":{},"f":{},"b":{},"_coverageSchema":"1a1c01bbd47fc00a2c39e90264f33305004495a9","hash":"6d3b2b772c7602b3b4c106b080d184f1b8b82f72"}
,"H:\\Slider\\src\\plugin\\components\\Observer\\Observer.ts": {"path":"H:\\Slider\\src\\plugin\\components\\Observer\\Observer.ts","statementMap":{"0":{"start":{"line":5,"column":4},"end":{"line":5,"column":24}},"1":{"start":{"line":9,"column":4},"end":{"line":9,"column":28}},"2":{"start":{"line":13,"column":4},"end":{"line":13,"column":78}},"3":{"start":{"line":13,"column":59},"end":{"line":13,"column":76}},"4":{"start":{"line":17,"column":4},"end":{"line":17,"column":61}},"5":{"start":{"line":17,"column":43},"end":{"line":17,"column":59}}},"fnMap":{"0":{"name":"(anonymous_0)","decl":{"start":{"line":4,"column":2},"end":{"line":4,"column":3}},"loc":{"start":{"line":4,"column":16},"end":{"line":6,"column":3}},"line":4},"1":{"name":"(anonymous_1)","decl":{"start":{"line":8,"column":2},"end":{"line":8,"column":3}},"loc":{"start":{"line":8,"column":29},"end":{"line":10,"column":3}},"line":8},"2":{"name":"(anonymous_2)","decl":{"start":{"line":12,"column":2},"end":{"line":12,"column":3}},"loc":{"start":{"line":12,"column":31},"end":{"line":14,"column":3}},"line":12},"3":{"name":"(anonymous_3)","decl":{"start":{"line":13,"column":43},"end":{"line":13,"column":44}},"loc":{"start":{"line":13,"column":59},"end":{"line":13,"column":76}},"line":13},"4":{"name":"(anonymous_4)","decl":{"start":{"line":16,"column":2},"end":{"line":16,"column":3}},"loc":{"start":{"line":16,"column":31},"end":{"line":18,"column":3}},"line":16},"5":{"name":"(anonymous_5)","decl":{"start":{"line":17,"column":27},"end":{"line":17,"column":28}},"loc":{"start":{"line":17,"column":43},"end":{"line":17,"column":59}},"line":17}},"branchMap":{},"s":{"0":16,"1":12,"2":0,"3":0,"4":33,"5":4},"f":{"0":16,"1":12,"2":0,"3":0,"4":33,"5":4},"b":{},"_coverageSchema":"1a1c01bbd47fc00a2c39e90264f33305004495a9","hash":"bc8f65a42a2bb95a842ee0170fb912001def6958"}
,"H:\\Slider\\src\\plugin\\components\\View\\MainView.ts": {"path":"H:\\Slider\\src\\plugin\\components\\View\\MainView.ts","statementMap":{"0":{"start":{"line":22,"column":4},"end":{"line":22,"column":40}},"1":{"start":{"line":23,"column":4},"end":{"line":23,"column":70}},"2":{"start":{"line":25,"column":4},"end":{"line":25,"column":34}},"3":{"start":{"line":29,"column":4},"end":{"line":29,"column":39}},"4":{"start":{"line":30,"column":4},"end":{"line":30,"column":68}},"5":{"start":{"line":31,"column":4},"end":{"line":31,"column":34}},"6":{"start":{"line":32,"column":4},"end":{"line":32,"column":70}},"7":{"start":{"line":36,"column":39},"end":{"line":36,"column":70}},"8":{"start":{"line":37,"column":48},"end":{"line":37,"column":112}},"9":{"start":{"line":38,"column":30},"end":{"line":38,"column":56}},"10":{"start":{"line":39,"column":31},"end":{"line":39,"column":66}},"11":{"start":{"line":40,"column":29},"end":{"line":40,"column":61}},"12":{"start":{"line":42,"column":61},"end":{"line":49,"column":5}},"13":{"start":{"line":51,"column":4},"end":{"line":51,"column":54}},"14":{"start":{"line":55,"column":41},"end":{"line":55,"column":75}},"15":{"start":{"line":56,"column":53},"end":{"line":56,"column":83}},"16":{"start":{"line":58,"column":4},"end":{"line":58,"column":89}},"17":{"start":{"line":62,"column":4},"end":{"line":70,"column":7}},"18":{"start":{"line":63,"column":6},"end":{"line":67,"column":7}},"19":{"start":{"line":64,"column":39},"end":{"line":64,"column":102}},"20":{"start":{"line":65,"column":8},"end":{"line":65,"column":70}},"21":{"start":{"line":66,"column":8},"end":{"line":66,"column":63}},"22":{"start":{"line":69,"column":6},"end":{"line":69,"column":28}},"23":{"start":{"line":74,"column":4},"end":{"line":74,"column":34}},"24":{"start":{"line":75,"column":4},"end":{"line":75,"column":23}},"25":{"start":{"line":77,"column":4},"end":{"line":77,"column":40}},"26":{"start":{"line":81,"column":4},"end":{"line":105,"column":7}},"27":{"start":{"line":82,"column":50},"end":{"line":82,"column":69}},"28":{"start":{"line":83,"column":35},"end":{"line":83,"column":48}},"29":{"start":{"line":84,"column":41},"end":{"line":84,"column":116}},"30":{"start":{"line":85,"column":41},"end":{"line":90,"column":7}},"31":{"start":{"line":91,"column":41},"end":{"line":91,"column":79}},"32":{"start":{"line":93,"column":45},"end":{"line":95,"column":30}},"33":{"start":{"line":97,"column":6},"end":{"line":97,"column":63}},"34":{"start":{"line":98,"column":6},"end":{"line":98,"column":51}},"35":{"start":{"line":100,"column":6},"end":{"line":102,"column":7}},"36":{"start":{"line":101,"column":8},"end":{"line":101,"column":63}},"37":{"start":{"line":104,"column":6},"end":{"line":104,"column":21}},"38":{"start":{"line":109,"column":4},"end":{"line":109,"column":47}},"39":{"start":{"line":113,"column":39},"end":{"line":113,"column":76}},"40":{"start":{"line":114,"column":43},"end":{"line":114,"column":78}},"41":{"start":{"line":116,"column":4},"end":{"line":128,"column":7}},"42":{"start":{"line":117,"column":41},"end":{"line":122,"column":7}},"43":{"start":{"line":124,"column":6},"end":{"line":127,"column":8}},"44":{"start":{"line":137,"column":8},"end":{"line":137,"column":12}},"45":{"start":{"line":138,"column":4},"end":{"line":138,"column":87}},"46":{"start":{"line":147,"column":8},"end":{"line":147,"column":12}},"47":{"start":{"line":149,"column":4},"end":{"line":149,"column":102}},"48":{"start":{"line":153,"column":49},"end":{"line":158,"column":5}},"49":{"start":{"line":159,"column":35},"end":{"line":159,"column":67}},"50":{"start":{"line":160,"column":4},"end":{"line":160,"column":77}},"51":{"start":{"line":169,"column":8},"end":{"line":169,"column":12}},"52":{"start":{"line":171,"column":33},"end":{"line":173,"column":89}},"53":{"start":{"line":175,"column":26},"end":{"line":175,"column":63}},"54":{"start":{"line":176,"column":61},"end":{"line":183,"column":5}},"55":{"start":{"line":184,"column":4},"end":{"line":184,"column":54}},"56":{"start":{"line":186,"column":4},"end":{"line":186,"column":17}},"57":{"start":{"line":190,"column":30},"end":{"line":190,"column":63}},"58":{"start":{"line":191,"column":4},"end":{"line":191,"column":65}},"59":{"start":{"line":192,"column":4},"end":{"line":195,"column":6}},"60":{"start":{"line":197,"column":4},"end":{"line":197,"column":49}},"61":{"start":{"line":198,"column":4},"end":{"line":200,"column":10}},"62":{"start":{"line":199,"column":6},"end":{"line":199,"column":33}},"63":{"start":{"line":202,"column":4},"end":{"line":212,"column":5}},"64":{"start":{"line":203,"column":6},"end":{"line":206,"column":8}},"65":{"start":{"line":208,"column":6},"end":{"line":208,"column":51}},"66":{"start":{"line":209,"column":6},"end":{"line":211,"column":12}},"67":{"start":{"line":210,"column":8},"end":{"line":210,"column":35}},"68":{"start":{"line":214,"column":4},"end":{"line":216,"column":5}},"69":{"start":{"line":215,"column":6},"end":{"line":215,"column":39}},"70":{"start":{"line":218,"column":4},"end":{"line":218,"column":32}},"71":{"start":{"line":222,"column":4},"end":{"line":234,"column":7}},"72":{"start":{"line":223,"column":6},"end":{"line":233,"column":7}},"73":{"start":{"line":225,"column":10},"end":{"line":225,"column":43}},"74":{"start":{"line":226,"column":10},"end":{"line":226,"column":76}},"75":{"start":{"line":227,"column":10},"end":{"line":227,"column":16}},"76":{"start":{"line":229,"column":10},"end":{"line":229,"column":45}},"77":{"start":{"line":230,"column":10},"end":{"line":230,"column":16}},"78":{"start":{"line":232,"column":10},"end":{"line":232,"column":16}},"79":{"start":{"line":238,"column":34},"end":{"line":238,"column":77}},"80":{"start":{"line":239,"column":41},"end":{"line":239,"column":62}},"81":{"start":{"line":240,"column":45},"end":{"line":240,"column":47}},"82":{"start":{"line":242,"column":4},"end":{"line":245,"column":7}},"83":{"start":{"line":243,"column":6},"end":{"line":243,"column":61}},"84":{"start":{"line":244,"column":6},"end":{"line":244,"column":21}},"85":{"start":{"line":247,"column":27},"end":{"line":264,"column":5}},"86":{"start":{"line":248,"column":23},"end":{"line":248,"column":31}},"87":{"start":{"line":252,"column":6},"end":{"line":261,"column":9}},"88":{"start":{"line":253,"column":8},"end":{"line":253,"column":41}},"89":{"start":{"line":255,"column":8},"end":{"line":258,"column":9}},"90":{"start":{"line":256,"column":10},"end":{"line":256,"column":28}},"91":{"start":{"line":257,"column":10},"end":{"line":257,"column":34}},"92":{"start":{"line":260,"column":8},"end":{"line":260,"column":23}},"93":{"start":{"line":263,"column":6},"end":{"line":263,"column":26}},"94":{"start":{"line":266,"column":41},"end":{"line":266,"column":94}},"95":{"start":{"line":268,"column":4},"end":{"line":282,"column":7}},"96":{"start":{"line":269,"column":6},"end":{"line":279,"column":7}},"97":{"start":{"line":270,"column":65},"end":{"line":277,"column":9}},"98":{"start":{"line":278,"column":8},"end":{"line":278,"column":58}},"99":{"start":{"line":281,"column":6},"end":{"line":281,"column":21}},"100":{"start":{"line":286,"column":4},"end":{"line":288,"column":31}},"101":{"start":{"line":290,"column":4},"end":{"line":290,"column":33}},"102":{"start":{"line":294,"column":39},"end":{"line":294,"column":103}},"103":{"start":{"line":296,"column":4},"end":{"line":296,"column":22}},"104":{"start":{"line":300,"column":20},"end":{"line":300,"column":81}},"105":{"start":{"line":302,"column":37},"end":{"line":302,"column":72}},"106":{"start":{"line":304,"column":4},"end":{"line":306,"column":5}},"107":{"start":{"line":305,"column":6},"end":{"line":305,"column":27}},"108":{"start":{"line":308,"column":4},"end":{"line":308,"column":19}},"109":{"start":{"line":312,"column":4},"end":{"line":333,"column":7}},"110":{"start":{"line":313,"column":6},"end":{"line":332,"column":7}},"111":{"start":{"line":315,"column":10},"end":{"line":320,"column":13}},"112":{"start":{"line":321,"column":10},"end":{"line":321,"column":16}},"113":{"start":{"line":323,"column":10},"end":{"line":328,"column":13}},"114":{"start":{"line":329,"column":10},"end":{"line":329,"column":16}},"115":{"start":{"line":331,"column":10},"end":{"line":331,"column":23}}},"fnMap":{"0":{"name":"(anonymous_0)","decl":{"start":{"line":21,"column":2},"end":{"line":21,"column":3}},"loc":{"start":{"line":21,"column":74},"end":{"line":26,"column":3}},"line":21},"1":{"name":"(anonymous_1)","decl":{"start":{"line":28,"column":2},"end":{"line":28,"column":3}},"loc":{"start":{"line":28,"column":29},"end":{"line":33,"column":3}},"line":28},"2":{"name":"(anonymous_2)","decl":{"start":{"line":35,"column":2},"end":{"line":35,"column":3}},"loc":{"start":{"line":35,"column":41},"end":{"line":52,"column":3}},"line":35},"3":{"name":"(anonymous_3)","decl":{"start":{"line":54,"column":2},"end":{"line":54,"column":3}},"loc":{"start":{"line":54,"column":43},"end":{"line":59,"column":3}},"line":54},"4":{"name":"(anonymous_4)","decl":{"start":{"line":61,"column":2},"end":{"line":61,"column":3}},"loc":{"start":{"line":61,"column":60},"end":{"line":71,"column":3}},"line":61},"5":{"name":"(anonymous_5)","decl":{"start":{"line":62,"column":53},"end":{"line":62,"column":54}},"loc":{"start":{"line":62,"column":87},"end":{"line":70,"column":5}},"line":62},"6":{"name":"(anonymous_6)","decl":{"start":{"line":73,"column":2},"end":{"line":73,"column":3}},"loc":{"start":{"line":73,"column":50},"end":{"line":78,"column":3}},"line":73},"7":{"name":"(anonymous_7)","decl":{"start":{"line":80,"column":2},"end":{"line":80,"column":3}},"loc":{"start":{"line":80,"column":37},"end":{"line":106,"column":3}},"line":80},"8":{"name":"(anonymous_8)","decl":{"start":{"line":81,"column":14},"end":{"line":81,"column":15}},"loc":{"start":{"line":81,"column":41},"end":{"line":105,"column":5}},"line":81},"9":{"name":"(anonymous_9)","decl":{"start":{"line":108,"column":2},"end":{"line":108,"column":3}},"loc":{"start":{"line":108,"column":33},"end":{"line":110,"column":3}},"line":108},"10":{"name":"(anonymous_10)","decl":{"start":{"line":112,"column":2},"end":{"line":112,"column":3}},"loc":{"start":{"line":112,"column":36},"end":{"line":129,"column":3}},"line":112},"11":{"name":"(anonymous_11)","decl":{"start":{"line":116,"column":36},"end":{"line":116,"column":37}},"loc":{"start":{"line":116,"column":62},"end":{"line":128,"column":5}},"line":116},"12":{"name":"(anonymous_12)","decl":{"start":{"line":131,"column":2},"end":{"line":131,"column":3}},"loc":{"start":{"line":131,"column":62},"end":{"line":139,"column":3}},"line":131},"13":{"name":"(anonymous_13)","decl":{"start":{"line":141,"column":2},"end":{"line":141,"column":3}},"loc":{"start":{"line":141,"column":61},"end":{"line":150,"column":3}},"line":141},"14":{"name":"(anonymous_14)","decl":{"start":{"line":152,"column":2},"end":{"line":152,"column":3}},"loc":{"start":{"line":152,"column":59},"end":{"line":161,"column":3}},"line":152},"15":{"name":"(anonymous_15)","decl":{"start":{"line":163,"column":2},"end":{"line":163,"column":3}},"loc":{"start":{"line":163,"column":56},"end":{"line":187,"column":3}},"line":163},"16":{"name":"(anonymous_16)","decl":{"start":{"line":189,"column":2},"end":{"line":189,"column":3}},"loc":{"start":{"line":189,"column":35},"end":{"line":219,"column":3}},"line":189},"17":{"name":"(anonymous_17)","decl":{"start":{"line":198,"column":15},"end":{"line":198,"column":16}},"loc":{"start":{"line":198,"column":21},"end":{"line":200,"column":5}},"line":198},"18":{"name":"(anonymous_18)","decl":{"start":{"line":209,"column":17},"end":{"line":209,"column":18}},"loc":{"start":{"line":209,"column":23},"end":{"line":211,"column":7}},"line":209},"19":{"name":"(anonymous_19)","decl":{"start":{"line":221,"column":2},"end":{"line":221,"column":3}},"loc":{"start":{"line":221,"column":39},"end":{"line":235,"column":3}},"line":221},"20":{"name":"(anonymous_20)","decl":{"start":{"line":222,"column":44},"end":{"line":222,"column":45}},"loc":{"start":{"line":222,"column":78},"end":{"line":234,"column":5}},"line":222},"21":{"name":"(anonymous_21)","decl":{"start":{"line":237,"column":2},"end":{"line":237,"column":3}},"loc":{"start":{"line":237,"column":46},"end":{"line":283,"column":3}},"line":237},"22":{"name":"(anonymous_22)","decl":{"start":{"line":242,"column":21},"end":{"line":242,"column":22}},"loc":{"start":{"line":242,"column":41},"end":{"line":245,"column":5}},"line":242},"23":{"name":"(anonymous_23)","decl":{"start":{"line":247,"column":27},"end":{"line":247,"column":28}},"loc":{"start":{"line":247,"column":44},"end":{"line":264,"column":5}},"line":247},"24":{"name":"(anonymous_24)","decl":{"start":{"line":252,"column":16},"end":{"line":252,"column":17}},"loc":{"start":{"line":252,"column":32},"end":{"line":261,"column":7}},"line":252},"25":{"name":"(anonymous_25)","decl":{"start":{"line":268,"column":21},"end":{"line":268,"column":22}},"loc":{"start":{"line":268,"column":34},"end":{"line":282,"column":5}},"line":268},"26":{"name":"(anonymous_26)","decl":{"start":{"line":285,"column":2},"end":{"line":285,"column":3}},"loc":{"start":{"line":285,"column":101},"end":{"line":291,"column":3}},"line":285},"27":{"name":"(anonymous_27)","decl":{"start":{"line":293,"column":2},"end":{"line":293,"column":3}},"loc":{"start":{"line":293,"column":78},"end":{"line":297,"column":3}},"line":293},"28":{"name":"(anonymous_28)","decl":{"start":{"line":299,"column":2},"end":{"line":299,"column":3}},"loc":{"start":{"line":299,"column":59},"end":{"line":309,"column":3}},"line":299},"29":{"name":"(anonymous_29)","decl":{"start":{"line":311,"column":2},"end":{"line":311,"column":3}},"loc":{"start":{"line":311,"column":42},"end":{"line":334,"column":3}},"line":311},"30":{"name":"(anonymous_30)","decl":{"start":{"line":312,"column":38},"end":{"line":312,"column":39}},"loc":{"start":{"line":312,"column":78},"end":{"line":333,"column":5}},"line":312}},"branchMap":{"0":{"loc":{"start":{"line":36,"column":39},"end":{"line":36,"column":70}},"type":"cond-expr","locations":[{"start":{"line":36,"column":65},"end":{"line":36,"column":66}},{"start":{"line":36,"column":69},"end":{"line":36,"column":70}}],"line":36},"1":{"loc":{"start":{"line":63,"column":6},"end":{"line":67,"column":7}},"type":"if","locations":[{"start":{"line":63,"column":6},"end":{"line":67,"column":7}},{"start":{"line":63,"column":6},"end":{"line":67,"column":7}}],"line":63},"2":{"loc":{"start":{"line":64,"column":39},"end":{"line":64,"column":102}},"type":"binary-expr","locations":[{"start":{"line":64,"column":39},"end":{"line":64,"column":66}},{"start":{"line":64,"column":70},"end":{"line":64,"column":102}}],"line":64},"3":{"loc":{"start":{"line":93,"column":45},"end":{"line":95,"column":30}},"type":"cond-expr","locations":[{"start":{"line":94,"column":10},"end":{"line":94,"column":30}},{"start":{"line":95,"column":10},"end":{"line":95,"column":30}}],"line":93},"4":{"loc":{"start":{"line":100,"column":6},"end":{"line":102,"column":7}},"type":"if","locations":[{"start":{"line":100,"column":6},"end":{"line":102,"column":7}},{"start":{"line":100,"column":6},"end":{"line":102,"column":7}}],"line":100},"5":{"loc":{"start":{"line":171,"column":33},"end":{"line":173,"column":89}},"type":"cond-expr","locations":[{"start":{"line":172,"column":8},"end":{"line":172,"column":90}},{"start":{"line":173,"column":8},"end":{"line":173,"column":89}}],"line":171},"6":{"loc":{"start":{"line":202,"column":4},"end":{"line":212,"column":5}},"type":"if","locations":[{"start":{"line":202,"column":4},"end":{"line":212,"column":5}},{"start":{"line":202,"column":4},"end":{"line":212,"column":5}}],"line":202},"7":{"loc":{"start":{"line":214,"column":4},"end":{"line":216,"column":5}},"type":"if","locations":[{"start":{"line":214,"column":4},"end":{"line":216,"column":5}},{"start":{"line":214,"column":4},"end":{"line":216,"column":5}}],"line":214},"8":{"loc":{"start":{"line":223,"column":6},"end":{"line":233,"column":7}},"type":"switch","locations":[{"start":{"line":224,"column":8},"end":{"line":227,"column":16}},{"start":{"line":228,"column":8},"end":{"line":230,"column":16}},{"start":{"line":231,"column":8},"end":{"line":232,"column":16}}],"line":223},"9":{"loc":{"start":{"line":255,"column":8},"end":{"line":258,"column":9}},"type":"if","locations":[{"start":{"line":255,"column":8},"end":{"line":258,"column":9}},{"start":{"line":255,"column":8},"end":{"line":258,"column":9}}],"line":255},"10":{"loc":{"start":{"line":269,"column":6},"end":{"line":279,"column":7}},"type":"if","locations":[{"start":{"line":269,"column":6},"end":{"line":279,"column":7}},{"start":{"line":269,"column":6},"end":{"line":279,"column":7}}],"line":269},"11":{"loc":{"start":{"line":304,"column":4},"end":{"line":306,"column":5}},"type":"if","locations":[{"start":{"line":304,"column":4},"end":{"line":306,"column":5}},{"start":{"line":304,"column":4},"end":{"line":306,"column":5}}],"line":304},"12":{"loc":{"start":{"line":313,"column":6},"end":{"line":332,"column":7}},"type":"switch","locations":[{"start":{"line":314,"column":8},"end":{"line":321,"column":16}},{"start":{"line":322,"column":8},"end":{"line":329,"column":16}},{"start":{"line":330,"column":8},"end":{"line":331,"column":23}}],"line":313}},"s":{"0":2,"1":2,"2":2,"3":2,"4":2,"5":2,"6":2,"7":0,"8":0,"9":0,"10":0,"11":0,"12":0,"13":0,"14":0,"15":0,"16":0,"17":1,"18":2,"19":1,"20":1,"21":1,"22":2,"23":1,"24":1,"25":1,"26":1,"27":1,"28":1,"29":1,"30":1,"31":1,"32":1,"33":1,"34":1,"35":1,"36":0,"37":1,"38":1,"39":0,"40":0,"41":0,"42":0,"43":0,"44":0,"45":0,"46":1,"47":1,"48":0,"49":0,"50":0,"51":0,"52":0,"53":0,"54":0,"55":0,"56":0,"57":4,"58":4,"59":4,"60":4,"61":4,"62":0,"63":4,"64":0,"65":0,"66":0,"67":0,"68":4,"69":0,"70":4,"71":4,"72":0,"73":0,"74":0,"75":0,"76":0,"77":0,"78":0,"79":0,"80":0,"81":0,"82":0,"83":0,"84":0,"85":0,"86":0,"87":0,"88":0,"89":0,"90":0,"91":0,"92":0,"93":0,"94":0,"95":0,"96":0,"97":0,"98":0,"99":0,"100":2,"101":2,"102":4,"103":4,"104":4,"105":4,"106":4,"107":0,"108":4,"109":4,"110":0,"111":0,"112":0,"113":0,"114":0,"115":0},"f":{"0":2,"1":2,"2":0,"3":0,"4":1,"5":2,"6":1,"7":1,"8":1,"9":1,"10":0,"11":0,"12":0,"13":1,"14":0,"15":0,"16":4,"17":0,"18":0,"19":4,"20":0,"21":0,"22":0,"23":0,"24":0,"25":0,"26":2,"27":4,"28":4,"29":4,"30":0},"b":{"0":[0,0],"1":[1,1],"2":[1,0],"3":[1,0],"4":[0,1],"5":[0,0],"6":[0,4],"7":[0,4],"8":[0,0,0],"9":[0,0],"10":[0,0],"11":[0,4],"12":[0,0,0]},"_coverageSchema":"1a1c01bbd47fc00a2c39e90264f33305004495a9","hash":"985ff348d11c81365609d3725e538189a9f12e20"}
,"H:\\Slider\\src\\plugin\\components\\View\\HandlerView\\HandlerView.ts": {"path":"H:\\Slider\\src\\plugin\\components\\View\\HandlerView\\HandlerView.ts","statementMap":{"0":{"start":{"line":15,"column":4},"end":{"line":15,"column":21}},"1":{"start":{"line":16,"column":4},"end":{"line":16,"column":50}},"2":{"start":{"line":17,"column":4},"end":{"line":17,"column":53}},"3":{"start":{"line":18,"column":4},"end":{"line":18,"column":35}},"4":{"start":{"line":20,"column":4},"end":{"line":20,"column":22}},"5":{"start":{"line":21,"column":4},"end":{"line":21,"column":22}},"6":{"start":{"line":25,"column":30},"end":{"line":25,"column":64}},"7":{"start":{"line":26,"column":4},"end":{"line":26,"column":57}},"8":{"start":{"line":30,"column":4},"end":{"line":30,"column":31}},"9":{"start":{"line":34,"column":4},"end":{"line":34,"column":33}},"10":{"start":{"line":38,"column":4},"end":{"line":40,"column":37}},"11":{"start":{"line":44,"column":4},"end":{"line":44,"column":30}},"12":{"start":{"line":48,"column":41},"end":{"line":52,"column":31}},"13":{"start":{"line":54,"column":4},"end":{"line":54,"column":19}},"14":{"start":{"line":58,"column":4},"end":{"line":58,"column":107}},"15":{"start":{"line":62,"column":4},"end":{"line":64,"column":66}},"16":{"start":{"line":65,"column":4},"end":{"line":65,"column":63}},"17":{"start":{"line":66,"column":4},"end":{"line":66,"column":108}},"18":{"start":{"line":67,"column":4},"end":{"line":67,"column":100}},"19":{"start":{"line":71,"column":19},"end":{"line":71,"column":34}},"20":{"start":{"line":72,"column":4},"end":{"line":72,"column":89}},"21":{"start":{"line":76,"column":4},"end":{"line":76,"column":61}}},"fnMap":{"0":{"name":"(anonymous_0)","decl":{"start":{"line":14,"column":2},"end":{"line":14,"column":3}},"loc":{"start":{"line":14,"column":73},"end":{"line":22,"column":3}},"line":14},"1":{"name":"(anonymous_1)","decl":{"start":{"line":24,"column":2},"end":{"line":24,"column":3}},"loc":{"start":{"line":24,"column":55},"end":{"line":27,"column":3}},"line":24},"2":{"name":"(anonymous_2)","decl":{"start":{"line":29,"column":2},"end":{"line":29,"column":3}},"loc":{"start":{"line":29,"column":28},"end":{"line":31,"column":3}},"line":29},"3":{"name":"(anonymous_3)","decl":{"start":{"line":33,"column":2},"end":{"line":33,"column":3}},"loc":{"start":{"line":33,"column":46},"end":{"line":35,"column":3}},"line":33},"4":{"name":"(anonymous_4)","decl":{"start":{"line":37,"column":2},"end":{"line":37,"column":3}},"loc":{"start":{"line":37,"column":71},"end":{"line":41,"column":3}},"line":37},"5":{"name":"(anonymous_5)","decl":{"start":{"line":43,"column":2},"end":{"line":43,"column":3}},"loc":{"start":{"line":43,"column":27},"end":{"line":45,"column":3}},"line":43},"6":{"name":"(anonymous_6)","decl":{"start":{"line":47,"column":2},"end":{"line":47,"column":3}},"loc":{"start":{"line":47,"column":80},"end":{"line":55,"column":3}},"line":47},"7":{"name":"(anonymous_7)","decl":{"start":{"line":57,"column":2},"end":{"line":57,"column":3}},"loc":{"start":{"line":57,"column":29},"end":{"line":59,"column":3}},"line":57},"8":{"name":"(anonymous_8)","decl":{"start":{"line":61,"column":2},"end":{"line":61,"column":3}},"loc":{"start":{"line":61,"column":46},"end":{"line":68,"column":3}},"line":61},"9":{"name":"(anonymous_9)","decl":{"start":{"line":70,"column":2},"end":{"line":70,"column":3}},"loc":{"start":{"line":70,"column":47},"end":{"line":73,"column":3}},"line":70},"10":{"name":"(anonymous_10)","decl":{"start":{"line":75,"column":2},"end":{"line":75,"column":3}},"loc":{"start":{"line":75,"column":40},"end":{"line":77,"column":3}},"line":75}},"branchMap":{"0":{"loc":{"start":{"line":25,"column":30},"end":{"line":25,"column":64}},"type":"cond-expr","locations":[{"start":{"line":25,"column":50},"end":{"line":25,"column":56}},{"start":{"line":25,"column":59},"end":{"line":25,"column":64}}],"line":25},"1":{"loc":{"start":{"line":38,"column":11},"end":{"line":40,"column":36}},"type":"cond-expr","locations":[{"start":{"line":39,"column":8},"end":{"line":39,"column":34}},{"start":{"line":40,"column":8},"end":{"line":40,"column":36}}],"line":38},"2":{"loc":{"start":{"line":49,"column":13},"end":{"line":51,"column":57}},"type":"cond-expr","locations":[{"start":{"line":50,"column":10},"end":{"line":50,"column":59}},{"start":{"line":51,"column":10},"end":{"line":51,"column":57}}],"line":49},"3":{"loc":{"start":{"line":62,"column":18},"end":{"line":64,"column":65}},"type":"cond-expr","locations":[{"start":{"line":63,"column":8},"end":{"line":63,"column":66}},{"start":{"line":64,"column":8},"end":{"line":64,"column":65}}],"line":62}},"s":{"0":5,"1":5,"2":5,"3":5,"4":5,"5":5,"6":2,"7":2,"8":0,"9":1,"10":1,"11":1,"12":5,"13":5,"14":5,"15":0,"16":0,"17":0,"18":0,"19":0,"20":0,"21":0},"f":{"0":5,"1":2,"2":0,"3":1,"4":1,"5":1,"6":5,"7":5,"8":0,"9":0,"10":0},"b":{"0":[1,1],"1":[1,0],"2":[4,1],"3":[0,0]},"_coverageSchema":"1a1c01bbd47fc00a2c39e90264f33305004495a9","hash":"a493fec8fcc5edeb5f8d8a90fd095c0ea6472b41"}
,"H:\\Slider\\src\\plugin\\components\\View\\SliderBodyView\\SliderBodyView.ts": {"path":"H:\\Slider\\src\\plugin\\components\\View\\SliderBodyView\\SliderBodyView.ts","statementMap":{"0":{"start":{"line":14,"column":4},"end":{"line":14,"column":40}},"1":{"start":{"line":15,"column":4},"end":{"line":15,"column":21}},"2":{"start":{"line":16,"column":4},"end":{"line":16,"column":57}},"3":{"start":{"line":17,"column":4},"end":{"line":17,"column":33}},"4":{"start":{"line":19,"column":4},"end":{"line":19,"column":22}},"5":{"start":{"line":20,"column":4},"end":{"line":20,"column":23}},"6":{"start":{"line":24,"column":4},"end":{"line":24,"column":21}},"7":{"start":{"line":25,"column":4},"end":{"line":25,"column":21}},"8":{"start":{"line":29,"column":4},"end":{"line":29,"column":28}},"9":{"start":{"line":33,"column":4},"end":{"line":35,"column":39}},"10":{"start":{"line":39,"column":4},"end":{"line":39,"column":29}},"11":{"start":{"line":41,"column":30},"end":{"line":41,"column":64}},"12":{"start":{"line":42,"column":35},"end":{"line":42,"column":76}},"13":{"start":{"line":43,"column":49},"end":{"line":43,"column":51}},"14":{"start":{"line":44,"column":4},"end":{"line":44,"column":42}},"15":{"start":{"line":46,"column":4},"end":{"line":54,"column":5}},"16":{"start":{"line":47,"column":6},"end":{"line":47,"column":59}},"17":{"start":{"line":49,"column":27},"end":{"line":51,"column":45}},"18":{"start":{"line":53,"column":6},"end":{"line":53,"column":39}},"19":{"start":{"line":56,"column":4},"end":{"line":67,"column":9}},"20":{"start":{"line":57,"column":30},"end":{"line":57,"column":54}},"21":{"start":{"line":58,"column":29},"end":{"line":58,"column":52}},"22":{"start":{"line":60,"column":8},"end":{"line":66,"column":88}},"23":{"start":{"line":71,"column":4},"end":{"line":73,"column":7}},"24":{"start":{"line":72,"column":6},"end":{"line":72,"column":24}},"25":{"start":{"line":77,"column":4},"end":{"line":81,"column":5}},"26":{"start":{"line":78,"column":6},"end":{"line":78,"column":49}},"27":{"start":{"line":80,"column":6},"end":{"line":80,"column":31}},"28":{"start":{"line":85,"column":4},"end":{"line":85,"column":115}},"29":{"start":{"line":89,"column":44},"end":{"line":93,"column":31}},"30":{"start":{"line":95,"column":4},"end":{"line":95,"column":22}},"31":{"start":{"line":99,"column":4},"end":{"line":99,"column":70}},"32":{"start":{"line":103,"column":28},"end":{"line":103,"column":40}},"33":{"start":{"line":104,"column":33},"end":{"line":106,"column":21}},"34":{"start":{"line":108,"column":4},"end":{"line":110,"column":5}},"35":{"start":{"line":109,"column":6},"end":{"line":109,"column":92}},"36":{"start":{"line":114,"column":4},"end":{"line":114,"column":65}},"37":{"start":{"line":115,"column":4},"end":{"line":115,"column":73}}},"fnMap":{"0":{"name":"(anonymous_0)","decl":{"start":{"line":13,"column":2},"end":{"line":13,"column":3}},"loc":{"start":{"line":13,"column":73},"end":{"line":21,"column":3}},"line":13},"1":{"name":"(anonymous_1)","decl":{"start":{"line":23,"column":2},"end":{"line":23,"column":3}},"loc":{"start":{"line":23,"column":39},"end":{"line":26,"column":3}},"line":23},"2":{"name":"(anonymous_2)","decl":{"start":{"line":28,"column":2},"end":{"line":28,"column":3}},"loc":{"start":{"line":28,"column":34},"end":{"line":30,"column":3}},"line":28},"3":{"name":"(anonymous_3)","decl":{"start":{"line":32,"column":2},"end":{"line":32,"column":3}},"loc":{"start":{"line":32,"column":39},"end":{"line":36,"column":3}},"line":32},"4":{"name":"(anonymous_4)","decl":{"start":{"line":38,"column":2},"end":{"line":38,"column":3}},"loc":{"start":{"line":38,"column":64},"end":{"line":68,"column":3}},"line":38},"5":{"name":"(anonymous_5)","decl":{"start":{"line":57,"column":14},"end":{"line":57,"column":15}},"loc":{"start":{"line":57,"column":30},"end":{"line":57,"column":54}},"line":57},"6":{"name":"(anonymous_6)","decl":{"start":{"line":57,"column":60},"end":{"line":57,"column":61}},"loc":{"start":{"line":57,"column":94},"end":{"line":67,"column":7}},"line":57},"7":{"name":"(anonymous_7)","decl":{"start":{"line":70,"column":2},"end":{"line":70,"column":3}},"loc":{"start":{"line":70,"column":35},"end":{"line":74,"column":3}},"line":70},"8":{"name":"(anonymous_8)","decl":{"start":{"line":71,"column":36},"end":{"line":71,"column":37}},"loc":{"start":{"line":71,"column":71},"end":{"line":73,"column":5}},"line":71},"9":{"name":"(anonymous_9)","decl":{"start":{"line":76,"column":2},"end":{"line":76,"column":3}},"loc":{"start":{"line":76,"column":102},"end":{"line":82,"column":3}},"line":76},"10":{"name":"(anonymous_10)","decl":{"start":{"line":84,"column":2},"end":{"line":84,"column":3}},"loc":{"start":{"line":84,"column":71},"end":{"line":86,"column":3}},"line":84},"11":{"name":"(anonymous_11)","decl":{"start":{"line":88,"column":2},"end":{"line":88,"column":3}},"loc":{"start":{"line":88,"column":62},"end":{"line":96,"column":3}},"line":88},"12":{"name":"(anonymous_12)","decl":{"start":{"line":98,"column":2},"end":{"line":98,"column":3}},"loc":{"start":{"line":98,"column":37},"end":{"line":100,"column":3}},"line":98},"13":{"name":"(anonymous_13)","decl":{"start":{"line":102,"column":2},"end":{"line":102,"column":3}},"loc":{"start":{"line":102,"column":45},"end":{"line":111,"column":3}},"line":102},"14":{"name":"(anonymous_14)","decl":{"start":{"line":113,"column":2},"end":{"line":113,"column":3}},"loc":{"start":{"line":113,"column":30},"end":{"line":116,"column":3}},"line":113}},"branchMap":{"0":{"loc":{"start":{"line":33,"column":11},"end":{"line":35,"column":38}},"type":"cond-expr","locations":[{"start":{"line":34,"column":8},"end":{"line":34,"column":37}},{"start":{"line":35,"column":8},"end":{"line":35,"column":38}}],"line":33},"1":{"loc":{"start":{"line":41,"column":30},"end":{"line":41,"column":64}},"type":"cond-expr","locations":[{"start":{"line":41,"column":50},"end":{"line":41,"column":56}},{"start":{"line":41,"column":59},"end":{"line":41,"column":64}}],"line":41},"2":{"loc":{"start":{"line":49,"column":27},"end":{"line":51,"column":45}},"type":"cond-expr","locations":[{"start":{"line":50,"column":10},"end":{"line":50,"column":44}},{"start":{"line":51,"column":10},"end":{"line":51,"column":45}}],"line":49},"3":{"loc":{"start":{"line":77,"column":4},"end":{"line":81,"column":5}},"type":"if","locations":[{"start":{"line":77,"column":4},"end":{"line":81,"column":5}},{"start":{"line":77,"column":4},"end":{"line":81,"column":5}}],"line":77},"4":{"loc":{"start":{"line":90,"column":13},"end":{"line":92,"column":51}},"type":"cond-expr","locations":[{"start":{"line":91,"column":10},"end":{"line":91,"column":53}},{"start":{"line":92,"column":10},"end":{"line":92,"column":51}}],"line":90},"5":{"loc":{"start":{"line":104,"column":33},"end":{"line":106,"column":21}},"type":"cond-expr","locations":[{"start":{"line":105,"column":8},"end":{"line":105,"column":21}},{"start":{"line":106,"column":8},"end":{"line":106,"column":21}}],"line":104},"6":{"loc":{"start":{"line":108,"column":4},"end":{"line":110,"column":5}},"type":"if","locations":[{"start":{"line":108,"column":4},"end":{"line":110,"column":5}},{"start":{"line":108,"column":4},"end":{"line":110,"column":5}}],"line":108}},"s":{"0":5,"1":5,"2":5,"3":5,"4":5,"5":5,"6":3,"7":3,"8":2,"9":2,"10":1,"11":1,"12":1,"13":1,"14":1,"15":1,"16":11,"17":11,"18":11,"19":1,"20":12,"21":11,"22":11,"23":2,"24":11,"25":0,"26":0,"27":0,"28":0,"29":5,"30":5,"31":0,"32":0,"33":0,"34":0,"35":0,"36":5,"37":5},"f":{"0":5,"1":3,"2":2,"3":2,"4":1,"5":12,"6":11,"7":2,"8":11,"9":0,"10":0,"11":5,"12":0,"13":0,"14":5},"b":{"0":[1,1],"1":[0,1],"2":[0,11],"3":[0,0],"4":[4,1],"5":[0,0],"6":[0,0]},"_coverageSchema":"1a1c01bbd47fc00a2c39e90264f33305004495a9","hash":"374140567e36bd599e3ca43c883cbb1c0f2626e2"}
,"H:\\Slider\\src\\plugin\\components\\View\\TooltipView\\TooltipView.ts": {"path":"H:\\Slider\\src\\plugin\\components\\View\\TooltipView\\TooltipView.ts","statementMap":{"0":{"start":{"line":7,"column":4},"end":{"line":7,"column":25}},"1":{"start":{"line":8,"column":4},"end":{"line":8,"column":38}},"2":{"start":{"line":9,"column":4},"end":{"line":9,"column":21}},"3":{"start":{"line":13,"column":4},"end":{"line":13,"column":32}},"4":{"start":{"line":17,"column":4},"end":{"line":21,"column":34}},"5":{"start":{"line":22,"column":4},"end":{"line":22,"column":25}},"6":{"start":{"line":26,"column":4},"end":{"line":26,"column":34}}},"fnMap":{"0":{"name":"(anonymous_0)","decl":{"start":{"line":6,"column":2},"end":{"line":6,"column":3}},"loc":{"start":{"line":6,"column":52},"end":{"line":10,"column":3}},"line":6},"1":{"name":"(anonymous_1)","decl":{"start":{"line":12,"column":2},"end":{"line":12,"column":3}},"loc":{"start":{"line":12,"column":41},"end":{"line":14,"column":3}},"line":12},"2":{"name":"(anonymous_2)","decl":{"start":{"line":16,"column":2},"end":{"line":16,"column":3}},"loc":{"start":{"line":16,"column":44},"end":{"line":23,"column":3}},"line":16},"3":{"name":"(anonymous_3)","decl":{"start":{"line":25,"column":2},"end":{"line":25,"column":3}},"loc":{"start":{"line":25,"column":46},"end":{"line":27,"column":3}},"line":25}},"branchMap":{"0":{"loc":{"start":{"line":18,"column":13},"end":{"line":20,"column":57}},"type":"cond-expr","locations":[{"start":{"line":19,"column":10},"end":{"line":19,"column":59}},{"start":{"line":20,"column":10},"end":{"line":20,"column":57}}],"line":18}},"s":{"0":6,"1":6,"2":6,"3":1,"4":3,"5":3,"6":1},"f":{"0":6,"1":1,"2":3,"3":1},"b":{"0":[3,0]},"_coverageSchema":"1a1c01bbd47fc00a2c39e90264f33305004495a9","hash":"25aec13c71309877cb1349dfd943a5fddd640a5f"}
}
