{"H:\\Slider\\src\\plugin\\components\\Controller\\Controller.ts": {"path":"H:\\Slider\\src\\plugin\\components\\Controller\\Controller.ts","statementMap":{"0":{"start":{"line":15,"column":4},"end":{"line":15,"column":33}},"1":{"start":{"line":16,"column":4},"end":{"line":16,"column":34}},"2":{"start":{"line":20,"column":4},"end":{"line":28,"column":7}},"3":{"start":{"line":21,"column":6},"end":{"line":27,"column":7}},"4":{"start":{"line":23,"column":10},"end":{"line":23,"column":37}},"5":{"start":{"line":24,"column":10},"end":{"line":24,"column":16}},"6":{"start":{"line":26,"column":10},"end":{"line":26,"column":16}},"7":{"start":{"line":32,"column":4},"end":{"line":32,"column":41}},"8":{"start":{"line":36,"column":4},"end":{"line":36,"column":46}},"9":{"start":{"line":40,"column":4},"end":{"line":40,"column":47}},"10":{"start":{"line":44,"column":4},"end":{"line":44,"column":48}},"11":{"start":{"line":48,"column":4},"end":{"line":48,"column":36}},"12":{"start":{"line":52,"column":4},"end":{"line":52,"column":47}},"13":{"start":{"line":56,"column":4},"end":{"line":56,"column":50}},"14":{"start":{"line":60,"column":4},"end":{"line":60,"column":50}},"15":{"start":{"line":64,"column":4},"end":{"line":74,"column":7}},"16":{"start":{"line":65,"column":6},"end":{"line":73,"column":7}},"17":{"start":{"line":69,"column":10},"end":{"line":69,"column":42}},"18":{"start":{"line":70,"column":10},"end":{"line":70,"column":16}},"19":{"start":{"line":72,"column":10},"end":{"line":72,"column":16}},"20":{"start":{"line":78,"column":4},"end":{"line":99,"column":7}},"21":{"start":{"line":79,"column":6},"end":{"line":98,"column":7}},"22":{"start":{"line":81,"column":10},"end":{"line":81,"column":50}},"23":{"start":{"line":82,"column":10},"end":{"line":82,"column":16}},"24":{"start":{"line":88,"column":10},"end":{"line":88,"column":34}},"25":{"start":{"line":89,"column":10},"end":{"line":89,"column":16}},"26":{"start":{"line":91,"column":10},"end":{"line":91,"column":67}},"27":{"start":{"line":92,"column":10},"end":{"line":92,"column":16}},"28":{"start":{"line":94,"column":10},"end":{"line":94,"column":49}},"29":{"start":{"line":95,"column":10},"end":{"line":95,"column":16}},"30":{"start":{"line":97,"column":10},"end":{"line":97,"column":16}}},"fnMap":{"0":{"name":"(anonymous_0)","decl":{"start":{"line":14,"column":2},"end":{"line":14,"column":3}},"loc":{"start":{"line":14,"column":60},"end":{"line":17,"column":3}},"line":14},"1":{"name":"(anonymous_1)","decl":{"start":{"line":19,"column":2},"end":{"line":19,"column":3}},"loc":{"start":{"line":19,"column":58},"end":{"line":29,"column":3}},"line":19},"2":{"name":"(anonymous_2)","decl":{"start":{"line":20,"column":46},"end":{"line":20,"column":47}},"loc":{"start":{"line":20,"column":87},"end":{"line":28,"column":5}},"line":20},"3":{"name":"(anonymous_3)","decl":{"start":{"line":31,"column":2},"end":{"line":31,"column":3}},"loc":{"start":{"line":31,"column":71},"end":{"line":33,"column":3}},"line":31},"4":{"name":"(anonymous_4)","decl":{"start":{"line":35,"column":2},"end":{"line":35,"column":3}},"loc":{"start":{"line":35,"column":50},"end":{"line":37,"column":3}},"line":35},"5":{"name":"(anonymous_5)","decl":{"start":{"line":39,"column":2},"end":{"line":39,"column":3}},"loc":{"start":{"line":39,"column":56},"end":{"line":41,"column":3}},"line":39},"6":{"name":"(anonymous_6)","decl":{"start":{"line":43,"column":2},"end":{"line":43,"column":3}},"loc":{"start":{"line":43,"column":57},"end":{"line":45,"column":3}},"line":43},"7":{"name":"(anonymous_7)","decl":{"start":{"line":47,"column":2},"end":{"line":47,"column":3}},"loc":{"start":{"line":47,"column":35},"end":{"line":49,"column":3}},"line":47},"8":{"name":"(anonymous_8)","decl":{"start":{"line":51,"column":2},"end":{"line":51,"column":3}},"loc":{"start":{"line":51,"column":48},"end":{"line":53,"column":3}},"line":51},"9":{"name":"(anonymous_9)","decl":{"start":{"line":55,"column":2},"end":{"line":55,"column":3}},"loc":{"start":{"line":55,"column":51},"end":{"line":57,"column":3}},"line":55},"10":{"name":"(anonymous_10)","decl":{"start":{"line":59,"column":2},"end":{"line":59,"column":3}},"loc":{"start":{"line":59,"column":51},"end":{"line":61,"column":3}},"line":59},"11":{"name":"(anonymous_11)","decl":{"start":{"line":63,"column":2},"end":{"line":63,"column":3}},"loc":{"start":{"line":63,"column":40},"end":{"line":75,"column":3}},"line":63},"12":{"name":"(anonymous_12)","decl":{"start":{"line":64,"column":38},"end":{"line":64,"column":39}},"loc":{"start":{"line":64,"column":86},"end":{"line":74,"column":5}},"line":64},"13":{"name":"(anonymous_13)","decl":{"start":{"line":77,"column":2},"end":{"line":77,"column":3}},"loc":{"start":{"line":77,"column":41},"end":{"line":100,"column":3}},"line":77},"14":{"name":"(anonymous_14)","decl":{"start":{"line":78,"column":39},"end":{"line":78,"column":40}},"loc":{"start":{"line":78,"column":80},"end":{"line":99,"column":5}},"line":78}},"branchMap":{"0":{"loc":{"start":{"line":21,"column":6},"end":{"line":27,"column":7}},"type":"switch","locations":[{"start":{"line":22,"column":8},"end":{"line":24,"column":16}},{"start":{"line":25,"column":8},"end":{"line":26,"column":16}}],"line":21},"1":{"loc":{"start":{"line":65,"column":6},"end":{"line":73,"column":7}},"type":"switch","locations":[{"start":{"line":66,"column":8},"end":{"line":66,"column":45}},{"start":{"line":67,"column":8},"end":{"line":67,"column":56}},{"start":{"line":68,"column":8},"end":{"line":70,"column":16}},{"start":{"line":71,"column":8},"end":{"line":72,"column":16}}],"line":65},"2":{"loc":{"start":{"line":79,"column":6},"end":{"line":98,"column":7}},"type":"switch","locations":[{"start":{"line":80,"column":8},"end":{"line":82,"column":16}},{"start":{"line":83,"column":8},"end":{"line":83,"column":54}},{"start":{"line":84,"column":8},"end":{"line":84,"column":54}},{"start":{"line":85,"column":8},"end":{"line":85,"column":44}},{"start":{"line":86,"column":8},"end":{"line":86,"column":45}},{"start":{"line":87,"column":8},"end":{"line":89,"column":16}},{"start":{"line":90,"column":8},"end":{"line":92,"column":16}},{"start":{"line":93,"column":8},"end":{"line":95,"column":16}},{"start":{"line":96,"column":8},"end":{"line":97,"column":16}}],"line":79}},"s":{"0":1,"1":1,"2":1,"3":9,"4":5,"5":5,"6":4,"7":1,"8":1,"9":1,"10":1,"11":1,"12":0,"13":0,"14":0,"15":1,"16":4,"17":4,"18":4,"19":0,"20":1,"21":9,"22":5,"23":5,"24":2,"25":2,"26":1,"27":1,"28":1,"29":1,"30":0},"f":{"0":1,"1":1,"2":9,"3":1,"4":1,"5":1,"6":1,"7":1,"8":0,"9":0,"10":0,"11":1,"12":4,"13":1,"14":9},"b":{"0":[5,4],"1":[4,4,4,0],"2":[5,0,0,0,1,2,1,1,0]},"_coverageSchema":"1a1c01bbd47fc00a2c39e90264f33305004495a9","hash":"4f37cc24d2cc41aeda8d796e4212b67247fb4d66"}
,"H:\\Slider\\src\\plugin\\components\\Model\\Model.ts": {"path":"H:\\Slider\\src\\plugin\\components\\Model\\Model.ts","statementMap":{"0":{"start":{"line":33,"column":4},"end":{"line":33,"column":35}},"1":{"start":{"line":34,"column":4},"end":{"line":34,"column":37}},"2":{"start":{"line":38,"column":4},"end":{"line":43,"column":5}},"3":{"start":{"line":39,"column":6},"end":{"line":39,"column":33}},"4":{"start":{"line":40,"column":6},"end":{"line":40,"column":115}},"5":{"start":{"line":42,"column":6},"end":{"line":42,"column":64}},"6":{"start":{"line":47,"column":4},"end":{"line":53,"column":5}},"7":{"start":{"line":48,"column":6},"end":{"line":48,"column":23}},"8":{"start":{"line":50,"column":6},"end":{"line":50,"column":99}},"9":{"start":{"line":52,"column":6},"end":{"line":52,"column":60}},"10":{"start":{"line":57,"column":4},"end":{"line":57,"column":37}},"11":{"start":{"line":59,"column":4},"end":{"line":59,"column":111}},"12":{"start":{"line":63,"column":4},"end":{"line":63,"column":32}},"13":{"start":{"line":65,"column":4},"end":{"line":65,"column":127}},"14":{"start":{"line":69,"column":32},"end":{"line":69,"column":52}},"15":{"start":{"line":71,"column":4},"end":{"line":71,"column":37}},"16":{"start":{"line":75,"column":4},"end":{"line":75,"column":29}},"17":{"start":{"line":79,"column":42},"end":{"line":79,"column":44}},"18":{"start":{"line":80,"column":29},"end":{"line":80,"column":51}},"19":{"start":{"line":82,"column":4},"end":{"line":85,"column":5}},"20":{"start":{"line":83,"column":6},"end":{"line":83,"column":43}},"21":{"start":{"line":84,"column":6},"end":{"line":84,"column":44}},"22":{"start":{"line":87,"column":4},"end":{"line":87,"column":43}},"23":{"start":{"line":89,"column":4},"end":{"line":89,"column":28}},"24":{"start":{"line":93,"column":4},"end":{"line":93,"column":57}},"25":{"start":{"line":95,"column":26},"end":{"line":95,"column":60}},"26":{"start":{"line":97,"column":4},"end":{"line":106,"column":5}},"27":{"start":{"line":98,"column":6},"end":{"line":105,"column":9}},"28":{"start":{"line":110,"column":33},"end":{"line":110,"column":54}},"29":{"start":{"line":111,"column":30},"end":{"line":111,"column":62}},"30":{"start":{"line":113,"column":4},"end":{"line":121,"column":5}},"31":{"start":{"line":114,"column":6},"end":{"line":114,"column":51}},"32":{"start":{"line":116,"column":6},"end":{"line":116,"column":34}},"33":{"start":{"line":118,"column":6},"end":{"line":118,"column":121}},"34":{"start":{"line":120,"column":6},"end":{"line":120,"column":78}},"35":{"start":{"line":125,"column":4},"end":{"line":132,"column":5}},"36":{"start":{"line":126,"column":6},"end":{"line":126,"column":37}},"37":{"start":{"line":127,"column":6},"end":{"line":127,"column":34}},"38":{"start":{"line":129,"column":6},"end":{"line":129,"column":140}},"39":{"start":{"line":131,"column":6},"end":{"line":131,"column":85}},"40":{"start":{"line":136,"column":4},"end":{"line":144,"column":5}},"41":{"start":{"line":137,"column":6},"end":{"line":137,"column":37}},"42":{"start":{"line":139,"column":6},"end":{"line":139,"column":34}},"43":{"start":{"line":141,"column":6},"end":{"line":141,"column":140}},"44":{"start":{"line":143,"column":6},"end":{"line":143,"column":82}},"45":{"start":{"line":148,"column":4},"end":{"line":159,"column":26}},"46":{"start":{"line":163,"column":4},"end":{"line":163,"column":57}},"47":{"start":{"line":164,"column":4},"end":{"line":164,"column":57}},"48":{"start":{"line":165,"column":4},"end":{"line":165,"column":39}},"49":{"start":{"line":166,"column":4},"end":{"line":166,"column":41}},"50":{"start":{"line":167,"column":4},"end":{"line":167,"column":31}},"51":{"start":{"line":171,"column":4},"end":{"line":171,"column":40}},"52":{"start":{"line":172,"column":4},"end":{"line":172,"column":20}},"53":{"start":{"line":173,"column":4},"end":{"line":173,"column":41}},"54":{"start":{"line":174,"column":4},"end":{"line":174,"column":29}},"55":{"start":{"line":175,"column":4},"end":{"line":175,"column":39}},"56":{"start":{"line":176,"column":4},"end":{"line":176,"column":43}},"57":{"start":{"line":177,"column":4},"end":{"line":177,"column":55}},"58":{"start":{"line":178,"column":4},"end":{"line":178,"column":55}},"59":{"start":{"line":179,"column":4},"end":{"line":179,"column":37}},"60":{"start":{"line":180,"column":4},"end":{"line":180,"column":51}},"61":{"start":{"line":187,"column":8},"end":{"line":187,"column":18}},"62":{"start":{"line":189,"column":28},"end":{"line":189,"column":33}},"63":{"start":{"line":191,"column":4},"end":{"line":194,"column":5}},"64":{"start":{"line":192,"column":6},"end":{"line":192,"column":31}},"65":{"start":{"line":193,"column":6},"end":{"line":193,"column":37}},"66":{"start":{"line":196,"column":4},"end":{"line":199,"column":5}},"67":{"start":{"line":197,"column":6},"end":{"line":197,"column":37}},"68":{"start":{"line":198,"column":6},"end":{"line":198,"column":31}},"69":{"start":{"line":201,"column":4},"end":{"line":203,"column":5}},"70":{"start":{"line":202,"column":6},"end":{"line":202,"column":102}},"71":{"start":{"line":205,"column":4},"end":{"line":205,"column":29}},"72":{"start":{"line":209,"column":28},"end":{"line":209,"column":50}},"73":{"start":{"line":211,"column":4},"end":{"line":217,"column":7}},"74":{"start":{"line":212,"column":32},"end":{"line":212,"column":59}},"75":{"start":{"line":213,"column":32},"end":{"line":213,"column":76}},"76":{"start":{"line":215,"column":6},"end":{"line":215,"column":52}},"77":{"start":{"line":215,"column":30},"end":{"line":215,"column":52}},"78":{"start":{"line":216,"column":6},"end":{"line":216,"column":19}},"79":{"start":{"line":219,"column":4},"end":{"line":219,"column":21}}},"fnMap":{"0":{"name":"(anonymous_0)","decl":{"start":{"line":32,"column":2},"end":{"line":32,"column":3}},"loc":{"start":{"line":32,"column":41},"end":{"line":35,"column":3}},"line":32},"1":{"name":"(anonymous_1)","decl":{"start":{"line":37,"column":2},"end":{"line":37,"column":3}},"loc":{"start":{"line":37,"column":50},"end":{"line":44,"column":3}},"line":37},"2":{"name":"(anonymous_2)","decl":{"start":{"line":46,"column":2},"end":{"line":46,"column":3}},"loc":{"start":{"line":46,"column":35},"end":{"line":54,"column":3}},"line":46},"3":{"name":"(anonymous_3)","decl":{"start":{"line":56,"column":2},"end":{"line":56,"column":3}},"loc":{"start":{"line":56,"column":62},"end":{"line":60,"column":3}},"line":56},"4":{"name":"(anonymous_4)","decl":{"start":{"line":62,"column":2},"end":{"line":62,"column":3}},"loc":{"start":{"line":62,"column":57},"end":{"line":66,"column":3}},"line":62},"5":{"name":"(anonymous_5)","decl":{"start":{"line":68,"column":2},"end":{"line":68,"column":3}},"loc":{"start":{"line":68,"column":47},"end":{"line":72,"column":3}},"line":68},"6":{"name":"(anonymous_6)","decl":{"start":{"line":74,"column":2},"end":{"line":74,"column":3}},"loc":{"start":{"line":74,"column":32},"end":{"line":76,"column":3}},"line":74},"7":{"name":"(anonymous_7)","decl":{"start":{"line":78,"column":2},"end":{"line":78,"column":3}},"loc":{"start":{"line":78,"column":42},"end":{"line":90,"column":3}},"line":78},"8":{"name":"(anonymous_8)","decl":{"start":{"line":92,"column":2},"end":{"line":92,"column":3}},"loc":{"start":{"line":92,"column":63},"end":{"line":107,"column":3}},"line":92},"9":{"name":"(anonymous_9)","decl":{"start":{"line":109,"column":2},"end":{"line":109,"column":3}},"loc":{"start":{"line":109,"column":48},"end":{"line":122,"column":3}},"line":109},"10":{"name":"(anonymous_10)","decl":{"start":{"line":124,"column":2},"end":{"line":124,"column":3}},"loc":{"start":{"line":124,"column":51},"end":{"line":133,"column":3}},"line":124},"11":{"name":"(anonymous_11)","decl":{"start":{"line":135,"column":2},"end":{"line":135,"column":3}},"loc":{"start":{"line":135,"column":51},"end":{"line":145,"column":3}},"line":135},"12":{"name":"(anonymous_12)","decl":{"start":{"line":147,"column":2},"end":{"line":147,"column":3}},"loc":{"start":{"line":147,"column":44},"end":{"line":160,"column":3}},"line":147},"13":{"name":"(anonymous_13)","decl":{"start":{"line":162,"column":2},"end":{"line":162,"column":3}},"loc":{"start":{"line":162,"column":56},"end":{"line":168,"column":3}},"line":162},"14":{"name":"(anonymous_14)","decl":{"start":{"line":170,"column":2},"end":{"line":170,"column":3}},"loc":{"start":{"line":170,"column":54},"end":{"line":181,"column":3}},"line":170},"15":{"name":"(anonymous_15)","decl":{"start":{"line":183,"column":2},"end":{"line":183,"column":3}},"loc":{"start":{"line":183,"column":63},"end":{"line":206,"column":3}},"line":183},"16":{"name":"(anonymous_16)","decl":{"start":{"line":208,"column":2},"end":{"line":208,"column":3}},"loc":{"start":{"line":208,"column":56},"end":{"line":220,"column":3}},"line":208},"17":{"name":"(anonymous_17)","decl":{"start":{"line":211,"column":26},"end":{"line":211,"column":27}},"loc":{"start":{"line":211,"column":51},"end":{"line":217,"column":5}},"line":211}},"branchMap":{"0":{"loc":{"start":{"line":38,"column":4},"end":{"line":43,"column":5}},"type":"if","locations":[{"start":{"line":38,"column":4},"end":{"line":43,"column":5}},{"start":{"line":38,"column":4},"end":{"line":43,"column":5}}],"line":38},"1":{"loc":{"start":{"line":38,"column":8},"end":{"line":38,"column":72}},"type":"binary-expr","locations":[{"start":{"line":38,"column":8},"end":{"line":38,"column":38}},{"start":{"line":38,"column":42},"end":{"line":38,"column":72}}],"line":38},"2":{"loc":{"start":{"line":47,"column":4},"end":{"line":53,"column":5}},"type":"if","locations":[{"start":{"line":47,"column":4},"end":{"line":53,"column":5}},{"start":{"line":47,"column":4},"end":{"line":53,"column":5}}],"line":47},"3":{"loc":{"start":{"line":47,"column":8},"end":{"line":47,"column":36}},"type":"binary-expr","locations":[{"start":{"line":47,"column":8},"end":{"line":47,"column":20}},{"start":{"line":47,"column":24},"end":{"line":47,"column":36}}],"line":47},"4":{"loc":{"start":{"line":97,"column":4},"end":{"line":106,"column":5}},"type":"if","locations":[{"start":{"line":97,"column":4},"end":{"line":106,"column":5}},{"start":{"line":97,"column":4},"end":{"line":106,"column":5}}],"line":97},"5":{"loc":{"start":{"line":113,"column":4},"end":{"line":121,"column":5}},"type":"if","locations":[{"start":{"line":113,"column":4},"end":{"line":121,"column":5}},{"start":{"line":113,"column":4},"end":{"line":121,"column":5}}],"line":113},"6":{"loc":{"start":{"line":113,"column":8},"end":{"line":113,"column":77}},"type":"binary-expr","locations":[{"start":{"line":113,"column":8},"end":{"line":113,"column":49}},{"start":{"line":113,"column":53},"end":{"line":113,"column":77}}],"line":113},"7":{"loc":{"start":{"line":125,"column":4},"end":{"line":132,"column":5}},"type":"if","locations":[{"start":{"line":125,"column":4},"end":{"line":132,"column":5}},{"start":{"line":125,"column":4},"end":{"line":132,"column":5}}],"line":125},"8":{"loc":{"start":{"line":136,"column":4},"end":{"line":144,"column":5}},"type":"if","locations":[{"start":{"line":136,"column":4},"end":{"line":144,"column":5}},{"start":{"line":136,"column":4},"end":{"line":144,"column":5}}],"line":136},"9":{"loc":{"start":{"line":153,"column":23},"end":{"line":153,"column":67}},"type":"binary-expr","locations":[{"start":{"line":153,"column":23},"end":{"line":153,"column":42}},{"start":{"line":153,"column":46},"end":{"line":153,"column":67}}],"line":153},"10":{"loc":{"start":{"line":154,"column":23},"end":{"line":154,"column":67}},"type":"binary-expr","locations":[{"start":{"line":154,"column":23},"end":{"line":154,"column":42}},{"start":{"line":154,"column":46},"end":{"line":154,"column":67}}],"line":154},"11":{"loc":{"start":{"line":191,"column":4},"end":{"line":194,"column":5}},"type":"if","locations":[{"start":{"line":191,"column":4},"end":{"line":194,"column":5}},{"start":{"line":191,"column":4},"end":{"line":194,"column":5}}],"line":191},"12":{"loc":{"start":{"line":191,"column":8},"end":{"line":191,"column":64}},"type":"binary-expr","locations":[{"start":{"line":191,"column":8},"end":{"line":191,"column":41}},{"start":{"line":191,"column":45},"end":{"line":191,"column":64}}],"line":191},"13":{"loc":{"start":{"line":196,"column":4},"end":{"line":199,"column":5}},"type":"if","locations":[{"start":{"line":196,"column":4},"end":{"line":199,"column":5}},{"start":{"line":196,"column":4},"end":{"line":199,"column":5}}],"line":196},"14":{"loc":{"start":{"line":196,"column":8},"end":{"line":196,"column":64}},"type":"binary-expr","locations":[{"start":{"line":196,"column":8},"end":{"line":196,"column":41}},{"start":{"line":196,"column":45},"end":{"line":196,"column":64}}],"line":196},"15":{"loc":{"start":{"line":201,"column":4},"end":{"line":203,"column":5}},"type":"if","locations":[{"start":{"line":201,"column":4},"end":{"line":203,"column":5}},{"start":{"line":201,"column":4},"end":{"line":203,"column":5}}],"line":201},"16":{"loc":{"start":{"line":215,"column":6},"end":{"line":215,"column":52}},"type":"if","locations":[{"start":{"line":215,"column":6},"end":{"line":215,"column":52}},{"start":{"line":215,"column":6},"end":{"line":215,"column":52}}],"line":215}},"s":{"0":15,"1":15,"2":17,"3":17,"4":17,"5":0,"6":17,"7":17,"8":17,"9":0,"10":2,"11":2,"12":2,"13":2,"14":181,"15":181,"16":1,"17":66,"18":66,"19":66,"20":6056,"21":6056,"22":66,"23":66,"24":6,"25":6,"26":6,"27":6,"28":18,"29":18,"30":18,"31":17,"32":17,"33":17,"34":1,"35":17,"36":16,"37":16,"38":16,"39":1,"40":17,"41":17,"42":17,"43":17,"44":0,"45":181,"46":15,"47":15,"48":15,"49":15,"50":15,"51":15,"52":15,"53":15,"54":15,"55":15,"56":15,"57":15,"58":15,"59":15,"60":15,"61":6,"62":6,"63":6,"64":0,"65":0,"66":6,"67":0,"68":0,"69":6,"70":0,"71":6,"72":6,"73":6,"74":501,"75":501,"76":501,"77":49,"78":501,"79":6},"f":{"0":15,"1":17,"2":17,"3":2,"4":2,"5":181,"6":1,"7":66,"8":6,"9":18,"10":17,"11":17,"12":181,"13":15,"14":15,"15":6,"16":6,"17":501},"b":{"0":[17,0],"1":[17,2],"2":[17,0],"3":[17,3],"4":[6,0],"5":[17,1],"6":[18,17],"7":[16,1],"8":[17,0],"9":[181,143],"10":[181,157],"11":[0,6],"12":[6,4],"13":[0,6],"14":[6,2],"15":[0,6],"16":[49,452]},"_coverageSchema":"1a1c01bbd47fc00a2c39e90264f33305004495a9","hash":"313d368873b2c8a9382fe8faea04076074ad42a9"}
,"H:\\Slider\\src\\plugin\\components\\Observer\\Observer.ts": {"path":"H:\\Slider\\src\\plugin\\components\\Observer\\Observer.ts","statementMap":{"0":{"start":{"line":5,"column":4},"end":{"line":5,"column":24}},"1":{"start":{"line":9,"column":4},"end":{"line":9,"column":28}},"2":{"start":{"line":13,"column":4},"end":{"line":13,"column":61}},"3":{"start":{"line":13,"column":43},"end":{"line":13,"column":59}}},"fnMap":{"0":{"name":"(anonymous_0)","decl":{"start":{"line":4,"column":2},"end":{"line":4,"column":3}},"loc":{"start":{"line":4,"column":16},"end":{"line":6,"column":3}},"line":4},"1":{"name":"(anonymous_1)","decl":{"start":{"line":8,"column":2},"end":{"line":8,"column":3}},"loc":{"start":{"line":8,"column":39},"end":{"line":10,"column":3}},"line":8},"2":{"name":"(anonymous_2)","decl":{"start":{"line":12,"column":2},"end":{"line":12,"column":3}},"loc":{"start":{"line":12,"column":31},"end":{"line":14,"column":3}},"line":12},"3":{"name":"(anonymous_3)","decl":{"start":{"line":13,"column":27},"end":{"line":13,"column":28}},"loc":{"start":{"line":13,"column":43},"end":{"line":13,"column":59}},"line":13}},"branchMap":{},"s":{"0":87,"1":63,"2":119,"3":27},"f":{"0":87,"1":63,"2":119,"3":27},"b":{},"_coverageSchema":"1a1c01bbd47fc00a2c39e90264f33305004495a9","hash":"e53ec525cdc901bcb6173ff167ad0e7c592a58db"}
,"H:\\Slider\\src\\plugin\\components\\View\\MainView.ts": {"path":"H:\\Slider\\src\\plugin\\components\\View\\MainView.ts","statementMap":{"0":{"start":{"line":30,"column":4},"end":{"line":30,"column":40}},"1":{"start":{"line":31,"column":4},"end":{"line":31,"column":70}},"2":{"start":{"line":33,"column":4},"end":{"line":33,"column":34}},"3":{"start":{"line":37,"column":4},"end":{"line":37,"column":29}},"4":{"start":{"line":38,"column":4},"end":{"line":38,"column":34}},"5":{"start":{"line":42,"column":32},"end":{"line":42,"column":75}},"6":{"start":{"line":43,"column":38},"end":{"line":49,"column":5}},"7":{"start":{"line":51,"column":4},"end":{"line":51,"column":68}},"8":{"start":{"line":55,"column":4},"end":{"line":61,"column":7}},"9":{"start":{"line":56,"column":6},"end":{"line":60,"column":7}},"10":{"start":{"line":57,"column":37},"end":{"line":57,"column":65}},"11":{"start":{"line":58,"column":8},"end":{"line":58,"column":67}},"12":{"start":{"line":59,"column":8},"end":{"line":59,"column":61}},"13":{"start":{"line":65,"column":4},"end":{"line":87,"column":9}},"14":{"start":{"line":66,"column":24},"end":{"line":66,"column":42}},"15":{"start":{"line":68,"column":37},"end":{"line":68,"column":119}},"16":{"start":{"line":68,"column":93},"end":{"line":68,"column":118}},"17":{"start":{"line":70,"column":8},"end":{"line":86,"column":9}},"18":{"start":{"line":71,"column":39},"end":{"line":71,"column":58}},"19":{"start":{"line":73,"column":10},"end":{"line":78,"column":13}},"20":{"start":{"line":81,"column":10},"end":{"line":81,"column":39}},"21":{"start":{"line":83,"column":10},"end":{"line":85,"column":11}},"22":{"start":{"line":84,"column":12},"end":{"line":84,"column":50}},"23":{"start":{"line":91,"column":29},"end":{"line":91,"column":78}},"24":{"start":{"line":93,"column":64},"end":{"line":99,"column":5}},"25":{"start":{"line":101,"column":4},"end":{"line":101,"column":54}},"26":{"start":{"line":105,"column":4},"end":{"line":105,"column":56}},"27":{"start":{"line":112,"column":8},"end":{"line":112,"column":12}},"28":{"start":{"line":114,"column":61},"end":{"line":120,"column":5}},"29":{"start":{"line":121,"column":4},"end":{"line":121,"column":54}},"30":{"start":{"line":123,"column":4},"end":{"line":123,"column":17}},"31":{"start":{"line":127,"column":33},"end":{"line":127,"column":77}},"32":{"start":{"line":128,"column":4},"end":{"line":128,"column":44}},"33":{"start":{"line":129,"column":4},"end":{"line":132,"column":6}},"34":{"start":{"line":134,"column":33},"end":{"line":134,"column":86}},"35":{"start":{"line":134,"column":55},"end":{"line":134,"column":86}},"36":{"start":{"line":136,"column":4},"end":{"line":136,"column":49}},"37":{"start":{"line":137,"column":4},"end":{"line":137,"column":37}},"38":{"start":{"line":139,"column":4},"end":{"line":147,"column":5}},"39":{"start":{"line":140,"column":6},"end":{"line":143,"column":8}},"40":{"start":{"line":145,"column":6},"end":{"line":145,"column":51}},"41":{"start":{"line":146,"column":6},"end":{"line":146,"column":39}},"42":{"start":{"line":149,"column":4},"end":{"line":153,"column":5}},"43":{"start":{"line":150,"column":6},"end":{"line":152,"column":9}},"44":{"start":{"line":151,"column":8},"end":{"line":151,"column":42}},"45":{"start":{"line":155,"column":4},"end":{"line":155,"column":32}},"46":{"start":{"line":159,"column":4},"end":{"line":175,"column":7}},"47":{"start":{"line":160,"column":6},"end":{"line":174,"column":7}},"48":{"start":{"line":162,"column":10},"end":{"line":162,"column":44}},"49":{"start":{"line":163,"column":10},"end":{"line":166,"column":13}},"50":{"start":{"line":167,"column":10},"end":{"line":167,"column":16}},"51":{"start":{"line":170,"column":10},"end":{"line":170,"column":55}},"52":{"start":{"line":171,"column":10},"end":{"line":171,"column":16}},"53":{"start":{"line":173,"column":10},"end":{"line":173,"column":16}},"54":{"start":{"line":179,"column":30},"end":{"line":180,"column":49}},"55":{"start":{"line":180,"column":27},"end":{"line":180,"column":48}},"56":{"start":{"line":182,"column":4},"end":{"line":193,"column":7}},"57":{"start":{"line":183,"column":6},"end":{"line":192,"column":7}},"58":{"start":{"line":184,"column":68},"end":{"line":190,"column":9}},"59":{"start":{"line":191,"column":8},"end":{"line":191,"column":58}},"60":{"start":{"line":197,"column":4},"end":{"line":199,"column":31}},"61":{"start":{"line":201,"column":4},"end":{"line":201,"column":33}},"62":{"start":{"line":205,"column":39},"end":{"line":205,"column":63}},"63":{"start":{"line":207,"column":4},"end":{"line":207,"column":22}},"64":{"start":{"line":211,"column":20},"end":{"line":211,"column":41}},"65":{"start":{"line":213,"column":33},"end":{"line":213,"column":77}},"66":{"start":{"line":215,"column":4},"end":{"line":217,"column":5}},"67":{"start":{"line":216,"column":6},"end":{"line":216,"column":43}},"68":{"start":{"line":219,"column":4},"end":{"line":219,"column":19}},"69":{"start":{"line":223,"column":4},"end":{"line":235,"column":7}},"70":{"start":{"line":224,"column":6},"end":{"line":234,"column":7}},"71":{"start":{"line":227,"column":10},"end":{"line":230,"column":13}},"72":{"start":{"line":231,"column":10},"end":{"line":231,"column":16}},"73":{"start":{"line":233,"column":10},"end":{"line":233,"column":23}}},"fnMap":{"0":{"name":"(anonymous_0)","decl":{"start":{"line":29,"column":2},"end":{"line":29,"column":3}},"loc":{"start":{"line":29,"column":65},"end":{"line":34,"column":3}},"line":29},"1":{"name":"(anonymous_1)","decl":{"start":{"line":36,"column":2},"end":{"line":36,"column":3}},"loc":{"start":{"line":36,"column":29},"end":{"line":39,"column":3}},"line":36},"2":{"name":"(anonymous_2)","decl":{"start":{"line":41,"column":2},"end":{"line":41,"column":3}},"loc":{"start":{"line":41,"column":44},"end":{"line":52,"column":3}},"line":41},"3":{"name":"(anonymous_3)","decl":{"start":{"line":54,"column":2},"end":{"line":54,"column":3}},"loc":{"start":{"line":54,"column":60},"end":{"line":62,"column":3}},"line":54},"4":{"name":"(anonymous_4)","decl":{"start":{"line":55,"column":57},"end":{"line":55,"column":58}},"loc":{"start":{"line":55,"column":94},"end":{"line":61,"column":5}},"line":55},"5":{"name":"(anonymous_5)","decl":{"start":{"line":64,"column":2},"end":{"line":64,"column":3}},"loc":{"start":{"line":64,"column":48},"end":{"line":88,"column":3}},"line":64},"6":{"name":"(anonymous_6)","decl":{"start":{"line":66,"column":14},"end":{"line":66,"column":15}},"loc":{"start":{"line":66,"column":24},"end":{"line":66,"column":42}},"line":66},"7":{"name":"(anonymous_7)","decl":{"start":{"line":67,"column":15},"end":{"line":67,"column":16}},"loc":{"start":{"line":67,"column":55},"end":{"line":87,"column":7}},"line":67},"8":{"name":"(anonymous_8)","decl":{"start":{"line":68,"column":71},"end":{"line":68,"column":72}},"loc":{"start":{"line":68,"column":93},"end":{"line":68,"column":118}},"line":68},"9":{"name":"(anonymous_9)","decl":{"start":{"line":90,"column":2},"end":{"line":90,"column":3}},"loc":{"start":{"line":90,"column":54},"end":{"line":102,"column":3}},"line":90},"10":{"name":"(anonymous_10)","decl":{"start":{"line":104,"column":2},"end":{"line":104,"column":3}},"loc":{"start":{"line":104,"column":33},"end":{"line":106,"column":3}},"line":104},"11":{"name":"(anonymous_11)","decl":{"start":{"line":108,"column":2},"end":{"line":108,"column":3}},"loc":{"start":{"line":108,"column":56},"end":{"line":124,"column":3}},"line":108},"12":{"name":"(anonymous_12)","decl":{"start":{"line":126,"column":2},"end":{"line":126,"column":3}},"loc":{"start":{"line":126,"column":35},"end":{"line":156,"column":3}},"line":126},"13":{"name":"(anonymous_13)","decl":{"start":{"line":134,"column":33},"end":{"line":134,"column":34}},"loc":{"start":{"line":134,"column":55},"end":{"line":134,"column":86}},"line":134},"14":{"name":"(anonymous_14)","decl":{"start":{"line":150,"column":27},"end":{"line":150,"column":28}},"loc":{"start":{"line":150,"column":33},"end":{"line":152,"column":7}},"line":150},"15":{"name":"(anonymous_15)","decl":{"start":{"line":158,"column":2},"end":{"line":158,"column":3}},"loc":{"start":{"line":158,"column":39},"end":{"line":176,"column":3}},"line":158},"16":{"name":"(anonymous_16)","decl":{"start":{"line":159,"column":44},"end":{"line":159,"column":45}},"loc":{"start":{"line":159,"column":97},"end":{"line":175,"column":5}},"line":159},"17":{"name":"(anonymous_17)","decl":{"start":{"line":178,"column":2},"end":{"line":178,"column":3}},"loc":{"start":{"line":178,"column":68},"end":{"line":194,"column":3}},"line":178},"18":{"name":"(anonymous_18)","decl":{"start":{"line":180,"column":14},"end":{"line":180,"column":15}},"loc":{"start":{"line":180,"column":27},"end":{"line":180,"column":48}},"line":180},"19":{"name":"(anonymous_19)","decl":{"start":{"line":182,"column":30},"end":{"line":182,"column":31}},"loc":{"start":{"line":182,"column":60},"end":{"line":193,"column":5}},"line":182},"20":{"name":"(anonymous_20)","decl":{"start":{"line":196,"column":2},"end":{"line":196,"column":3}},"loc":{"start":{"line":196,"column":101},"end":{"line":202,"column":3}},"line":196},"21":{"name":"(anonymous_21)","decl":{"start":{"line":204,"column":2},"end":{"line":204,"column":3}},"loc":{"start":{"line":204,"column":43},"end":{"line":208,"column":3}},"line":204},"22":{"name":"(anonymous_22)","decl":{"start":{"line":210,"column":2},"end":{"line":210,"column":3}},"loc":{"start":{"line":210,"column":45},"end":{"line":220,"column":3}},"line":210},"23":{"name":"(anonymous_23)","decl":{"start":{"line":222,"column":2},"end":{"line":222,"column":3}},"loc":{"start":{"line":222,"column":42},"end":{"line":236,"column":3}},"line":222},"24":{"name":"(anonymous_24)","decl":{"start":{"line":223,"column":38},"end":{"line":223,"column":39}},"loc":{"start":{"line":223,"column":78},"end":{"line":235,"column":5}},"line":223}},"branchMap":{"0":{"loc":{"start":{"line":56,"column":6},"end":{"line":60,"column":7}},"type":"if","locations":[{"start":{"line":56,"column":6},"end":{"line":60,"column":7}},{"start":{"line":56,"column":6},"end":{"line":60,"column":7}}],"line":56},"1":{"loc":{"start":{"line":70,"column":8},"end":{"line":86,"column":9}},"type":"if","locations":[{"start":{"line":70,"column":8},"end":{"line":86,"column":9}},{"start":{"line":70,"column":8},"end":{"line":86,"column":9}}],"line":70},"2":{"loc":{"start":{"line":83,"column":10},"end":{"line":85,"column":11}},"type":"if","locations":[{"start":{"line":83,"column":10},"end":{"line":85,"column":11}},{"start":{"line":83,"column":10},"end":{"line":85,"column":11}}],"line":83},"3":{"loc":{"start":{"line":139,"column":4},"end":{"line":147,"column":5}},"type":"if","locations":[{"start":{"line":139,"column":4},"end":{"line":147,"column":5}},{"start":{"line":139,"column":4},"end":{"line":147,"column":5}}],"line":139},"4":{"loc":{"start":{"line":149,"column":4},"end":{"line":153,"column":5}},"type":"if","locations":[{"start":{"line":149,"column":4},"end":{"line":153,"column":5}},{"start":{"line":149,"column":4},"end":{"line":153,"column":5}}],"line":149},"5":{"loc":{"start":{"line":160,"column":6},"end":{"line":174,"column":7}},"type":"switch","locations":[{"start":{"line":161,"column":8},"end":{"line":167,"column":16}},{"start":{"line":168,"column":8},"end":{"line":168,"column":39}},{"start":{"line":169,"column":8},"end":{"line":171,"column":16}},{"start":{"line":172,"column":8},"end":{"line":173,"column":16}}],"line":160},"6":{"loc":{"start":{"line":183,"column":6},"end":{"line":192,"column":7}},"type":"if","locations":[{"start":{"line":183,"column":6},"end":{"line":192,"column":7}},{"start":{"line":183,"column":6},"end":{"line":192,"column":7}}],"line":183},"7":{"loc":{"start":{"line":215,"column":4},"end":{"line":217,"column":5}},"type":"if","locations":[{"start":{"line":215,"column":4},"end":{"line":217,"column":5}},{"start":{"line":215,"column":4},"end":{"line":217,"column":5}}],"line":215},"8":{"loc":{"start":{"line":224,"column":6},"end":{"line":234,"column":7}},"type":"switch","locations":[{"start":{"line":225,"column":8},"end":{"line":225,"column":44}},{"start":{"line":226,"column":8},"end":{"line":231,"column":16}},{"start":{"line":232,"column":8},"end":{"line":233,"column":23}}],"line":224}},"s":{"0":14,"1":14,"2":14,"3":3,"4":3,"5":4,"6":4,"7":4,"8":3,"9":6,"10":4,"11":4,"12":4,"13":12,"14":24,"15":15,"16":17,"17":15,"18":12,"19":12,"20":12,"21":12,"22":2,"23":19,"24":19,"25":19,"26":12,"27":1,"28":1,"29":1,"30":1,"31":17,"32":17,"33":17,"34":17,"35":1,"36":17,"37":17,"38":17,"39":2,"40":2,"41":2,"42":17,"43":1,"44":0,"45":17,"46":17,"47":2,"48":2,"49":2,"50":2,"51":0,"52":0,"53":0,"54":0,"55":0,"56":0,"57":0,"58":0,"59":0,"60":14,"61":14,"62":17,"63":17,"64":19,"65":19,"66":19,"67":3,"68":19,"69":19,"70":2,"71":1,"72":1,"73":1},"f":{"0":14,"1":3,"2":4,"3":3,"4":6,"5":12,"6":24,"7":15,"8":17,"9":19,"10":12,"11":1,"12":17,"13":1,"14":0,"15":17,"16":2,"17":0,"18":0,"19":0,"20":14,"21":17,"22":19,"23":19,"24":2},"b":{"0":[4,2],"1":[12,3],"2":[2,10],"3":[2,15],"4":[1,16],"5":[2,0,0,0],"6":[0,0],"7":[3,16],"8":[1,1,1]},"_coverageSchema":"1a1c01bbd47fc00a2c39e90264f33305004495a9","hash":"127bbf108ef4a8a130c4465ee8738f3b2727f040"}
,"H:\\Slider\\src\\plugin\\components\\View\\BreakpointsView\\BreakpointsView.ts": {"path":"H:\\Slider\\src\\plugin\\components\\View\\BreakpointsView\\BreakpointsView.ts","statementMap":{"0":{"start":{"line":13,"column":4},"end":{"line":13,"column":40}},"1":{"start":{"line":14,"column":4},"end":{"line":14,"column":33}},"2":{"start":{"line":16,"column":4},"end":{"line":16,"column":22}},"3":{"start":{"line":20,"column":4},"end":{"line":20,"column":18}},"4":{"start":{"line":22,"column":24},"end":{"line":22,"column":69}},"5":{"start":{"line":24,"column":30},"end":{"line":24,"column":64}},"6":{"start":{"line":25,"column":35},"end":{"line":25,"column":76}},"7":{"start":{"line":26,"column":49},"end":{"line":26,"column":51}},"8":{"start":{"line":27,"column":4},"end":{"line":27,"column":42}},"9":{"start":{"line":29,"column":4},"end":{"line":37,"column":5}},"10":{"start":{"line":30,"column":6},"end":{"line":30,"column":59}},"11":{"start":{"line":32,"column":27},"end":{"line":34,"column":45}},"12":{"start":{"line":36,"column":6},"end":{"line":36,"column":39}},"13":{"start":{"line":39,"column":4},"end":{"line":50,"column":9}},"14":{"start":{"line":40,"column":30},"end":{"line":40,"column":54}},"15":{"start":{"line":41,"column":29},"end":{"line":41,"column":52}},"16":{"start":{"line":43,"column":8},"end":{"line":49,"column":68}},"17":{"start":{"line":54,"column":4},"end":{"line":56,"column":7}},"18":{"start":{"line":55,"column":6},"end":{"line":55,"column":24}},"19":{"start":{"line":66,"column":8},"end":{"line":66,"column":12}},"20":{"start":{"line":67,"column":31},"end":{"line":67,"column":51}},"21":{"start":{"line":68,"column":37},"end":{"line":68,"column":91}},"22":{"start":{"line":70,"column":4},"end":{"line":77,"column":7}},"23":{"start":{"line":71,"column":27},"end":{"line":71,"column":124}},"24":{"start":{"line":73,"column":6},"end":{"line":76,"column":8}},"25":{"start":{"line":81,"column":35},"end":{"line":81,"column":63}},"26":{"start":{"line":83,"column":26},"end":{"line":83,"column":103}},"27":{"start":{"line":85,"column":4},"end":{"line":85,"column":130}}},"fnMap":{"0":{"name":"(anonymous_0)","decl":{"start":{"line":12,"column":2},"end":{"line":12,"column":3}},"loc":{"start":{"line":12,"column":66},"end":{"line":17,"column":3}},"line":12},"1":{"name":"(anonymous_1)","decl":{"start":{"line":19,"column":2},"end":{"line":19,"column":3}},"loc":{"start":{"line":19,"column":58},"end":{"line":51,"column":3}},"line":19},"2":{"name":"(anonymous_2)","decl":{"start":{"line":40,"column":14},"end":{"line":40,"column":15}},"loc":{"start":{"line":40,"column":30},"end":{"line":40,"column":54}},"line":40},"3":{"name":"(anonymous_3)","decl":{"start":{"line":40,"column":60},"end":{"line":40,"column":61}},"loc":{"start":{"line":40,"column":94},"end":{"line":50,"column":7}},"line":40},"4":{"name":"(anonymous_4)","decl":{"start":{"line":53,"column":2},"end":{"line":53,"column":3}},"loc":{"start":{"line":53,"column":18},"end":{"line":57,"column":3}},"line":53},"5":{"name":"(anonymous_5)","decl":{"start":{"line":54,"column":36},"end":{"line":54,"column":37}},"loc":{"start":{"line":54,"column":71},"end":{"line":56,"column":5}},"line":54},"6":{"name":"(anonymous_6)","decl":{"start":{"line":59,"column":2},"end":{"line":59,"column":3}},"loc":{"start":{"line":59,"column":61},"end":{"line":78,"column":3}},"line":59},"7":{"name":"(anonymous_7)","decl":{"start":{"line":70,"column":37},"end":{"line":70,"column":38}},"loc":{"start":{"line":70,"column":63},"end":{"line":77,"column":5}},"line":70},"8":{"name":"(anonymous_8)","decl":{"start":{"line":80,"column":2},"end":{"line":80,"column":3}},"loc":{"start":{"line":80,"column":63},"end":{"line":86,"column":3}},"line":80}},"branchMap":{"0":{"loc":{"start":{"line":24,"column":30},"end":{"line":24,"column":64}},"type":"cond-expr","locations":[{"start":{"line":24,"column":50},"end":{"line":24,"column":56}},{"start":{"line":24,"column":59},"end":{"line":24,"column":64}}],"line":24},"1":{"loc":{"start":{"line":32,"column":27},"end":{"line":34,"column":45}},"type":"cond-expr","locations":[{"start":{"line":33,"column":10},"end":{"line":33,"column":44}},{"start":{"line":34,"column":10},"end":{"line":34,"column":45}}],"line":32},"2":{"loc":{"start":{"line":67,"column":31},"end":{"line":67,"column":51}},"type":"cond-expr","locations":[{"start":{"line":67,"column":46},"end":{"line":67,"column":47}},{"start":{"line":67,"column":50},"end":{"line":67,"column":51}}],"line":67}},"s":{"0":19,"1":19,"2":19,"3":2,"4":2,"5":2,"6":2,"7":2,"8":2,"9":2,"10":24,"11":24,"12":24,"13":2,"14":26,"15":25,"16":25,"17":5,"18":14,"19":2,"20":2,"21":2,"22":2,"23":114,"24":114,"25":0,"26":0,"27":0},"f":{"0":19,"1":2,"2":26,"3":25,"4":5,"5":14,"6":2,"7":114,"8":0},"b":{"0":[1,1],"1":[0,24],"2":[2,0]},"_coverageSchema":"1a1c01bbd47fc00a2c39e90264f33305004495a9","hash":"c40e8367289aa2b742b77e9a335dff9469f99abb"}
,"H:\\Slider\\src\\plugin\\components\\View\\HandlerView\\HandlerView.ts": {"path":"H:\\Slider\\src\\plugin\\components\\View\\HandlerView\\HandlerView.ts","statementMap":{"0":{"start":{"line":20,"column":4},"end":{"line":20,"column":54}},"1":{"start":{"line":21,"column":4},"end":{"line":21,"column":75}},"2":{"start":{"line":22,"column":4},"end":{"line":22,"column":61}},"3":{"start":{"line":23,"column":4},"end":{"line":23,"column":35}},"4":{"start":{"line":25,"column":4},"end":{"line":25,"column":22}},"5":{"start":{"line":26,"column":4},"end":{"line":26,"column":22}},"6":{"start":{"line":30,"column":32},"end":{"line":30,"column":63}},"7":{"start":{"line":31,"column":30},"end":{"line":31,"column":64}},"8":{"start":{"line":33,"column":4},"end":{"line":33,"column":53}},"9":{"start":{"line":37,"column":4},"end":{"line":37,"column":33}},"10":{"start":{"line":41,"column":4},"end":{"line":43,"column":30}},"11":{"start":{"line":47,"column":4},"end":{"line":47,"column":33}},"12":{"start":{"line":56,"column":8},"end":{"line":56,"column":12}},"13":{"start":{"line":57,"column":4},"end":{"line":57,"column":108}},"14":{"start":{"line":61,"column":41},"end":{"line":65,"column":31}},"15":{"start":{"line":67,"column":4},"end":{"line":67,"column":19}},"16":{"start":{"line":71,"column":4},"end":{"line":71,"column":109}},"17":{"start":{"line":75,"column":4},"end":{"line":75,"column":27}},"18":{"start":{"line":76,"column":4},"end":{"line":78,"column":99}},"19":{"start":{"line":80,"column":4},"end":{"line":80,"column":90}},"20":{"start":{"line":81,"column":4},"end":{"line":81,"column":108}},"21":{"start":{"line":82,"column":4},"end":{"line":82,"column":100}},"22":{"start":{"line":86,"column":19},"end":{"line":86,"column":68}},"23":{"start":{"line":88,"column":4},"end":{"line":90,"column":5}},"24":{"start":{"line":89,"column":6},"end":{"line":89,"column":89}},"25":{"start":{"line":92,"column":22},"end":{"line":92,"column":56}},"26":{"start":{"line":93,"column":25},"end":{"line":93,"column":132}},"27":{"start":{"line":94,"column":31},"end":{"line":94,"column":89}},"28":{"start":{"line":95,"column":31},"end":{"line":95,"column":89}},"29":{"start":{"line":96,"column":29},"end":{"line":96,"column":75}},"30":{"start":{"line":97,"column":18},"end":{"line":97,"column":84}},"31":{"start":{"line":99,"column":4},"end":{"line":99,"column":94}},"32":{"start":{"line":103,"column":4},"end":{"line":103,"column":61}}},"fnMap":{"0":{"name":"(anonymous_0)","decl":{"start":{"line":19,"column":2},"end":{"line":19,"column":3}},"loc":{"start":{"line":19,"column":42},"end":{"line":27,"column":3}},"line":19},"1":{"name":"(anonymous_1)","decl":{"start":{"line":29,"column":2},"end":{"line":29,"column":3}},"loc":{"start":{"line":29,"column":42},"end":{"line":34,"column":3}},"line":29},"2":{"name":"(anonymous_2)","decl":{"start":{"line":36,"column":2},"end":{"line":36,"column":3}},"loc":{"start":{"line":36,"column":46},"end":{"line":38,"column":3}},"line":36},"3":{"name":"(anonymous_3)","decl":{"start":{"line":40,"column":2},"end":{"line":40,"column":3}},"loc":{"start":{"line":40,"column":51},"end":{"line":44,"column":3}},"line":40},"4":{"name":"(anonymous_4)","decl":{"start":{"line":46,"column":2},"end":{"line":46,"column":3}},"loc":{"start":{"line":46,"column":20},"end":{"line":48,"column":3}},"line":46},"5":{"name":"(anonymous_5)","decl":{"start":{"line":50,"column":2},"end":{"line":50,"column":3}},"loc":{"start":{"line":50,"column":61},"end":{"line":58,"column":3}},"line":50},"6":{"name":"(anonymous_6)","decl":{"start":{"line":60,"column":2},"end":{"line":60,"column":3}},"loc":{"start":{"line":60,"column":80},"end":{"line":68,"column":3}},"line":60},"7":{"name":"(anonymous_7)","decl":{"start":{"line":70,"column":2},"end":{"line":70,"column":3}},"loc":{"start":{"line":70,"column":29},"end":{"line":72,"column":3}},"line":70},"8":{"name":"(anonymous_8)","decl":{"start":{"line":74,"column":2},"end":{"line":74,"column":3}},"loc":{"start":{"line":74,"column":46},"end":{"line":83,"column":3}},"line":74},"9":{"name":"(anonymous_9)","decl":{"start":{"line":85,"column":2},"end":{"line":85,"column":3}},"loc":{"start":{"line":85,"column":47},"end":{"line":100,"column":3}},"line":85},"10":{"name":"(anonymous_10)","decl":{"start":{"line":102,"column":2},"end":{"line":102,"column":3}},"loc":{"start":{"line":102,"column":40},"end":{"line":104,"column":3}},"line":102}},"branchMap":{"0":{"loc":{"start":{"line":31,"column":30},"end":{"line":31,"column":64}},"type":"cond-expr","locations":[{"start":{"line":31,"column":50},"end":{"line":31,"column":56}},{"start":{"line":31,"column":59},"end":{"line":31,"column":64}}],"line":31},"1":{"loc":{"start":{"line":41,"column":11},"end":{"line":43,"column":29}},"type":"cond-expr","locations":[{"start":{"line":42,"column":8},"end":{"line":42,"column":27}},{"start":{"line":43,"column":8},"end":{"line":43,"column":29}}],"line":41},"2":{"loc":{"start":{"line":62,"column":13},"end":{"line":64,"column":57}},"type":"cond-expr","locations":[{"start":{"line":63,"column":10},"end":{"line":63,"column":59}},{"start":{"line":64,"column":10},"end":{"line":64,"column":57}}],"line":62},"3":{"loc":{"start":{"line":76,"column":18},"end":{"line":78,"column":98}},"type":"cond-expr","locations":[{"start":{"line":77,"column":8},"end":{"line":77,"column":99}},{"start":{"line":78,"column":8},"end":{"line":78,"column":98}}],"line":76},"4":{"loc":{"start":{"line":77,"column":9},"end":{"line":77,"column":50}},"type":"binary-expr","locations":[{"start":{"line":77,"column":9},"end":{"line":77,"column":22}},{"start":{"line":77,"column":26},"end":{"line":77,"column":50}}],"line":77},"5":{"loc":{"start":{"line":78,"column":9},"end":{"line":78,"column":50}},"type":"binary-expr","locations":[{"start":{"line":78,"column":9},"end":{"line":78,"column":22}},{"start":{"line":78,"column":26},"end":{"line":78,"column":50}}],"line":78},"6":{"loc":{"start":{"line":86,"column":19},"end":{"line":86,"column":68}},"type":"cond-expr","locations":[{"start":{"line":86,"column":39},"end":{"line":86,"column":52}},{"start":{"line":86,"column":55},"end":{"line":86,"column":68}}],"line":86},"7":{"loc":{"start":{"line":88,"column":4},"end":{"line":90,"column":5}},"type":"if","locations":[{"start":{"line":88,"column":4},"end":{"line":90,"column":5}},{"start":{"line":88,"column":4},"end":{"line":90,"column":5}}],"line":88},"8":{"loc":{"start":{"line":88,"column":8},"end":{"line":88,"column":56}},"type":"binary-expr","locations":[{"start":{"line":88,"column":8},"end":{"line":88,"column":39}},{"start":{"line":88,"column":43},"end":{"line":88,"column":56}}],"line":88},"9":{"loc":{"start":{"line":89,"column":17},"end":{"line":89,"column":88}},"type":"cond-expr","locations":[{"start":{"line":89,"column":37},"end":{"line":89,"column":61}},{"start":{"line":89,"column":64},"end":{"line":89,"column":88}}],"line":89},"10":{"loc":{"start":{"line":92,"column":22},"end":{"line":92,"column":56}},"type":"cond-expr","locations":[{"start":{"line":92,"column":42},"end":{"line":92,"column":48}},{"start":{"line":92,"column":51},"end":{"line":92,"column":56}}],"line":92}},"s":{"0":20,"1":20,"2":20,"3":20,"4":20,"5":20,"6":18,"7":18,"8":18,"9":14,"10":8,"11":24,"12":18,"13":18,"14":20,"15":20,"16":20,"17":1,"18":1,"19":1,"20":1,"21":1,"22":1,"23":1,"24":0,"25":1,"26":1,"27":1,"28":1,"29":1,"30":1,"31":1,"32":1},"f":{"0":20,"1":18,"2":14,"3":8,"4":24,"5":18,"6":20,"7":20,"8":1,"9":1,"10":1},"b":{"0":[15,3],"1":[7,1],"2":[17,3],"3":[1,0],"4":[1,0],"5":[0,0],"6":[1,0],"7":[0,1],"8":[1,1],"9":[0,0],"10":[1,0]},"_coverageSchema":"1a1c01bbd47fc00a2c39e90264f33305004495a9","hash":"c8d30496278118cab3108480a55ec59af22ad05a"}
,"H:\\Slider\\src\\plugin\\components\\View\\SliderBodyView\\SliderBodyView.ts": {"path":"H:\\Slider\\src\\plugin\\components\\View\\SliderBodyView\\SliderBodyView.ts","statementMap":{"0":{"start":{"line":18,"column":4},"end":{"line":18,"column":40}},"1":{"start":{"line":19,"column":4},"end":{"line":19,"column":49}},"2":{"start":{"line":20,"column":4},"end":{"line":20,"column":64}},"3":{"start":{"line":21,"column":4},"end":{"line":21,"column":60}},"4":{"start":{"line":23,"column":4},"end":{"line":23,"column":35}},"5":{"start":{"line":25,"column":4},"end":{"line":25,"column":22}},"6":{"start":{"line":26,"column":4},"end":{"line":26,"column":23}},"7":{"start":{"line":30,"column":4},"end":{"line":30,"column":30}},"8":{"start":{"line":34,"column":4},"end":{"line":36,"column":34}},"9":{"start":{"line":40,"column":21},"end":{"line":40,"column":29}},"10":{"start":{"line":44,"column":4},"end":{"line":53,"column":7}},"11":{"start":{"line":45,"column":6},"end":{"line":45,"column":39}},"12":{"start":{"line":47,"column":6},"end":{"line":50,"column":7}},"13":{"start":{"line":48,"column":8},"end":{"line":48,"column":26}},"14":{"start":{"line":49,"column":8},"end":{"line":49,"column":32}},"15":{"start":{"line":52,"column":6},"end":{"line":52,"column":21}},"16":{"start":{"line":55,"column":4},"end":{"line":55,"column":24}},"17":{"start":{"line":59,"column":4},"end":{"line":63,"column":5}},"18":{"start":{"line":60,"column":6},"end":{"line":60,"column":45}},"19":{"start":{"line":62,"column":6},"end":{"line":62,"column":32}},"20":{"start":{"line":67,"column":4},"end":{"line":75,"column":7}},"21":{"start":{"line":68,"column":6},"end":{"line":74,"column":7}},"22":{"start":{"line":70,"column":10},"end":{"line":70,"column":100}},"23":{"start":{"line":71,"column":10},"end":{"line":71,"column":16}},"24":{"start":{"line":73,"column":10},"end":{"line":73,"column":23}},"25":{"start":{"line":79,"column":44},"end":{"line":83,"column":31}},"26":{"start":{"line":85,"column":4},"end":{"line":85,"column":22}},"27":{"start":{"line":89,"column":4},"end":{"line":89,"column":72}},"28":{"start":{"line":93,"column":4},"end":{"line":98,"column":6}},"29":{"start":{"line":102,"column":31},"end":{"line":102,"column":89}},"30":{"start":{"line":103,"column":31},"end":{"line":103,"column":89}},"31":{"start":{"line":104,"column":29},"end":{"line":104,"column":55}},"32":{"start":{"line":105,"column":35},"end":{"line":105,"column":93}},"33":{"start":{"line":107,"column":4},"end":{"line":107,"column":82}},"34":{"start":{"line":111,"column":28},"end":{"line":111,"column":40}},"35":{"start":{"line":112,"column":33},"end":{"line":114,"column":21}},"36":{"start":{"line":116,"column":35},"end":{"line":116,"column":56}},"37":{"start":{"line":117,"column":21},"end":{"line":117,"column":58}},"38":{"start":{"line":118,"column":29},"end":{"line":118,"column":92}},"39":{"start":{"line":120,"column":17},"end":{"line":120,"column":39}},"40":{"start":{"line":122,"column":4},"end":{"line":124,"column":5}},"41":{"start":{"line":123,"column":6},"end":{"line":123,"column":78}},"42":{"start":{"line":128,"column":4},"end":{"line":128,"column":65}},"43":{"start":{"line":129,"column":4},"end":{"line":129,"column":77}}},"fnMap":{"0":{"name":"(anonymous_0)","decl":{"start":{"line":17,"column":2},"end":{"line":17,"column":3}},"loc":{"start":{"line":17,"column":42},"end":{"line":27,"column":3}},"line":17},"1":{"name":"(anonymous_1)","decl":{"start":{"line":29,"column":2},"end":{"line":29,"column":3}},"loc":{"start":{"line":29,"column":24},"end":{"line":31,"column":3}},"line":29},"2":{"name":"(anonymous_2)","decl":{"start":{"line":33,"column":2},"end":{"line":33,"column":3}},"loc":{"start":{"line":33,"column":39},"end":{"line":37,"column":3}},"line":33},"3":{"name":"(anonymous_3)","decl":{"start":{"line":39,"column":2},"end":{"line":39,"column":3}},"loc":{"start":{"line":39,"column":73},"end":{"line":56,"column":3}},"line":39},"4":{"name":"(anonymous_4)","decl":{"start":{"line":44,"column":14},"end":{"line":44,"column":15}},"loc":{"start":{"line":44,"column":30},"end":{"line":53,"column":5}},"line":44},"5":{"name":"(anonymous_5)","decl":{"start":{"line":58,"column":2},"end":{"line":58,"column":3}},"loc":{"start":{"line":58,"column":102},"end":{"line":64,"column":3}},"line":58},"6":{"name":"(anonymous_6)","decl":{"start":{"line":66,"column":2},"end":{"line":66,"column":3}},"loc":{"start":{"line":66,"column":36},"end":{"line":76,"column":3}},"line":66},"7":{"name":"(anonymous_7)","decl":{"start":{"line":67,"column":45},"end":{"line":67,"column":46}},"loc":{"start":{"line":67,"column":98},"end":{"line":75,"column":5}},"line":67},"8":{"name":"(anonymous_8)","decl":{"start":{"line":78,"column":2},"end":{"line":78,"column":3}},"loc":{"start":{"line":78,"column":56},"end":{"line":86,"column":3}},"line":78},"9":{"name":"(anonymous_9)","decl":{"start":{"line":88,"column":2},"end":{"line":88,"column":3}},"loc":{"start":{"line":88,"column":37},"end":{"line":90,"column":3}},"line":88},"10":{"name":"(anonymous_10)","decl":{"start":{"line":92,"column":2},"end":{"line":92,"column":3}},"loc":{"start":{"line":92,"column":36},"end":{"line":99,"column":3}},"line":92},"11":{"name":"(anonymous_11)","decl":{"start":{"line":101,"column":2},"end":{"line":101,"column":3}},"loc":{"start":{"line":101,"column":59},"end":{"line":108,"column":3}},"line":101},"12":{"name":"(anonymous_12)","decl":{"start":{"line":110,"column":2},"end":{"line":110,"column":3}},"loc":{"start":{"line":110,"column":45},"end":{"line":125,"column":3}},"line":110},"13":{"name":"(anonymous_13)","decl":{"start":{"line":127,"column":2},"end":{"line":127,"column":3}},"loc":{"start":{"line":127,"column":30},"end":{"line":130,"column":3}},"line":127}},"branchMap":{"0":{"loc":{"start":{"line":34,"column":11},"end":{"line":36,"column":33}},"type":"cond-expr","locations":[{"start":{"line":35,"column":8},"end":{"line":35,"column":32}},{"start":{"line":36,"column":8},"end":{"line":36,"column":33}}],"line":34},"1":{"loc":{"start":{"line":47,"column":6},"end":{"line":50,"column":7}},"type":"if","locations":[{"start":{"line":47,"column":6},"end":{"line":50,"column":7}},{"start":{"line":47,"column":6},"end":{"line":50,"column":7}}],"line":47},"2":{"loc":{"start":{"line":59,"column":4},"end":{"line":63,"column":5}},"type":"if","locations":[{"start":{"line":59,"column":4},"end":{"line":63,"column":5}},{"start":{"line":59,"column":4},"end":{"line":63,"column":5}}],"line":59},"3":{"loc":{"start":{"line":68,"column":6},"end":{"line":74,"column":7}},"type":"switch","locations":[{"start":{"line":69,"column":8},"end":{"line":71,"column":16}},{"start":{"line":72,"column":8},"end":{"line":73,"column":23}}],"line":68},"4":{"loc":{"start":{"line":80,"column":13},"end":{"line":82,"column":51}},"type":"cond-expr","locations":[{"start":{"line":81,"column":10},"end":{"line":81,"column":53}},{"start":{"line":82,"column":10},"end":{"line":82,"column":51}}],"line":80},"5":{"loc":{"start":{"line":95,"column":6},"end":{"line":97,"column":53}},"type":"cond-expr","locations":[{"start":{"line":96,"column":10},"end":{"line":96,"column":53}},{"start":{"line":97,"column":10},"end":{"line":97,"column":53}}],"line":95},"6":{"loc":{"start":{"line":112,"column":33},"end":{"line":114,"column":21}},"type":"cond-expr","locations":[{"start":{"line":113,"column":8},"end":{"line":113,"column":21}},{"start":{"line":114,"column":8},"end":{"line":114,"column":21}}],"line":112},"7":{"loc":{"start":{"line":122,"column":4},"end":{"line":124,"column":5}},"type":"if","locations":[{"start":{"line":122,"column":4},"end":{"line":124,"column":5}},{"start":{"line":122,"column":4},"end":{"line":124,"column":5}}],"line":122}},"s":{"0":19,"1":19,"2":19,"3":19,"4":19,"5":19,"6":19,"7":3,"8":18,"9":6,"10":6,"11":27,"12":27,"13":12,"14":12,"15":27,"16":6,"17":5,"18":2,"19":3,"20":19,"21":0,"22":0,"23":0,"24":0,"25":19,"26":19,"27":4,"28":1,"29":1,"30":1,"31":1,"32":1,"33":1,"34":1,"35":1,"36":1,"37":1,"38":1,"39":1,"40":1,"41":1,"42":19,"43":19},"f":{"0":19,"1":3,"2":18,"3":6,"4":27,"5":5,"6":19,"7":0,"8":19,"9":4,"10":1,"11":1,"12":1,"13":19},"b":{"0":[12,6],"1":[12,15],"2":[2,3],"3":[0,0],"4":[16,3],"5":[0,1],"6":[0,1],"7":[1,0]},"_coverageSchema":"1a1c01bbd47fc00a2c39e90264f33305004495a9","hash":"09093b9e16dd2b552af2e8d0ca35025ed705028b"}
,"H:\\Slider\\src\\plugin\\components\\View\\TooltipView\\TooltipView.ts": {"path":"H:\\Slider\\src\\plugin\\components\\View\\TooltipView\\TooltipView.ts","statementMap":{"0":{"start":{"line":7,"column":4},"end":{"line":7,"column":25}},"1":{"start":{"line":11,"column":4},"end":{"line":11,"column":32}},"2":{"start":{"line":15,"column":4},"end":{"line":19,"column":37}},"3":{"start":{"line":20,"column":4},"end":{"line":20,"column":25}},"4":{"start":{"line":24,"column":4},"end":{"line":24,"column":34}}},"fnMap":{"0":{"name":"(anonymous_0)","decl":{"start":{"line":6,"column":2},"end":{"line":6,"column":3}},"loc":{"start":{"line":6,"column":58},"end":{"line":8,"column":3}},"line":6},"1":{"name":"(anonymous_1)","decl":{"start":{"line":10,"column":2},"end":{"line":10,"column":3}},"loc":{"start":{"line":10,"column":41},"end":{"line":12,"column":3}},"line":10},"2":{"name":"(anonymous_2)","decl":{"start":{"line":14,"column":2},"end":{"line":14,"column":3}},"loc":{"start":{"line":14,"column":37},"end":{"line":21,"column":3}},"line":14},"3":{"name":"(anonymous_3)","decl":{"start":{"line":23,"column":2},"end":{"line":23,"column":3}},"loc":{"start":{"line":23,"column":39},"end":{"line":25,"column":3}},"line":23}},"branchMap":{"0":{"loc":{"start":{"line":16,"column":13},"end":{"line":18,"column":57}},"type":"cond-expr","locations":[{"start":{"line":17,"column":10},"end":{"line":17,"column":59}},{"start":{"line":18,"column":10},"end":{"line":18,"column":57}}],"line":16}},"s":{"0":10,"1":21,"2":10,"3":10,"4":4},"f":{"0":10,"1":21,"2":10,"3":4},"b":{"0":[8,2]},"_coverageSchema":"1a1c01bbd47fc00a2c39e90264f33305004495a9","hash":"8b0b159db5bad0942bedfee8ecda2f07e5111a07"}
,"H:\\Slider\\src\\plugin\\components\\types\\types.ts": {"path":"H:\\Slider\\src\\plugin\\components\\types\\types.ts","statementMap":{},"fnMap":{},"branchMap":{},"s":{},"f":{},"b":{},"_coverageSchema":"1a1c01bbd47fc00a2c39e90264f33305004495a9","hash":"f5a0aa183b65a0a91f0834e86e9b802495ab8e62"}
}
