TN:
SF:src\plugin\components\Controller\Controller.ts
FN:14,(anonymous_0)
FN:23,(anonymous_1)
FN:24,(anonymous_2)
FN:35,(anonymous_3)
FN:39,(anonymous_4)
FN:43,(anonymous_5)
FN:47,(anonymous_6)
FN:51,(anonymous_7)
FN:55,(anonymous_8)
FN:59,(anonymous_9)
FN:63,(anonymous_10)
FN:67,(anonymous_11)
FN:71,(anonymous_12)
FN:75,(anonymous_13)
FN:76,(anonymous_14)
FN:93,(anonymous_15)
FN:94,(anonymous_16)
FNF:17
FNH:4
FNDA:1,(anonymous_0)
FNDA:1,(anonymous_1)
FNDA:0,(anonymous_2)
FNDA:0,(anonymous_3)
FNDA:0,(anonymous_4)
FNDA:0,(anonymous_5)
FNDA:0,(anonymous_6)
FNDA:0,(anonymous_7)
FNDA:0,(anonymous_8)
FNDA:0,(anonymous_9)
FNDA:0,(anonymous_10)
FNDA:0,(anonymous_11)
FNDA:0,(anonymous_12)
FNDA:1,(anonymous_13)
FNDA:0,(anonymous_14)
FNDA:1,(anonymous_15)
FNDA:0,(anonymous_16)
DA:15,1
DA:16,1
DA:17,1
DA:19,1
DA:20,1
DA:24,1
DA:25,0
DA:27,0
DA:28,0
DA:30,0
DA:36,0
DA:40,0
DA:44,0
DA:48,0
DA:52,0
DA:56,0
DA:60,0
DA:64,0
DA:68,0
DA:72,0
DA:76,1
DA:77,0
DA:79,0
DA:80,0
DA:82,0
DA:83,0
DA:85,0
DA:86,0
DA:88,0
DA:94,1
DA:95,0
DA:97,0
DA:98,0
DA:100,0
DA:101,0
DA:105,0
DA:106,0
DA:108,0
DA:109,0
DA:111,0
DA:112,0
DA:114,0
DA:115,0
DA:117,0
LF:44
LH:8
BRDA:25,0,0,0
BRDA:25,0,1,0
BRDA:77,1,0,0
BRDA:77,1,1,0
BRDA:77,1,2,0
BRDA:77,1,3,0
BRDA:95,2,0,0
BRDA:95,2,1,0
BRDA:95,2,2,0
BRDA:95,2,3,0
BRDA:95,2,4,0
BRDA:95,2,5,0
BRDA:95,2,6,0
BRDA:95,2,7,0
BRDA:95,2,8,0
BRF:15
BRH:0
end_of_record
TN:
SF:src\plugin\components\Model\Model.ts
FN:28,(anonymous_0)
FN:43,(anonymous_1)
FN:49,(anonymous_2)
FN:55,(anonymous_3)
FN:61,(anonymous_4)
FN:67,(anonymous_5)
FN:73,(anonymous_6)
FN:80,(anonymous_7)
FN:84,(anonymous_8)
FN:104,(anonymous_9)
FN:124,(anonymous_10)
FN:138,(anonymous_11)
FN:139,(anonymous_12)
FN:151,(anonymous_13)
FN:160,(anonymous_14)
FN:171,(anonymous_15)
FN:175,(anonymous_16)
FN:176,(anonymous_17)
FN:184,(anonymous_18)
FN:207,(anonymous_19)
FN:222,(anonymous_20)
FN:225,(anonymous_21)
FN:235,(anonymous_22)
FN:239,(anonymous_23)
FN:258,(anonymous_24)
FN:263,(anonymous_25)
FNF:26
FNH:26
FNDA:3,(anonymous_0)
FNDA:1,(anonymous_1)
FNDA:1,(anonymous_2)
FNDA:1,(anonymous_3)
FNDA:1,(anonymous_4)
FNDA:2,(anonymous_5)
FNDA:32,(anonymous_6)
FNDA:1,(anonymous_7)
FNDA:2,(anonymous_8)
FNDA:2,(anonymous_9)
FNDA:12,(anonymous_10)
FNDA:1,(anonymous_11)
FNDA:1,(anonymous_12)
FNDA:5,(anonymous_13)
FNDA:5,(anonymous_14)
FNDA:1,(anonymous_15)
FNDA:9,(anonymous_16)
FNDA:1,(anonymous_17)
FNDA:7,(anonymous_18)
FNDA:32,(anonymous_19)
FNDA:5,(anonymous_20)
FNDA:4,(anonymous_21)
FNDA:11,(anonymous_22)
FNDA:6,(anonymous_23)
FNDA:6,(anonymous_24)
FNDA:6,(anonymous_25)
DA:29,3
DA:30,3
DA:31,3
DA:32,3
DA:33,3
DA:34,3
DA:35,3
DA:36,3
DA:37,3
DA:38,3
DA:40,3
DA:44,1
DA:46,1
DA:50,1
DA:52,1
DA:56,1
DA:58,1
DA:62,1
DA:64,1
DA:68,2
DA:70,2
DA:74,32
DA:77,32
DA:81,1
DA:85,2
DA:86,1
DA:88,1
DA:89,1
DA:91,1
DA:93,1
DA:98,1
DA:105,2
DA:106,1
DA:108,1
DA:109,1
DA:111,1
DA:113,1
DA:118,1
DA:125,12
DA:126,12
DA:128,12
DA:129,636
DA:130,636
DA:133,12
DA:135,12
DA:139,1
DA:140,1
DA:141,1
DA:143,1
DA:146,1
DA:148,1
DA:152,5
DA:154,5
DA:155,1
DA:158,5
DA:160,5
DA:161,5
DA:162,5
DA:165,5
DA:168,5
DA:172,1
DA:176,9
DA:177,1
DA:178,1
DA:181,9
DA:185,7
DA:186,7
DA:188,7
DA:189,6
DA:191,6
DA:192,6
DA:194,6
DA:196,6
DA:201,1
DA:208,32
DA:219,32
DA:223,5
DA:225,5
DA:226,4
DA:227,4
DA:229,4
DA:232,5
DA:236,11
DA:240,6
DA:241,6
DA:242,6
DA:245,6
DA:246,6
DA:251,6
DA:252,0
DA:259,6
DA:263,6
DA:264,6
DA:266,6
DA:267,6
DA:268,6
DA:271,6
DA:274,6
LF:98
LH:97
BRDA:85,0,0,1
BRDA:85,0,1,1
BRDA:105,1,0,1
BRDA:105,1,1,1
BRDA:140,2,0,1
BRDA:140,2,1,0
BRDA:154,3,0,1
BRDA:154,3,1,4
BRDA:161,4,0,5
BRDA:161,4,1,0
BRDA:188,5,0,6
BRDA:188,5,1,1
BRDA:188,6,0,7
BRDA:188,6,1,6
BRDA:226,7,0,4
BRDA:226,7,1,0
BRDA:245,8,0,6
BRDA:245,8,1,0
BRDA:246,9,0,0
BRDA:246,9,1,6
BRDA:251,10,0,0
BRDA:251,10,1,6
BRDA:252,11,0,0
BRDA:252,11,1,0
BRDA:266,12,0,6
BRDA:266,12,1,0
BRF:26
BRH:17
end_of_record
TN:
SF:src\plugin\components\Model\ModelConstants\ModelConstants.ts
FNF:0
FNH:0
LF:0
LH:0
BRF:0
BRH:0
end_of_record
TN:
SF:src\plugin\components\Observer\CustomEvents.ts
FNF:0
FNH:0
LF:0
LH:0
BRF:0
BRH:0
end_of_record
TN:
SF:src\plugin\components\Observer\Observer.ts
FN:4,(anonymous_0)
FN:8,(anonymous_1)
FN:12,(anonymous_2)
FN:13,(anonymous_3)
FN:16,(anonymous_4)
FN:17,(anonymous_5)
FNF:6
FNH:4
FNDA:16,(anonymous_0)
FNDA:12,(anonymous_1)
FNDA:0,(anonymous_2)
FNDA:0,(anonymous_3)
FNDA:33,(anonymous_4)
FNDA:4,(anonymous_5)
DA:5,16
DA:9,12
DA:13,0
DA:17,33
LF:4
LH:3
BRF:0
BRH:0
end_of_record
TN:
SF:src\plugin\components\View\MainView.ts
FN:21,(anonymous_0)
FN:28,(anonymous_1)
FN:35,(anonymous_2)
FN:54,(anonymous_3)
FN:61,(anonymous_4)
FN:62,(anonymous_5)
FN:73,(anonymous_6)
FN:80,(anonymous_7)
FN:81,(anonymous_8)
FN:108,(anonymous_9)
FN:112,(anonymous_10)
FN:116,(anonymous_11)
FN:131,(anonymous_12)
FN:141,(anonymous_13)
FN:152,(anonymous_14)
FN:163,(anonymous_15)
FN:189,(anonymous_16)
FN:198,(anonymous_17)
FN:209,(anonymous_18)
FN:221,(anonymous_19)
FN:222,(anonymous_20)
FN:237,(anonymous_21)
FN:242,(anonymous_22)
FN:247,(anonymous_23)
FN:252,(anonymous_24)
FN:268,(anonymous_25)
FN:285,(anonymous_26)
FN:293,(anonymous_27)
FN:299,(anonymous_28)
FN:311,(anonymous_29)
FN:312,(anonymous_30)
FNF:31
FNH:15
FNDA:2,(anonymous_0)
FNDA:2,(anonymous_1)
FNDA:0,(anonymous_2)
FNDA:0,(anonymous_3)
FNDA:1,(anonymous_4)
FNDA:2,(anonymous_5)
FNDA:1,(anonymous_6)
FNDA:1,(anonymous_7)
FNDA:1,(anonymous_8)
FNDA:1,(anonymous_9)
FNDA:0,(anonymous_10)
FNDA:0,(anonymous_11)
FNDA:0,(anonymous_12)
FNDA:1,(anonymous_13)
FNDA:0,(anonymous_14)
FNDA:0,(anonymous_15)
FNDA:4,(anonymous_16)
FNDA:0,(anonymous_17)
FNDA:0,(anonymous_18)
FNDA:4,(anonymous_19)
FNDA:0,(anonymous_20)
FNDA:0,(anonymous_21)
FNDA:0,(anonymous_22)
FNDA:0,(anonymous_23)
FNDA:0,(anonymous_24)
FNDA:0,(anonymous_25)
FNDA:2,(anonymous_26)
FNDA:4,(anonymous_27)
FNDA:4,(anonymous_28)
FNDA:4,(anonymous_29)
FNDA:0,(anonymous_30)
DA:22,2
DA:23,2
DA:25,2
DA:29,2
DA:30,2
DA:31,2
DA:32,2
DA:36,0
DA:37,0
DA:38,0
DA:39,0
DA:40,0
DA:42,0
DA:51,0
DA:55,0
DA:56,0
DA:58,0
DA:62,1
DA:63,2
DA:64,1
DA:65,1
DA:66,1
DA:69,2
DA:74,1
DA:75,1
DA:77,1
DA:81,1
DA:82,1
DA:83,1
DA:84,1
DA:85,1
DA:91,1
DA:93,1
DA:97,1
DA:98,1
DA:100,1
DA:101,0
DA:104,1
DA:109,1
DA:113,0
DA:114,0
DA:116,0
DA:117,0
DA:124,0
DA:137,0
DA:138,0
DA:147,1
DA:149,1
DA:153,0
DA:159,0
DA:160,0
DA:169,0
DA:171,0
DA:175,0
DA:176,0
DA:184,0
DA:186,0
DA:190,4
DA:191,4
DA:192,4
DA:197,4
DA:198,4
DA:199,0
DA:202,4
DA:203,0
DA:208,0
DA:209,0
DA:210,0
DA:214,4
DA:215,0
DA:218,4
DA:222,4
DA:223,0
DA:225,0
DA:226,0
DA:227,0
DA:229,0
DA:230,0
DA:232,0
DA:238,0
DA:239,0
DA:240,0
DA:242,0
DA:243,0
DA:244,0
DA:247,0
DA:248,0
DA:252,0
DA:253,0
DA:255,0
DA:256,0
DA:257,0
DA:260,0
DA:263,0
DA:266,0
DA:268,0
DA:269,0
DA:270,0
DA:278,0
DA:281,0
DA:286,2
DA:290,2
DA:294,4
DA:296,4
DA:300,4
DA:302,4
DA:304,4
DA:305,0
DA:308,4
DA:312,4
DA:313,0
DA:315,0
DA:321,0
DA:323,0
DA:329,0
DA:331,0
LF:116
LH:48
BRDA:36,0,0,0
BRDA:36,0,1,0
BRDA:63,1,0,1
BRDA:63,1,1,1
BRDA:64,2,0,1
BRDA:64,2,1,0
BRDA:93,3,0,1
BRDA:93,3,1,0
BRDA:100,4,0,0
BRDA:100,4,1,1
BRDA:171,5,0,0
BRDA:171,5,1,0
BRDA:202,6,0,0
BRDA:202,6,1,4
BRDA:214,7,0,0
BRDA:214,7,1,4
BRDA:223,8,0,0
BRDA:223,8,1,0
BRDA:223,8,2,0
BRDA:255,9,0,0
BRDA:255,9,1,0
BRDA:269,10,0,0
BRDA:269,10,1,0
BRDA:304,11,0,0
BRDA:304,11,1,4
BRDA:313,12,0,0
BRDA:313,12,1,0
BRDA:313,12,2,0
BRF:28
BRH:8
end_of_record
TN:
SF:src\plugin\components\View\HandlerView\HandlerView.ts
FN:14,(anonymous_0)
FN:24,(anonymous_1)
FN:29,(anonymous_2)
FN:33,(anonymous_3)
FN:37,(anonymous_4)
FN:43,(anonymous_5)
FN:47,(anonymous_6)
FN:57,(anonymous_7)
FN:61,(anonymous_8)
FN:70,(anonymous_9)
FN:75,(anonymous_10)
FNF:11
FNH:7
FNDA:5,(anonymous_0)
FNDA:2,(anonymous_1)
FNDA:0,(anonymous_2)
FNDA:1,(anonymous_3)
FNDA:1,(anonymous_4)
FNDA:1,(anonymous_5)
FNDA:5,(anonymous_6)
FNDA:5,(anonymous_7)
FNDA:0,(anonymous_8)
FNDA:0,(anonymous_9)
FNDA:0,(anonymous_10)
DA:15,5
DA:16,5
DA:17,5
DA:18,5
DA:20,5
DA:21,5
DA:25,2
DA:26,2
DA:30,0
DA:34,1
DA:38,1
DA:44,1
DA:48,5
DA:54,5
DA:58,5
DA:62,0
DA:65,0
DA:66,0
DA:67,0
DA:71,0
DA:72,0
DA:76,0
LF:22
LH:14
BRDA:25,0,0,1
BRDA:25,0,1,1
BRDA:38,1,0,1
BRDA:38,1,1,0
BRDA:49,2,0,4
BRDA:49,2,1,1
BRDA:62,3,0,0
BRDA:62,3,1,0
BRF:8
BRH:5
end_of_record
TN:
SF:src\plugin\components\View\SliderBodyView\SliderBodyView.ts
FN:13,(anonymous_0)
FN:23,(anonymous_1)
FN:28,(anonymous_2)
FN:32,(anonymous_3)
FN:38,(anonymous_4)
FN:57,(anonymous_5)
FN:57,(anonymous_6)
FN:70,(anonymous_7)
FN:71,(anonymous_8)
FN:76,(anonymous_9)
FN:84,(anonymous_10)
FN:88,(anonymous_11)
FN:98,(anonymous_12)
FN:102,(anonymous_13)
FN:113,(anonymous_14)
FNF:15
FNH:11
FNDA:5,(anonymous_0)
FNDA:3,(anonymous_1)
FNDA:2,(anonymous_2)
FNDA:2,(anonymous_3)
FNDA:1,(anonymous_4)
FNDA:12,(anonymous_5)
FNDA:11,(anonymous_6)
FNDA:2,(anonymous_7)
FNDA:11,(anonymous_8)
FNDA:0,(anonymous_9)
FNDA:0,(anonymous_10)
FNDA:5,(anonymous_11)
FNDA:0,(anonymous_12)
FNDA:0,(anonymous_13)
FNDA:5,(anonymous_14)
DA:14,5
DA:15,5
DA:16,5
DA:17,5
DA:19,5
DA:20,5
DA:24,3
DA:25,3
DA:29,2
DA:33,2
DA:39,1
DA:41,1
DA:42,1
DA:43,1
DA:44,1
DA:46,1
DA:47,11
DA:49,11
DA:53,11
DA:56,1
DA:57,12
DA:58,11
DA:60,11
DA:71,2
DA:72,11
DA:77,0
DA:78,0
DA:80,0
DA:85,0
DA:89,5
DA:95,5
DA:99,0
DA:103,0
DA:104,0
DA:108,0
DA:109,0
DA:114,5
DA:115,5
LF:38
LH:29
BRDA:33,0,0,1
BRDA:33,0,1,1
BRDA:41,1,0,0
BRDA:41,1,1,1
BRDA:49,2,0,0
BRDA:49,2,1,11
BRDA:77,3,0,0
BRDA:77,3,1,0
BRDA:90,4,0,4
BRDA:90,4,1,1
BRDA:104,5,0,0
BRDA:104,5,1,0
BRDA:108,6,0,0
BRDA:108,6,1,0
BRF:14
BRH:6
end_of_record
TN:
SF:src\plugin\components\View\TooltipView\TooltipView.ts
FN:6,(anonymous_0)
FN:12,(anonymous_1)
FN:16,(anonymous_2)
FN:25,(anonymous_3)
FNF:4
FNH:4
FNDA:6,(anonymous_0)
FNDA:1,(anonymous_1)
FNDA:3,(anonymous_2)
FNDA:1,(anonymous_3)
DA:7,6
DA:8,6
DA:9,6
DA:13,1
DA:17,3
DA:22,3
DA:26,1
LF:7
LH:7
BRDA:18,0,0,3
BRDA:18,0,1,0
BRF:2
BRH:1
end_of_record
