TN:
SF:src\plugin\components\Controller\Controller.ts
FN:14,(anonymous_0)
FN:19,(anonymous_1)
FN:20,(anonymous_2)
FN:31,(anonymous_3)
FN:35,(anonymous_4)
FN:39,(anonymous_5)
FN:43,(anonymous_6)
FN:47,(anonymous_7)
FN:51,(anonymous_8)
FN:55,(anonymous_9)
FN:59,(anonymous_10)
FN:63,(anonymous_11)
FN:64,(anonymous_12)
FN:77,(anonymous_13)
FN:78,(anonymous_14)
FNF:15
FNH:14
FNDA:1,(anonymous_0)
FNDA:1,(anonymous_1)
FNDA:27,(anonymous_2)
FNDA:2,(anonymous_3)
FNDA:2,(anonymous_4)
FNDA:2,(anonymous_5)
FNDA:2,(anonymous_6)
FNDA:3,(anonymous_7)
FNDA:2,(anonymous_8)
FNDA:1,(anonymous_9)
FNDA:1,(anonymous_10)
FNDA:1,(anonymous_11)
FNDA:0,(anonymous_12)
FNDA:1,(anonymous_13)
FNDA:27,(anonymous_14)
DA:15,1
DA:16,1
DA:20,1
DA:21,27
DA:23,9
DA:24,9
DA:26,18
DA:32,2
DA:36,2
DA:40,2
DA:44,2
DA:48,3
DA:52,2
DA:56,1
DA:60,1
DA:64,1
DA:65,0
DA:69,0
DA:70,0
DA:72,0
DA:78,1
DA:79,27
DA:82,16
DA:83,16
DA:84,16
DA:90,7
DA:91,7
DA:92,7
DA:94,2
DA:95,2
DA:97,2
DA:98,2
DA:100,0
LF:33
LH:28
BRDA:21,0,0,9
BRDA:21,0,1,18
BRDA:65,1,0,0
BRDA:65,1,1,0
BRDA:65,1,2,0
BRDA:65,1,3,0
BRDA:79,2,0,9
BRDA:79,2,1,16
BRDA:79,2,2,1
BRDA:79,2,3,2
BRDA:79,2,4,3
BRDA:79,2,5,5
BRDA:79,2,6,7
BRDA:79,2,7,2
BRDA:79,2,8,2
BRDA:79,2,9,0
BRF:16
BRH:11
end_of_record
TN:
SF:src\plugin\components\Model\Model.ts
FN:33,(anonymous_0)
FN:38,(anonymous_1)
FN:48,(anonymous_2)
FN:58,(anonymous_3)
FN:64,(anonymous_4)
FN:70,(anonymous_5)
FN:87,(anonymous_6)
FN:91,(anonymous_7)
FN:110,(anonymous_8)
FN:111,(anonymous_9)
FN:125,(anonymous_10)
FN:143,(anonymous_11)
FN:158,(anonymous_12)
FN:169,(anonymous_13)
FN:181,(anonymous_14)
FN:189,(anonymous_15)
FN:202,(anonymous_16)
FN:233,(anonymous_17)
FN:236,(anonymous_18)
FNF:19
FNH:19
FNDA:15,(anonymous_0)
FNDA:18,(anonymous_1)
FNDA:19,(anonymous_2)
FNDA:3,(anonymous_3)
FNDA:3,(anonymous_4)
FNDA:233,(anonymous_5)
FNDA:1,(anonymous_6)
FNDA:76,(anonymous_7)
FNDA:7,(anonymous_8)
FNDA:7,(anonymous_9)
FNDA:10,(anonymous_10)
FNDA:20,(anonymous_11)
FNDA:18,(anonymous_12)
FNDA:18,(anonymous_13)
FNDA:15,(anonymous_14)
FNDA:15,(anonymous_15)
FNDA:2,(anonymous_16)
FNDA:10,(anonymous_17)
FNDA:635,(anonymous_18)
DA:34,15
DA:35,15
DA:39,18
DA:40,18
DA:42,18
DA:44,0
DA:49,19
DA:50,18
DA:52,18
DA:54,1
DA:59,3
DA:61,3
DA:65,3
DA:67,3
DA:71,233
DA:84,233
DA:88,1
DA:92,76
DA:93,76
DA:95,76
DA:96,6524
DA:97,6524
DA:100,76
DA:101,76
DA:102,76
DA:105,76
DA:107,76
DA:111,7
DA:112,7
DA:115,7
DA:122,7
DA:126,10
DA:127,10
DA:129,10
DA:131,10
DA:132,10
DA:144,20
DA:145,20
DA:147,20
DA:148,18
DA:150,18
DA:152,18
DA:154,2
DA:159,18
DA:160,17
DA:161,17
DA:163,17
DA:165,1
DA:170,18
DA:171,18
DA:173,18
DA:175,18
DA:177,0
DA:182,15
DA:183,15
DA:184,15
DA:185,15
DA:186,15
DA:190,15
DA:191,15
DA:192,15
DA:193,15
DA:194,15
DA:195,15
DA:196,15
DA:197,15
DA:198,15
DA:199,15
DA:206,2
DA:208,2
DA:210,2
DA:211,0
DA:212,0
DA:217,2
DA:218,0
DA:220,0
DA:223,0
DA:226,2
DA:227,0
DA:230,2
DA:234,10
DA:236,10
DA:237,635
DA:238,635
DA:240,635
DA:241,635
DA:244,10
LF:87
LH:79
BRDA:39,0,0,18
BRDA:39,0,1,0
BRDA:39,1,0,18
BRDA:39,1,1,2
BRDA:49,2,0,18
BRDA:49,2,1,1
BRDA:49,3,0,19
BRDA:49,3,1,4
BRDA:76,4,0,233
BRDA:76,4,1,138
BRDA:77,5,0,233
BRDA:77,5,1,233
BRDA:100,6,0,76
BRDA:100,6,1,0
BRDA:129,7,0,2
BRDA:129,7,1,8
BRDA:131,8,0,10
BRDA:131,8,1,0
BRDA:147,9,0,18
BRDA:147,9,1,2
BRDA:147,10,0,20
BRDA:147,10,1,18
BRDA:159,11,0,17
BRDA:159,11,1,1
BRDA:170,12,0,18
BRDA:170,12,1,0
BRDA:210,13,0,0
BRDA:210,13,1,2
BRDA:210,14,0,2
BRDA:210,14,1,2
BRDA:212,15,0,0
BRDA:212,15,1,0
BRDA:217,16,0,0
BRDA:217,16,1,2
BRDA:217,17,0,2
BRDA:217,17,1,0
BRDA:220,18,0,0
BRDA:220,18,1,0
BRDA:226,19,0,0
BRDA:226,19,1,2
BRDA:240,20,0,435
BRDA:240,20,1,200
BRF:42
BRH:30
end_of_record
TN:
SF:src\plugin\components\Observer\Observer.ts
FN:4,(anonymous_0)
FN:8,(anonymous_1)
FN:12,(anonymous_2)
FN:13,(anonymous_3)
FNF:4
FNH:4
FNDA:101,(anonymous_0)
FNDA:77,(anonymous_1)
FNDA:120,(anonymous_2)
FNDA:61,(anonymous_3)
DA:5,101
DA:9,77
DA:13,120
LF:3
LH:3
BRF:0
BRH:0
end_of_record
TN:
SF:src\plugin\components\View\MainView.ts
FN:29,(anonymous_0)
FN:36,(anonymous_1)
FN:41,(anonymous_2)
FN:54,(anonymous_3)
FN:55,(anonymous_4)
FN:64,(anonymous_5)
FN:66,(anonymous_6)
FN:67,(anonymous_7)
FN:68,(anonymous_8)
FN:92,(anonymous_9)
FN:96,(anonymous_10)
FN:114,(anonymous_11)
FN:122,(anonymous_12)
FN:136,(anonymous_13)
FN:141,(anonymous_14)
FN:148,(anonymous_15)
FN:149,(anonymous_16)
FN:168,(anonymous_17)
FN:170,(anonymous_18)
FN:172,(anonymous_19)
FN:186,(anonymous_20)
FN:194,(anonymous_21)
FN:200,(anonymous_22)
FN:212,(anonymous_23)
FN:213,(anonymous_24)
FNF:25
FNH:20
FNDA:14,(anonymous_0)
FNDA:8,(anonymous_1)
FNDA:5,(anonymous_2)
FNDA:4,(anonymous_3)
FNDA:8,(anonymous_4)
FNDA:23,(anonymous_5)
FNDA:46,(anonymous_6)
FNDA:25,(anonymous_7)
FNDA:27,(anonymous_8)
FNDA:23,(anonymous_9)
FNDA:1,(anonymous_10)
FNDA:22,(anonymous_11)
FNDA:22,(anonymous_12)
FNDA:0,(anonymous_13)
FNDA:0,(anonymous_14)
FNDA:22,(anonymous_15)
FNDA:2,(anonymous_16)
FNDA:0,(anonymous_17)
FNDA:0,(anonymous_18)
FNDA:0,(anonymous_19)
FNDA:14,(anonymous_20)
FNDA:22,(anonymous_21)
FNDA:23,(anonymous_22)
FNDA:23,(anonymous_23)
FNDA:2,(anonymous_24)
DA:30,14
DA:31,14
DA:33,14
DA:37,8
DA:38,8
DA:42,5
DA:43,5
DA:51,5
DA:55,4
DA:56,8
DA:57,4
DA:58,4
DA:59,4
DA:65,23
DA:66,46
DA:68,27
DA:70,25
DA:71,23
DA:73,23
DA:81,23
DA:83,23
DA:84,0
DA:89,23
DA:93,23
DA:100,1
DA:102,1
DA:109,1
DA:111,1
DA:115,22
DA:116,22
DA:117,22
DA:122,22
DA:124,22
DA:126,22
DA:127,1
DA:132,1
DA:133,21
DA:135,22
DA:136,0
DA:137,0
DA:141,22
DA:142,0
DA:145,22
DA:149,22
DA:150,2
DA:152,2
DA:153,2
DA:157,2
DA:160,0
DA:161,0
DA:163,0
DA:169,0
DA:170,0
DA:172,0
DA:173,0
DA:174,0
DA:181,0
DA:187,14
DA:191,14
DA:195,22
DA:197,22
DA:201,23
DA:203,23
DA:205,23
DA:206,1
DA:209,23
DA:213,23
DA:214,2
DA:217,1
DA:221,1
DA:223,1
LF:71
LH:58
BRDA:56,0,0,4
BRDA:56,0,1,4
BRDA:70,1,0,23
BRDA:70,1,1,2
BRDA:83,2,0,0
BRDA:83,2,1,23
BRDA:126,3,0,1
BRDA:126,3,1,21
BRDA:135,4,0,0
BRDA:135,4,1,22
BRDA:150,5,0,2
BRDA:150,5,1,0
BRDA:150,5,2,0
BRDA:150,5,3,0
BRDA:173,6,0,0
BRDA:173,6,1,0
BRDA:205,7,0,1
BRDA:205,7,1,22
BRDA:214,8,0,1
BRDA:214,8,1,1
BRDA:214,8,2,1
BRF:21
BRH:14
end_of_record
TN:
SF:src\plugin\components\View\BreakpointsView\BreakpointsView.ts
FN:12,(anonymous_0)
FN:19,(anonymous_1)
FN:40,(anonymous_2)
FN:40,(anonymous_3)
FN:53,(anonymous_4)
FN:61,(anonymous_5)
FN:62,(anonymous_6)
FN:67,(anonymous_7)
FN:78,(anonymous_8)
FN:88,(anonymous_9)
FNF:10
FNH:9
FNDA:24,(anonymous_0)
FNDA:2,(anonymous_1)
FNDA:26,(anonymous_2)
FNDA:25,(anonymous_3)
FNDA:11,(anonymous_4)
FNDA:6,(anonymous_5)
FNDA:25,(anonymous_6)
FNDA:2,(anonymous_7)
FNDA:114,(anonymous_8)
FNDA:0,(anonymous_9)
DA:13,24
DA:14,24
DA:16,24
DA:20,2
DA:22,2
DA:24,2
DA:25,2
DA:26,2
DA:27,2
DA:29,2
DA:30,24
DA:32,24
DA:36,24
DA:39,2
DA:40,26
DA:41,25
DA:43,25
DA:52,2
DA:53,1
DA:54,11
DA:55,11
DA:56,11
DA:62,6
DA:63,25
DA:74,2
DA:75,2
DA:76,2
DA:78,2
DA:79,114
DA:81,114
DA:89,0
DA:91,0
DA:93,0
LF:33
LH:30
BRDA:24,0,0,1
BRDA:24,0,1,1
BRDA:32,1,0,0
BRDA:32,1,1,24
BRDA:52,2,0,1
BRDA:52,2,1,1
BRDA:75,3,0,2
BRDA:75,3,1,0
BRF:8
BRH:6
end_of_record
TN:
SF:src\plugin\components\View\HandlerView\HandlerView.ts
FN:19,(anonymous_0)
FN:29,(anonymous_1)
FN:36,(anonymous_2)
FN:40,(anonymous_3)
FN:44,(anonymous_4)
FN:50,(anonymous_5)
FN:54,(anonymous_6)
FN:64,(anonymous_7)
FN:74,(anonymous_8)
FN:78,(anonymous_9)
FN:89,(anonymous_10)
FN:106,(anonymous_11)
FNF:12
FNH:12
FNDA:24,(anonymous_0)
FNDA:29,(anonymous_1)
FNDA:12,(anonymous_2)
FNDA:5,(anonymous_3)
FNDA:6,(anonymous_4)
FNDA:39,(anonymous_5)
FNDA:29,(anonymous_6)
FNDA:24,(anonymous_7)
FNDA:24,(anonymous_8)
FNDA:1,(anonymous_9)
FNDA:1,(anonymous_10)
FNDA:1,(anonymous_11)
DA:20,24
DA:21,24
DA:22,24
DA:23,24
DA:25,24
DA:26,24
DA:30,29
DA:31,29
DA:33,29
DA:37,12
DA:41,5
DA:45,6
DA:51,39
DA:60,29
DA:61,29
DA:65,24
DA:71,24
DA:75,24
DA:79,1
DA:80,1
DA:84,1
DA:85,1
DA:86,1
DA:90,1
DA:92,1
DA:93,0
DA:96,1
DA:97,1
DA:98,1
DA:99,1
DA:100,1
DA:101,1
DA:103,1
DA:107,1
LF:34
LH:33
BRDA:31,0,0,26
BRDA:31,0,1,3
BRDA:41,1,0,0
BRDA:41,1,1,5
BRDA:45,2,0,4
BRDA:45,2,1,2
BRDA:66,3,0,22
BRDA:66,3,1,2
BRDA:80,4,0,1
BRDA:80,4,1,0
BRDA:81,5,0,1
BRDA:81,5,1,0
BRDA:82,6,0,0
BRDA:82,6,1,0
BRDA:90,7,0,1
BRDA:90,7,1,0
BRDA:92,8,0,0
BRDA:92,8,1,1
BRDA:92,9,0,1
BRDA:92,9,1,1
BRDA:93,10,0,0
BRDA:93,10,1,0
BRDA:96,11,0,1
BRDA:96,11,1,0
BRF:24
BRH:14
end_of_record
TN:
SF:src\plugin\components\View\RangeView\RangeView.ts
FN:18,(anonymous_0)
FN:28,(anonymous_1)
FN:42,(anonymous_2)
FN:72,(anonymous_3)
FNF:4
FNH:4
FNDA:2,(anonymous_0)
FNDA:3,(anonymous_1)
FNDA:2,(anonymous_2)
FNDA:2,(anonymous_3)
DA:19,2
DA:20,2
DA:21,2
DA:22,2
DA:23,2
DA:25,2
DA:29,3
DA:30,3
DA:34,3
DA:39,3
DA:43,2
DA:45,2
DA:46,2
DA:48,2
DA:51,2
DA:55,2
DA:69,2
DA:73,2
LF:18
LH:18
BRDA:30,0,0,0
BRDA:30,0,1,3
BRDA:35,1,0,0
BRDA:35,1,1,3
BRDA:35,2,0,0
BRDA:35,2,1,3
BRDA:36,3,0,0
BRDA:36,3,1,3
BRDA:36,4,0,0
BRDA:36,4,1,3
BRDA:46,5,0,0
BRDA:46,5,1,2
BRDA:48,6,0,2
BRDA:48,6,1,0
BRDA:51,7,0,2
BRDA:51,7,1,0
BRDA:56,8,0,0
BRDA:56,8,1,2
BRDA:62,9,0,0
BRDA:62,9,1,2
BRDA:63,10,0,0
BRDA:63,10,1,2
BRDA:65,11,0,0
BRDA:65,11,1,2
BRDA:66,12,0,0
BRDA:66,12,1,2
BRF:26
BRH:13
end_of_record
TN:
SF:src\plugin\components\View\SliderBodyView\SliderBodyView.ts
FN:22,(anonymous_0)
FN:34,(anonymous_1)
FN:40,(anonymous_2)
FN:53,(anonymous_3)
FN:57,(anonymous_4)
FN:63,(anonymous_5)
FN:68,(anonymous_6)
FN:82,(anonymous_7)
FN:90,(anonymous_8)
FN:91,(anonymous_9)
FN:102,(anonymous_10)
FN:121,(anonymous_11)
FN:125,(anonymous_12)
FN:134,(anonymous_13)
FN:143,(anonymous_14)
FN:157,(anonymous_15)
FNF:16
FNH:15
FNDA:24,(anonymous_0)
FNDA:40,(anonymous_1)
FNDA:2,(anonymous_2)
FNDA:8,(anonymous_3)
FNDA:31,(anonymous_4)
FNDA:8,(anonymous_5)
FNDA:31,(anonymous_6)
FNDA:6,(anonymous_7)
FNDA:24,(anonymous_8)
FNDA:0,(anonymous_9)
FNDA:24,(anonymous_10)
FNDA:4,(anonymous_11)
FNDA:4,(anonymous_12)
FNDA:3,(anonymous_13)
FNDA:3,(anonymous_14)
FNDA:24,(anonymous_15)
DA:23,24
DA:24,24
DA:25,24
DA:26,24
DA:28,24
DA:30,24
DA:31,24
DA:35,40
DA:36,1
DA:41,2
DA:50,2
DA:54,8
DA:58,31
DA:64,8
DA:68,8
DA:69,31
DA:71,31
DA:72,12
DA:73,12
DA:76,31
DA:79,8
DA:83,6
DA:84,2
DA:86,4
DA:91,24
DA:92,0
DA:94,0
DA:95,0
DA:97,0
DA:103,24
DA:109,24
DA:118,24
DA:122,4
DA:126,4
DA:135,3
DA:136,3
DA:137,3
DA:138,3
DA:140,3
DA:144,3
DA:148,3
DA:149,3
DA:150,3
DA:152,3
DA:154,3
DA:158,24
DA:159,24
LF:47
LH:43
BRDA:35,0,0,1
BRDA:35,0,1,39
BRDA:58,1,0,23
BRDA:58,1,1,8
BRDA:71,2,0,12
BRDA:71,2,1,19
BRDA:83,3,0,2
BRDA:83,3,1,4
BRDA:92,4,0,0
BRDA:92,4,1,0
BRDA:104,5,0,21
BRDA:104,5,1,3
BRDA:128,6,0,0
BRDA:128,6,1,4
BRDA:144,7,0,0
BRDA:144,7,1,3
BRF:16
BRH:12
end_of_record
TN:
SF:src\plugin\components\View\TooltipView\TooltipView.ts
FN:4,(anonymous_0)
FN:12,(anonymous_1)
FN:25,(anonymous_2)
FN:35,(anonymous_3)
FNF:4
FNH:4
FNDA:14,(anonymous_0)
FNDA:19,(anonymous_1)
FNDA:7,(anonymous_2)
FNDA:5,(anonymous_3)
DA:9,14
DA:13,19
DA:15,19
DA:16,19
DA:17,0
DA:18,0
DA:20,19
DA:26,7
DA:32,7
DA:36,5
LF:10
LH:8
BRDA:15,0,0,19
BRDA:15,0,1,0
BRDA:16,1,0,0
BRDA:16,1,1,19
BRDA:27,2,0,7
BRDA:27,2,1,0
BRF:6
BRH:3
end_of_record
TN:
SF:src\plugin\components\types\types.ts
FNF:0
FNH:0
LF:0
LH:0
BRF:0
BRH:0
end_of_record
